{"session":"6efdf8b7d980","build":"183.6156.11.34.5522156","bucket":"-1","time":1562594629621,"group":{"id":"system.os.name","version":"9"},"event":{"data":{"created":1562594629622},"id":"Mac.OS.X"}}
{"session":"6efdf8b7d980","build":"183.6156.11.34.5522156","bucket":"-1","time":1562594629621,"group":{"id":"system.os.version","version":"9"},"event":{"data":{"created":1562594629632},"id":"10.14.4"}}
{"session":"6efdf8b7d980","build":"183.6156.11.34.5522156","bucket":"-1","time":1562594629622,"group":{"id":"system.jvm.vendor","version":"9"},"event":{"data":{"created":1562594629643},"id":"Oracle_Corporation"}}
{"session":"6efdf8b7d980","build":"183.6156.11.34.5522156","bucket":"-1","time":1562594629622,"group":{"id":"system.jvm.version","version":"9"},"event":{"data":{"created":1562594629645},"id":"1.8"}}
{"session":"6efdf8b7d980","build":"183.6156.11.34.5522156","bucket":"-1","time":1562594629638,"group":{"id":"settings","version":"9"},"event":{"data":{"created":1562594629645,"name":"activeMruEditorOnClose","value":false},"id":"UISettings"}}
{"session":"6efdf8b7d980","build":"183.6156.11.34.5522156","bucket":"-1","time":1562594629638,"group":{"id":"settings","version":"9"},"event":{"data":{"created":1562594629646,"name":"activeRightEditorOnClose","value":false},"id":"UISettings"}}
{"session":"6efdf8b7d980","build":"183.6156.11.34.5522156","bucket":"-1","time":1562594629638,"group":{"id":"settings","version":"9"},"event":{"data":{"created":1562594629647,"name":"allowMergeButtons","value":true},"id":"UISettings"}}
{"session":"6efdf8b7d980","build":"183.6156.11.34.5522156","bucket":"-1","time":1562594629638,"group":{"id":"settings","version":"9"},"event":{"data":{"created":1562594629648,"name":"alwaysShowWindowsButton","value":false},"id":"UISettings"}}
{"session":"6efdf8b7d980","build":"183.6156.11.34.5522156","bucket":"-1","time":1562594629638,"group":{"id":"settings","version":"9"},"event":{"data":{"created":1562594629649,"name":"animateWindows","value":true},"id":"UISettings"}}
{"session":"6efdf8b7d980","build":"183.6156.11.34.5522156","bucket":"-1","time":1562594629638,"group":{"id":"settings","version":"9"},"event":{"data":{"created":1562594629650,"name":"closeNonModifiedFilesFirst","value":false},"id":"UISettings"}}
{"session":"6efdf8b7d980","build":"183.6156.11.34.5522156","bucket":"-1","time":1562594629638,"group":{"id":"settings","version":"9"},"event":{"data":{"created":1562594629651,"name":"closeTabButtonOnTheRight","value":true},"id":"UISettings"}}
{"session":"6efdf8b7d980","build":"183.6156.11.34.5522156","bucket":"-1","time":1562594629638,"group":{"id":"settings","version":"9"},"event":{"data":{"created":1562594629652,"name":"cycleScrolling","value":true},"id":"UISettings"}}
{"session":"6efdf8b7d980","build":"183.6156.11.34.5522156","bucket":"-1","time":1562594629638,"group":{"id":"settings","version":"9"},"event":{"data":{"created":1562594629653,"name":"defaultAutoScrollToSource","value":false},"id":"UISettings"}}
{"session":"6efdf8b7d980","build":"183.6156.11.34.5522156","bucket":"-1","time":1562594629638,"group":{"id":"settings","version":"9"},"event":{"data":{"created":1562594629654,"name":"disableMnemonics","value":true},"id":"UISettings"}}
{"session":"6efdf8b7d980","build":"183.6156.11.34.5522156","bucket":"-1","time":1562594629638,"group":{"id":"settings","version":"9"},"event":{"data":{"created":1562594629655,"name":"disableMnemonicsInControls","value":false},"id":"UISettings"}}
{"session":"6efdf8b7d980","build":"183.6156.11.34.5522156","bucket":"-1","time":1562594629638,"group":{"id":"settings","version":"9"},"event":{"data":{"created":1562594629656,"name":"dndWithPressedAltOnly","value":false},"id":"UISettings"}}
{"session":"6efdf8b7d980","build":"183.6156.11.34.5522156","bucket":"-1","time":1562594629638,"group":{"id":"settings","version":"9"},"event":{"data":{"created":1562594629656,"name":"enableAlphaMode","value":false},"id":"UISettings"}}
{"session":"6efdf8b7d980","build":"183.6156.11.34.5522156","bucket":"-1","time":1562594629639,"group":{"id":"settings","version":"9"},"event":{"data":{"created":1562594629657,"name":"hideKnownExtensionInTabs","value":false},"id":"UISettings"}}
{"session":"6efdf8b7d980","build":"183.6156.11.34.5522156","bucket":"-1","time":1562594629639,"group":{"id":"settings","version":"9"},"event":{"data":{"created":1562594629658,"name":"hideNavigationOnFocusLoss","value":true},"id":"UISettings"}}
{"session":"6efdf8b7d980","build":"183.6156.11.34.5522156","bucket":"-1","time":1562594629639,"group":{"id":"settings","version":"9"},"event":{"data":{"created":1562594629659,"name":"hideTabsIfNeed","value":true},"id":"UISettings"}}
{"session":"6efdf8b7d980","build":"183.6156.11.34.5522156","bucket":"-1","time":1562594629639,"group":{"id":"settings","version":"9"},"event":{"data":{"created":1562594629660,"name":"hideToolStripes","value":false},"id":"UISettings"}}
{"session":"6efdf8b7d980","build":"183.6156.11.34.5522156","bucket":"-1","time":1562594629639,"group":{"id":"settings","version":"9"},"event":{"data":{"created":1562594629661,"name":"languageFlags","value":false},"id":"UISettings"}}
{"session":"6efdf8b7d980","build":"183.6156.11.34.5522156","bucket":"-1","time":1562594629639,"group":{"id":"settings","version":"9"},"event":{"data":{"created":1562594629662,"name":"leftHorizontalSplit","value":false},"id":"UISettings"}}
{"session":"6efdf8b7d980","build":"183.6156.11.34.5522156","bucket":"-1","time":1562594629639,"group":{"id":"settings","version":"9"},"event":{"data":{"created":1562594629663,"name":"markModifiedTabsWithAsterisk","value":false},"id":"UISettings"}}
{"session":"6efdf8b7d980","build":"183.6156.11.34.5522156","bucket":"-1","time":1562594629639,"group":{"id":"settings","version":"9"},"event":{"data":{"created":1562594629664,"name":"mergeEqualStackTraces","value":true},"id":"UISettings"}}
{"session":"6efdf8b7d980","build":"183.6156.11.34.5522156","bucket":"-1","time":1562594629639,"group":{"id":"settings","version":"9"},"event":{"data":{"created":1562594629664,"name":"moveMouseOnDefaultButton","value":false},"id":"UISettings"}}
{"session":"6efdf8b7d980","build":"183.6156.11.34.5522156","bucket":"-1","time":1562594629639,"group":{"id":"settings","version":"9"},"event":{"data":{"created":1562594629665,"name":"navigateToPreview","value":false},"id":"UISettings"}}
{"session":"6efdf8b7d980","build":"183.6156.11.34.5522156","bucket":"-1","time":1562594629639,"group":{"id":"settings","version":"9"},"event":{"data":{"created":1562594629666,"name":"overrideConsoleCycleBufferSize","value":false},"id":"UISettings"}}
{"session":"6efdf8b7d980","build":"183.6156.11.34.5522156","bucket":"-1","time":1562594629639,"group":{"id":"settings","version":"9"},"event":{"data":{"created":1562594629667,"name":"overrideLafFonts","value":false},"id":"UISettings"}}
{"session":"6efdf8b7d980","build":"183.6156.11.34.5522156","bucket":"-1","time":1562594629639,"group":{"id":"settings","version":"9"},"event":{"data":{"created":1562594629668,"name":"pinFindInPath","value":false},"id":"UISettings"}}
{"session":"6efdf8b7d980","build":"183.6156.11.34.5522156","bucket":"-1","time":1562594629639,"group":{"id":"settings","version":"9"},"event":{"data":{"created":1562594629668,"name":"presentationMode","value":false},"id":"UISettings"}}
{"session":"6efdf8b7d980","build":"183.6156.11.34.5522156","bucket":"-1","time":1562594629639,"group":{"id":"settings","version":"9"},"event":{"data":{"created":1562594629669,"name":"reuseNotModifiedTabs","value":false},"id":"UISettings"}}
{"session":"6efdf8b7d980","build":"183.6156.11.34.5522156","bucket":"-1","time":1562594629639,"group":{"id":"settings","version":"9"},"event":{"data":{"created":1562594629670,"name":"rightHorizontalSplit","value":false},"id":"UISettings"}}
{"session":"6efdf8b7d980","build":"183.6156.11.34.5522156","bucket":"-1","time":1562594629639,"group":{"id":"settings","version":"9"},"event":{"data":{"created":1562594629671,"name":"scrollTabLayoutInEditor","value":true},"id":"UISettings"}}
{"session":"6efdf8b7d980","build":"183.6156.11.34.5522156","bucket":"-1","time":1562594629639,"group":{"id":"settings","version":"9"},"event":{"data":{"created":1562594629672,"name":"showCloseButton","value":true},"id":"UISettings"}}
{"session":"6efdf8b7d980","build":"183.6156.11.34.5522156","bucket":"-1","time":1562594629639,"group":{"id":"settings","version":"9"},"event":{"data":{"created":1562594629672,"name":"showDirectoryForNonUniqueFilenames","value":true},"id":"UISettings"}}
{"session":"6efdf8b7d980","build":"183.6156.11.34.5522156","bucket":"-1","time":1562594629639,"group":{"id":"settings","version":"9"},"event":{"data":{"created":1562594629673,"name":"showEditorToolTip","value":true},"id":"UISettings"}}
{"session":"6efdf8b7d980","build":"183.6156.11.34.5522156","bucket":"-1","time":1562594629639,"group":{"id":"settings","version":"9"},"event":{"data":{"created":1562594629674,"name":"showIconInQuickNavigation","value":true},"id":"UISettings"}}
{"session":"6efdf8b7d980","build":"183.6156.11.34.5522156","bucket":"-1","time":1562594629639,"group":{"id":"settings","version":"9"},"event":{"data":{"created":1562594629674,"name":"showIconsInMenus","value":true},"id":"UISettings"}}
{"session":"6efdf8b7d980","build":"183.6156.11.34.5522156","bucket":"-1","time":1562594629639,"group":{"id":"settings","version":"9"},"event":{"data":{"created":1562594629675,"name":"showMainToolbar","value":false},"id":"UISettings"}}
{"session":"6efdf8b7d980","build":"183.6156.11.34.5522156","bucket":"-1","time":1562594629639,"group":{"id":"settings","version":"9"},"event":{"data":{"created":1562594629675,"name":"showMemoryIndicator","value":false},"id":"UISettings"}}
{"session":"6efdf8b7d980","build":"183.6156.11.34.5522156","bucket":"-1","time":1562594629639,"group":{"id":"settings","version":"9"},"event":{"data":{"created":1562594629676,"name":"showNavigationBar","value":true},"id":"UISettings"}}
{"session":"6efdf8b7d980","build":"183.6156.11.34.5522156","bucket":"-1","time":1562594629639,"group":{"id":"settings","version":"9"},"event":{"data":{"created":1562594629677,"name":"showStatusBar","value":true},"id":"UISettings"}}
{"session":"6efdf8b7d980","build":"183.6156.11.34.5522156","bucket":"-1","time":1562594629639,"group":{"id":"settings","version":"9"},"event":{"data":{"created":1562594629677,"name":"showTabsTooltips","value":true},"id":"UISettings"}}
{"session":"6efdf8b7d980","build":"183.6156.11.34.5522156","bucket":"-1","time":1562594629639,"group":{"id":"settings","version":"9"},"event":{"data":{"created":1562594629678,"name":"showToolWindowsNumbers","value":true},"id":"UISettings"}}
{"session":"6efdf8b7d980","build":"183.6156.11.34.5522156","bucket":"-1","time":1562594629639,"group":{"id":"settings","version":"9"},"event":{"data":{"created":1562594629679,"name":"smoothScrolling","value":false},"id":"UISettings"}}
{"session":"6efdf8b7d980","build":"183.6156.11.34.5522156","bucket":"-1","time":1562594629639,"group":{"id":"settings","version":"9"},"event":{"data":{"created":1562594629679,"name":"sortBookmarks","value":false},"id":"UISettings"}}
{"session":"6efdf8b7d980","build":"183.6156.11.34.5522156","bucket":"-1","time":1562594629639,"group":{"id":"settings","version":"9"},"event":{"data":{"created":1562594629680,"name":"sortLookupElementsLexicographically","value":false},"id":"UISettings"}}
{"session":"6efdf8b7d980","build":"183.6156.11.34.5522156","bucket":"-1","time":1562594629639,"group":{"id":"settings","version":"9"},"event":{"data":{"created":1562594629681,"name":"useSmallLabelsOnTabs","value":true},"id":"UISettings"}}
{"session":"6efdf8b7d980","build":"183.6156.11.34.5522156","bucket":"-1","time":1562594629639,"group":{"id":"settings","version":"9"},"event":{"data":{"created":1562594629681,"name":"wideScreenSupport","value":false},"id":"UISettings"}}
{"session":"6efdf8b7d980","build":"183.6156.11.34.5522156","bucket":"-1","time":1562594630760,"group":{"id":"settings","version":"9"},"event":{"data":{"created":1562594630760,"name":"autoSaveIfInactive","value":false},"id":"GeneralSettings"}}
{"session":"6efdf8b7d980","build":"183.6156.11.34.5522156","bucket":"-1","time":1562594630760,"group":{"id":"settings","version":"9"},"event":{"data":{"created":1562594630761,"name":"confirmExit","value":true},"id":"GeneralSettings"}}
{"session":"6efdf8b7d980","build":"183.6156.11.34.5522156","bucket":"-1","time":1562594630760,"group":{"id":"settings","version":"9"},"event":{"data":{"created":1562594630761,"name":"reopenLastProject","value":true},"id":"GeneralSettings"}}
{"session":"6efdf8b7d980","build":"183.6156.11.34.5522156","bucket":"-1","time":1562594630760,"group":{"id":"settings","version":"9"},"event":{"data":{"created":1562594630761,"name":"saveOnFrameDeactivation","value":true},"id":"GeneralSettings"}}
{"session":"6efdf8b7d980","build":"183.6156.11.34.5522156","bucket":"-1","time":1562594630760,"group":{"id":"settings","version":"9"},"event":{"data":{"created":1562594630762,"name":"searchInBackground","value":false},"id":"GeneralSettings"}}
{"session":"6efdf8b7d980","build":"183.6156.11.34.5522156","bucket":"-1","time":1562594630760,"group":{"id":"settings","version":"9"},"event":{"data":{"created":1562594630762,"name":"showTipsOnStartup","value":true},"id":"GeneralSettings"}}
{"session":"6efdf8b7d980","build":"183.6156.11.34.5522156","bucket":"-1","time":1562594630760,"group":{"id":"settings","version":"9"},"event":{"data":{"created":1562594630762,"name":"showWelcomeScreen","value":true},"id":"GeneralSettings"}}
{"session":"6efdf8b7d980","build":"183.6156.11.34.5522156","bucket":"-1","time":1562594630760,"group":{"id":"settings","version":"9"},"event":{"data":{"created":1562594630763,"name":"supportScreenReaders","value":false},"id":"GeneralSettings"}}
{"session":"6efdf8b7d980","build":"183.6156.11.34.5522156","bucket":"-1","time":1562594630760,"group":{"id":"settings","version":"9"},"event":{"data":{"created":1562594630763,"name":"syncOnFrameActivation","value":true},"id":"GeneralSettings"}}
{"session":"6efdf8b7d980","build":"183.6156.11.34.5522156","bucket":"-1","time":1562594630760,"group":{"id":"settings","version":"9"},"event":{"data":{"created":1562594630763,"name":"useDefaultBrowser","value":true},"id":"GeneralSettings"}}
{"session":"6efdf8b7d980","build":"183.6156.11.34.5522156","bucket":"-1","time":1562594630760,"group":{"id":"settings","version":"9"},"event":{"data":{"created":1562594630763,"name":"useSafeWrite","value":true},"id":"GeneralSettings"}}
{"session":"6efdf8b7d980","build":"183.6156.11.34.5522156","bucket":"-1","time":1562594634702,"group":{"id":"statistics.lifecycle.app","version":"9"},"event":{"count":1,"data":{"created":1562594634702},"id":"ide.start"}}
{"session":"6efdf8b7d980","build":"183.6156.11.34.5522156","bucket":"-1","time":1562594634703,"group":{"id":"lifecycle","version":"9"},"event":{"count":1,"data":{"created":1562594634704},"id":"app.started"}}
{"session":"6efdf8b7d980","build":"183.6156.11.34.5522156","bucket":"-1","time":1562594637694,"group":{"id":"ui.dialogs","version":"9"},"event":{"count":1,"data":{"created":1562594637694,"type":"show"},"id":"com.intellij.openapi.progress.util.ProgressDialog$MyDialogWrapper"}}
{"session":"6efdf8b7d980","build":"183.6156.11.34.5522156","bucket":"-1","time":1562594638708,"group":{"id":"ui.dialogs","version":"9"},"event":{"count":1,"data":{"code":1,"created":1562594638708,"type":"close"},"id":"com.intellij.openapi.progress.util.ProgressDialog$MyDialogWrapper"}}
{"session":"6efdf8b7d980","build":"183.6156.11.34.5522156","bucket":"-1","time":1562594638732,"group":{"id":"statistics.lifecycle.project","version":"9"},"event":{"count":1,"data":{"created":1562594638732,"project":"1286078175"},"id":"project.opened"}}
{"session":"6efdf8b7d980","build":"183.6156.11.34.5522156","bucket":"-1","time":1562594638732,"group":{"id":"lifecycle","version":"9"},"event":{"count":1,"data":{"created":1562594638733},"id":"project.opened"}}
{"session":"6efdf8b7d980","build":"183.6156.11.34.5522156","bucket":"-1","time":1562594640628,"group":{"id":"ui.dialogs","version":"9"},"event":{"count":1,"data":{"created":1562594640628,"type":"show"},"id":"com.intellij.openapi.progress.util.ProgressDialog$MyDialogWrapper"}}
{"session":"6efdf8b7d980","build":"183.6156.11.34.5522156","bucket":"-1","time":1562594646328,"group":{"id":"statistics.file.types.open","version":"9"},"event":{"count":3,"data":{"last":1562594646748,"created":1562594646328,"project":"1286078175"},"id":"JAVA"}}
{"session":"6efdf8b7d980","build":"183.6156.11.34.5522156","bucket":"-1","time":1562594646997,"group":{"id":"statistics.file.types.open","version":"9"},"event":{"count":2,"data":{"last":1562594647100,"created":1562594646997,"project":"1286078175"},"id":"Groovy"}}
{"session":"6efdf8b7d980","build":"183.6156.11.34.5522156","bucket":"-1","time":1562594647249,"group":{"id":"toolwindow.v2","version":"9"},"event":{"count":1,"data":{"created":1562594647249,"data_1":"Mac"},"id":"Project_by_Activation"}}
{"session":"6efdf8b7d980","build":"183.6156.11.34.5522156","bucket":"-1","time":1562594647671,"group":{"id":"statistics.ui.tips","version":"9"},"event":{"count":1,"data":{"created":1562594647672},"id":"shown.automatically"}}
{"session":"6efdf8b7d980","build":"183.6156.11.34.5522156","bucket":"-1","time":1562594647877,"group":{"id":"ui.dialogs","version":"9"},"event":{"count":1,"data":{"created":1562594647877,"type":"show"},"id":"com.intellij.ide.util.TipDialog"}}
{"session":"6efdf8b7d980","build":"183.6156.11.34.5522156","bucket":"-1","time":1562594648037,"group":{"id":"ui.dialogs","version":"9"},"event":{"count":1,"data":{"created":1562594648037,"type":"show"},"id":"dialog.third.party.plugin"}}
{"session":"6efdf8b7d980","build":"183.6156.11.34.5522156","bucket":"-1","time":1562594648129,"group":{"id":"ui.dialogs","version":"9"},"event":{"count":1,"data":{"code":1,"created":1562594648129,"type":"close"},"id":"com.intellij.openapi.progress.util.ProgressDialog$MyDialogWrapper"}}
{"session":"6efdf8b7d980","build":"183.6156.11.34.5522156","bucket":"-1","time":1562594650308,"group":{"id":"ui.dialogs","version":"9"},"event":{"count":1,"data":{"code":1,"created":1562594650308,"type":"close"},"id":"dialog.third.party.plugin"}}
{"session":"6efdf8b7d980","build":"183.6156.11.34.5522156","bucket":"-1","time":1562594650768,"group":{"id":"statistics.lifecycle.project","version":"9"},"event":{"count":1,"data":{"created":1562594650768,"project":"1286078175"},"id":"project.open.time.13"}}
{"session":"6efdf8b7d980","build":"183.6156.11.34.5522156","bucket":"-1","time":1562594650769,"group":{"id":"lifecycle","version":"9"},"event":{"count":1,"data":{"created":1562594650769,"time.ms":13508},"id":"project.opening.finished"}}
{"session":"6efdf8b7d980","build":"183.6156.11.34.5522156","bucket":"-1","time":1562594652130,"group":{"id":"ui.dialogs","version":"9"},"event":{"count":1,"data":{"code":1,"created":1562594652130,"type":"close"},"id":"com.intellij.ide.util.TipDialog"}}
{"session":"6efdf8b7d980","build":"183.6156.11.34.5522156","bucket":"-1","time":1562594692012,"group":{"id":"actions.v2","version":"9"},"event":{"count":1,"data":{"context_menu":true,"created":1562594692012,"data_1":"Mac"},"id":"third.party.plugin.action"}}
{"session":"6efdf8b7d980","build":"183.6156.11.34.5522156","bucket":"-1","time":1562594692133,"group":{"id":"ui.dialogs","version":"9"},"event":{"count":1,"data":{"created":1562594692133,"type":"show"},"id":"dialog.third.party.plugin"}}
{"session":"6efdf8b7d980","build":"183.6156.11.34.5522156","bucket":"-1","time":1562594698345,"group":{"id":"ui.dialogs","version":"9"},"event":{"count":1,"data":{"code":1,"created":1562594698345,"type":"close"},"id":"dialog.third.party.plugin"}}
{"session":"6efdf8b7d980","build":"183.6156.11.34.5522156","bucket":"-1","time":1562594711239,"group":{"id":"ui.dialogs","version":"9"},"event":{"count":1,"data":{"created":1562594711239,"type":"show"},"id":"com.intellij.openapi.options.newEditor.SettingsDialog"}}
