{"session":"0e18860875ce","build":"183.6156.11.34.5522156","bucket":"-1","time":1562599212459,"group":{"id":"system.os.name","version":"9"},"event":{"data":{"created":1562599212459},"id":"Mac.OS.X"}}
{"session":"0e18860875ce","build":"183.6156.11.34.5522156","bucket":"-1","time":1562599212459,"group":{"id":"system.os.version","version":"9"},"event":{"data":{"created":1562599212467},"id":"10.14.4"}}
{"session":"0e18860875ce","build":"183.6156.11.34.5522156","bucket":"-1","time":1562599212459,"group":{"id":"system.jvm.vendor","version":"9"},"event":{"data":{"created":1562599212477},"id":"Oracle_Corporation"}}
{"session":"0e18860875ce","build":"183.6156.11.34.5522156","bucket":"-1","time":1562599212459,"group":{"id":"system.jvm.version","version":"9"},"event":{"data":{"created":1562599212479},"id":"1.8"}}
{"session":"0e18860875ce","build":"183.6156.11.34.5522156","bucket":"-1","time":1562599212467,"group":{"id":"settings","version":"9"},"event":{"data":{"created":1562599212479,"name":"activeMruEditorOnClose","value":false},"id":"UISettings"}}
{"session":"0e18860875ce","build":"183.6156.11.34.5522156","bucket":"-1","time":1562599212467,"group":{"id":"settings","version":"9"},"event":{"data":{"created":1562599212480,"name":"activeRightEditorOnClose","value":false},"id":"UISettings"}}
{"session":"0e18860875ce","build":"183.6156.11.34.5522156","bucket":"-1","time":1562599212467,"group":{"id":"settings","version":"9"},"event":{"data":{"created":1562599212481,"name":"allowMergeButtons","value":true},"id":"UISettings"}}
{"session":"0e18860875ce","build":"183.6156.11.34.5522156","bucket":"-1","time":1562599212467,"group":{"id":"settings","version":"9"},"event":{"data":{"created":1562599212482,"name":"alwaysShowWindowsButton","value":false},"id":"UISettings"}}
{"session":"0e18860875ce","build":"183.6156.11.34.5522156","bucket":"-1","time":1562599212467,"group":{"id":"settings","version":"9"},"event":{"data":{"created":1562599212483,"name":"animateWindows","value":true},"id":"UISettings"}}
{"session":"0e18860875ce","build":"183.6156.11.34.5522156","bucket":"-1","time":1562599212467,"group":{"id":"settings","version":"9"},"event":{"data":{"created":1562599212484,"name":"closeNonModifiedFilesFirst","value":false},"id":"UISettings"}}
{"session":"0e18860875ce","build":"183.6156.11.34.5522156","bucket":"-1","time":1562599212467,"group":{"id":"settings","version":"9"},"event":{"data":{"created":1562599212485,"name":"closeTabButtonOnTheRight","value":true},"id":"UISettings"}}
{"session":"0e18860875ce","build":"183.6156.11.34.5522156","bucket":"-1","time":1562599212467,"group":{"id":"settings","version":"9"},"event":{"data":{"created":1562599212485,"name":"cycleScrolling","value":true},"id":"UISettings"}}
{"session":"0e18860875ce","build":"183.6156.11.34.5522156","bucket":"-1","time":1562599212467,"group":{"id":"settings","version":"9"},"event":{"data":{"created":1562599212486,"name":"defaultAutoScrollToSource","value":false},"id":"UISettings"}}
{"session":"0e18860875ce","build":"183.6156.11.34.5522156","bucket":"-1","time":1562599212467,"group":{"id":"settings","version":"9"},"event":{"data":{"created":1562599212488,"name":"disableMnemonics","value":true},"id":"UISettings"}}
{"session":"0e18860875ce","build":"183.6156.11.34.5522156","bucket":"-1","time":1562599212467,"group":{"id":"settings","version":"9"},"event":{"data":{"created":1562599212489,"name":"disableMnemonicsInControls","value":false},"id":"UISettings"}}
{"session":"0e18860875ce","build":"183.6156.11.34.5522156","bucket":"-1","time":1562599212467,"group":{"id":"settings","version":"9"},"event":{"data":{"created":1562599212489,"name":"dndWithPressedAltOnly","value":false},"id":"UISettings"}}
{"session":"0e18860875ce","build":"183.6156.11.34.5522156","bucket":"-1","time":1562599212467,"group":{"id":"settings","version":"9"},"event":{"data":{"created":1562599212490,"name":"enableAlphaMode","value":false},"id":"UISettings"}}
{"session":"0e18860875ce","build":"183.6156.11.34.5522156","bucket":"-1","time":1562599212467,"group":{"id":"settings","version":"9"},"event":{"data":{"created":1562599212491,"name":"hideKnownExtensionInTabs","value":false},"id":"UISettings"}}
{"session":"0e18860875ce","build":"183.6156.11.34.5522156","bucket":"-1","time":1562599212467,"group":{"id":"settings","version":"9"},"event":{"data":{"created":1562599212492,"name":"hideNavigationOnFocusLoss","value":true},"id":"UISettings"}}
{"session":"0e18860875ce","build":"183.6156.11.34.5522156","bucket":"-1","time":1562599212467,"group":{"id":"settings","version":"9"},"event":{"data":{"created":1562599212493,"name":"hideTabsIfNeed","value":true},"id":"UISettings"}}
{"session":"0e18860875ce","build":"183.6156.11.34.5522156","bucket":"-1","time":1562599212467,"group":{"id":"settings","version":"9"},"event":{"data":{"created":1562599212494,"name":"hideToolStripes","value":false},"id":"UISettings"}}
{"session":"0e18860875ce","build":"183.6156.11.34.5522156","bucket":"-1","time":1562599212467,"group":{"id":"settings","version":"9"},"event":{"data":{"created":1562599212494,"name":"languageFlags","value":false},"id":"UISettings"}}
{"session":"0e18860875ce","build":"183.6156.11.34.5522156","bucket":"-1","time":1562599212467,"group":{"id":"settings","version":"9"},"event":{"data":{"created":1562599212496,"name":"leftHorizontalSplit","value":false},"id":"UISettings"}}
{"session":"0e18860875ce","build":"183.6156.11.34.5522156","bucket":"-1","time":1562599212467,"group":{"id":"settings","version":"9"},"event":{"data":{"created":1562599212496,"name":"markModifiedTabsWithAsterisk","value":false},"id":"UISettings"}}
{"session":"0e18860875ce","build":"183.6156.11.34.5522156","bucket":"-1","time":1562599212467,"group":{"id":"settings","version":"9"},"event":{"data":{"created":1562599212497,"name":"mergeEqualStackTraces","value":true},"id":"UISettings"}}
{"session":"0e18860875ce","build":"183.6156.11.34.5522156","bucket":"-1","time":1562599212467,"group":{"id":"settings","version":"9"},"event":{"data":{"created":1562599212498,"name":"moveMouseOnDefaultButton","value":false},"id":"UISettings"}}
{"session":"0e18860875ce","build":"183.6156.11.34.5522156","bucket":"-1","time":1562599212467,"group":{"id":"settings","version":"9"},"event":{"data":{"created":1562599212498,"name":"navigateToPreview","value":false},"id":"UISettings"}}
{"session":"0e18860875ce","build":"183.6156.11.34.5522156","bucket":"-1","time":1562599212467,"group":{"id":"settings","version":"9"},"event":{"data":{"created":1562599212499,"name":"overrideConsoleCycleBufferSize","value":false},"id":"UISettings"}}
{"session":"0e18860875ce","build":"183.6156.11.34.5522156","bucket":"-1","time":1562599212467,"group":{"id":"settings","version":"9"},"event":{"data":{"created":1562599212500,"name":"overrideLafFonts","value":false},"id":"UISettings"}}
{"session":"0e18860875ce","build":"183.6156.11.34.5522156","bucket":"-1","time":1562599212467,"group":{"id":"settings","version":"9"},"event":{"data":{"created":1562599212500,"name":"pinFindInPath","value":false},"id":"UISettings"}}
{"session":"0e18860875ce","build":"183.6156.11.34.5522156","bucket":"-1","time":1562599212467,"group":{"id":"settings","version":"9"},"event":{"data":{"created":1562599212501,"name":"presentationMode","value":false},"id":"UISettings"}}
{"session":"0e18860875ce","build":"183.6156.11.34.5522156","bucket":"-1","time":1562599212467,"group":{"id":"settings","version":"9"},"event":{"data":{"created":1562599212501,"name":"reuseNotModifiedTabs","value":false},"id":"UISettings"}}
{"session":"0e18860875ce","build":"183.6156.11.34.5522156","bucket":"-1","time":1562599212467,"group":{"id":"settings","version":"9"},"event":{"data":{"created":1562599212502,"name":"rightHorizontalSplit","value":false},"id":"UISettings"}}
{"session":"0e18860875ce","build":"183.6156.11.34.5522156","bucket":"-1","time":1562599212467,"group":{"id":"settings","version":"9"},"event":{"data":{"created":1562599212502,"name":"scrollTabLayoutInEditor","value":true},"id":"UISettings"}}
{"session":"0e18860875ce","build":"183.6156.11.34.5522156","bucket":"-1","time":1562599212467,"group":{"id":"settings","version":"9"},"event":{"data":{"created":1562599212503,"name":"showCloseButton","value":true},"id":"UISettings"}}
{"session":"0e18860875ce","build":"183.6156.11.34.5522156","bucket":"-1","time":1562599212467,"group":{"id":"settings","version":"9"},"event":{"data":{"created":1562599212503,"name":"showDirectoryForNonUniqueFilenames","value":true},"id":"UISettings"}}
{"session":"0e18860875ce","build":"183.6156.11.34.5522156","bucket":"-1","time":1562599212467,"group":{"id":"settings","version":"9"},"event":{"data":{"created":1562599212504,"name":"showEditorToolTip","value":true},"id":"UISettings"}}
{"session":"0e18860875ce","build":"183.6156.11.34.5522156","bucket":"-1","time":1562599212467,"group":{"id":"settings","version":"9"},"event":{"data":{"created":1562599212504,"name":"showIconInQuickNavigation","value":true},"id":"UISettings"}}
{"session":"0e18860875ce","build":"183.6156.11.34.5522156","bucket":"-1","time":1562599212467,"group":{"id":"settings","version":"9"},"event":{"data":{"created":1562599212505,"name":"showIconsInMenus","value":true},"id":"UISettings"}}
{"session":"0e18860875ce","build":"183.6156.11.34.5522156","bucket":"-1","time":1562599212467,"group":{"id":"settings","version":"9"},"event":{"data":{"created":1562599212506,"name":"showMainToolbar","value":false},"id":"UISettings"}}
{"session":"0e18860875ce","build":"183.6156.11.34.5522156","bucket":"-1","time":1562599212467,"group":{"id":"settings","version":"9"},"event":{"data":{"created":1562599212506,"name":"showMemoryIndicator","value":false},"id":"UISettings"}}
{"session":"0e18860875ce","build":"183.6156.11.34.5522156","bucket":"-1","time":1562599212467,"group":{"id":"settings","version":"9"},"event":{"data":{"created":1562599212507,"name":"showNavigationBar","value":true},"id":"UISettings"}}
{"session":"0e18860875ce","build":"183.6156.11.34.5522156","bucket":"-1","time":1562599212467,"group":{"id":"settings","version":"9"},"event":{"data":{"created":1562599212508,"name":"showStatusBar","value":true},"id":"UISettings"}}
{"session":"0e18860875ce","build":"183.6156.11.34.5522156","bucket":"-1","time":1562599212467,"group":{"id":"settings","version":"9"},"event":{"data":{"created":1562599212509,"name":"showTabsTooltips","value":true},"id":"UISettings"}}
{"session":"0e18860875ce","build":"183.6156.11.34.5522156","bucket":"-1","time":1562599212467,"group":{"id":"settings","version":"9"},"event":{"data":{"created":1562599212510,"name":"showToolWindowsNumbers","value":true},"id":"UISettings"}}
{"session":"0e18860875ce","build":"183.6156.11.34.5522156","bucket":"-1","time":1562599212467,"group":{"id":"settings","version":"9"},"event":{"data":{"created":1562599212511,"name":"smoothScrolling","value":false},"id":"UISettings"}}
{"session":"0e18860875ce","build":"183.6156.11.34.5522156","bucket":"-1","time":1562599212467,"group":{"id":"settings","version":"9"},"event":{"data":{"created":1562599212511,"name":"sortBookmarks","value":false},"id":"UISettings"}}
{"session":"0e18860875ce","build":"183.6156.11.34.5522156","bucket":"-1","time":1562599212467,"group":{"id":"settings","version":"9"},"event":{"data":{"created":1562599212512,"name":"sortLookupElementsLexicographically","value":false},"id":"UISettings"}}
{"session":"0e18860875ce","build":"183.6156.11.34.5522156","bucket":"-1","time":1562599212467,"group":{"id":"settings","version":"9"},"event":{"data":{"created":1562599212513,"name":"useSmallLabelsOnTabs","value":true},"id":"UISettings"}}
{"session":"0e18860875ce","build":"183.6156.11.34.5522156","bucket":"-1","time":1562599212467,"group":{"id":"settings","version":"9"},"event":{"data":{"created":1562599212513,"name":"wideScreenSupport","value":false},"id":"UISettings"}}
{"session":"0e18860875ce","build":"183.6156.11.34.5522156","bucket":"-1","time":1562599213496,"group":{"id":"settings","version":"9"},"event":{"data":{"created":1562599213496,"name":"autoSaveIfInactive","value":false},"id":"GeneralSettings"}}
{"session":"0e18860875ce","build":"183.6156.11.34.5522156","bucket":"-1","time":1562599213496,"group":{"id":"settings","version":"9"},"event":{"data":{"created":1562599213496,"name":"confirmExit","value":true},"id":"GeneralSettings"}}
{"session":"0e18860875ce","build":"183.6156.11.34.5522156","bucket":"-1","time":1562599213496,"group":{"id":"settings","version":"9"},"event":{"data":{"created":1562599213496,"name":"reopenLastProject","value":true},"id":"GeneralSettings"}}
{"session":"0e18860875ce","build":"183.6156.11.34.5522156","bucket":"-1","time":1562599213496,"group":{"id":"settings","version":"9"},"event":{"data":{"created":1562599213497,"name":"saveOnFrameDeactivation","value":true},"id":"GeneralSettings"}}
{"session":"0e18860875ce","build":"183.6156.11.34.5522156","bucket":"-1","time":1562599213496,"group":{"id":"settings","version":"9"},"event":{"data":{"created":1562599213497,"name":"searchInBackground","value":false},"id":"GeneralSettings"}}
{"session":"0e18860875ce","build":"183.6156.11.34.5522156","bucket":"-1","time":1562599213496,"group":{"id":"settings","version":"9"},"event":{"data":{"created":1562599213498,"name":"showTipsOnStartup","value":true},"id":"GeneralSettings"}}
{"session":"0e18860875ce","build":"183.6156.11.34.5522156","bucket":"-1","time":1562599213496,"group":{"id":"settings","version":"9"},"event":{"data":{"created":1562599213498,"name":"showWelcomeScreen","value":true},"id":"GeneralSettings"}}
{"session":"0e18860875ce","build":"183.6156.11.34.5522156","bucket":"-1","time":1562599213496,"group":{"id":"settings","version":"9"},"event":{"data":{"created":1562599213498,"name":"supportScreenReaders","value":false},"id":"GeneralSettings"}}
{"session":"0e18860875ce","build":"183.6156.11.34.5522156","bucket":"-1","time":1562599213496,"group":{"id":"settings","version":"9"},"event":{"data":{"created":1562599213499,"name":"syncOnFrameActivation","value":true},"id":"GeneralSettings"}}
{"session":"0e18860875ce","build":"183.6156.11.34.5522156","bucket":"-1","time":1562599213496,"group":{"id":"settings","version":"9"},"event":{"data":{"created":1562599213499,"name":"useDefaultBrowser","value":true},"id":"GeneralSettings"}}
{"session":"0e18860875ce","build":"183.6156.11.34.5522156","bucket":"-1","time":1562599213496,"group":{"id":"settings","version":"9"},"event":{"data":{"created":1562599213499,"name":"useSafeWrite","value":true},"id":"GeneralSettings"}}
{"session":"0e18860875ce","build":"183.6156.11.34.5522156","bucket":"-1","time":1562599218601,"group":{"id":"ui.dialogs","version":"9"},"event":{"count":1,"data":{"created":1562599218601,"type":"show"},"id":"com.intellij.openapi.progress.util.ProgressDialog$MyDialogWrapper"}}
{"session":"0e18860875ce","build":"183.6156.11.34.5522156","bucket":"-1","time":1562599220100,"group":{"id":"ui.dialogs","version":"9"},"event":{"count":1,"data":{"code":1,"created":1562599220100,"type":"close"},"id":"com.intellij.openapi.progress.util.ProgressDialog$MyDialogWrapper"}}
{"session":"0e18860875ce","build":"183.6156.11.34.5522156","bucket":"-1","time":1562599220143,"group":{"id":"statistics.lifecycle.project","version":"9"},"event":{"count":1,"data":{"created":1562599220143,"project":"1286078175"},"id":"project.opened"}}
{"session":"0e18860875ce","build":"183.6156.11.34.5522156","bucket":"-1","time":1562599220146,"group":{"id":"lifecycle","version":"9"},"event":{"count":1,"data":{"created":1562599220146},"id":"project.opened"}}
{"session":"0e18860875ce","build":"183.6156.11.34.5522156","bucket":"-1","time":1562599221723,"group":{"id":"ui.dialogs","version":"9"},"event":{"count":1,"data":{"created":1562599221723,"type":"show"},"id":"com.intellij.openapi.progress.util.ProgressDialog$MyDialogWrapper"}}
{"session":"0e18860875ce","build":"183.6156.11.34.5522156","bucket":"-1","time":1562599227121,"group":{"id":"statistics.file.types.open","version":"9"},"event":{"count":3,"data":{"last":1562599230928,"created":1562599227121,"project":"1286078175"},"id":"JAVA"}}
{"session":"0e18860875ce","build":"183.6156.11.34.5522156","bucket":"-1","time":1562599231060,"group":{"id":"statistics.file.types.open","version":"9"},"event":{"count":3,"data":{"last":1562599231228,"created":1562599231060,"project":"1286078175"},"id":"Kotlin"}}
{"session":"0e18860875ce","build":"183.6156.11.34.5522156","bucket":"-1","time":1562599231434,"group":{"id":"statistics.file.types.open","version":"9"},"event":{"count":2,"data":{"last":1562599231530,"created":1562599231434,"project":"1286078175"},"id":"Groovy"}}
{"session":"0e18860875ce","build":"183.6156.11.34.5522156","bucket":"-1","time":1562599231661,"group":{"id":"statistics.lifecycle.app","version":"9"},"event":{"count":1,"data":{"created":1562599231661},"id":"ide.start"}}
{"session":"0e18860875ce","build":"183.6156.11.34.5522156","bucket":"-1","time":1562599231661,"group":{"id":"lifecycle","version":"9"},"event":{"count":1,"data":{"created":1562599231662},"id":"app.started"}}
{"session":"0e18860875ce","build":"183.6156.11.34.5522156","bucket":"-1","time":1562599231822,"group":{"id":"toolwindow.v2","version":"9"},"event":{"count":1,"data":{"created":1562599231822,"data_1":"Mac"},"id":"Project_by_Activation"}}
{"session":"0e18860875ce","build":"183.6156.11.34.5522156","bucket":"-1","time":1562599232135,"group":{"id":"ui.dialogs","version":"9"},"event":{"count":1,"data":{"created":1562599232135,"type":"show"},"id":"dialog.third.party.plugin"}}
{"session":"0e18860875ce","build":"183.6156.11.34.5522156","bucket":"-1","time":1562599232459,"group":{"id":"ui.dialogs","version":"9"},"event":{"count":1,"data":{"code":1,"created":1562599232459,"type":"close"},"id":"com.intellij.openapi.progress.util.ProgressDialog$MyDialogWrapper"}}
{"session":"0e18860875ce","build":"183.6156.11.34.5522156","bucket":"-1","time":1562599232490,"group":{"id":"statistics.ui.tips","version":"9"},"event":{"count":1,"data":{"created":1562599232490},"id":"shown.automatically"}}
{"session":"0e18860875ce","build":"183.6156.11.34.5522156","bucket":"-1","time":1562599232568,"group":{"id":"ui.dialogs","version":"9"},"event":{"count":1,"data":{"created":1562599232568,"type":"show"},"id":"com.intellij.ide.util.TipDialog"}}
{"session":"0e18860875ce","build":"183.6156.11.34.5522156","bucket":"-1","time":1562599307428,"group":{"id":"ui.dialogs","version":"9"},"event":{"count":1,"data":{"code":1,"created":1562599307428,"type":"close"},"id":"dialog.third.party.plugin"}}
{"session":"0e18860875ce","build":"183.6156.11.34.5522156","bucket":"-1","time":1562599308158,"group":{"id":"ui.dialogs","version":"9"},"event":{"count":1,"data":{"code":1,"created":1562599308158,"type":"close"},"id":"com.intellij.ide.util.TipDialog"}}
{"session":"0e18860875ce","build":"183.6156.11.34.5522156","bucket":"-1","time":1562599308178,"group":{"id":"statistics.lifecycle.project","version":"9"},"event":{"count":1,"data":{"created":1562599308178,"project":"1286078175"},"id":"project.open.time.90"}}
{"session":"0e18860875ce","build":"183.6156.11.34.5522156","bucket":"-1","time":1562599308178,"group":{"id":"lifecycle","version":"9"},"event":{"count":1,"data":{"created":1562599308178,"time.ms":90142},"id":"project.opening.finished"}}
{"session":"0e18860875ce","build":"183.6156.11.34.5522156","bucket":"-1","time":1562599317031,"group":{"id":"actions.v2","version":"9"},"event":{"count":1,"data":{"context_menu":true,"created":1562599317031,"data_1":"Mac"},"id":"third.party.plugin.action"}}
{"session":"0e18860875ce","build":"183.6156.11.34.5522156","bucket":"-1","time":1562599317209,"group":{"id":"ui.dialogs","version":"9"},"event":{"count":1,"data":{"created":1562599317209,"type":"show"},"id":"dialog.third.party.plugin"}}
{"session":"0e18860875ce","build":"183.6156.11.34.5522156","bucket":"-1","time":1562599325497,"group":{"id":"statistics.lifecycle.app","version":"9"},"event":{"count":1,"data":{"created":1562599325497,"data_2":"mappingFailed:false","data_1":"OOM:false","data_3":"pluginId:unknown"},"id":"ide.error"}}
{"session":"0e18860875ce","build":"183.6156.11.34.5522156","bucket":"-1","time":1562599372913,"group":{"id":"statistics.lifecycle.app","version":"9"},"event":{"count":1,"data":{"created":1562599372913,"data_2":"mappingFailed:false","data_1":"OOM:false","data_3":"pluginId:unknown"},"id":"ide.error"}}
{"session":"0e18860875ce","build":"183.6156.11.34.5522156","bucket":"-1","time":1562599373918,"group":{"id":"statistics.lifecycle.app","version":"9"},"event":{"count":1,"data":{"created":1562599373918,"data_2":"20+","data_1":"timeSecondsGrouped"},"id":"ide.freeze"}}
{"session":"0e18860875ce","build":"183.6156.11.34.5522156","bucket":"-1","time":1562599373918,"group":{"id":"lifecycle","version":"9"},"event":{"count":1,"data":{"durationSeconds":28,"created":1562599373919},"id":"ide.freeze"}}
{"session":"0e18860875ce","build":"183.6156.11.34.5522156","bucket":"-1","time":1562599379666,"group":{"id":"ui.dialogs","version":"9"},"event":{"count":1,"data":{"code":1,"created":1562599379666,"type":"close"},"id":"dialog.third.party.plugin"}}
{"session":"0e18860875ce","build":"183.6156.11.34.5522156","bucket":"-1","time":1562599381922,"group":{"id":"statistics.file.types.open","version":"9"},"event":{"count":1,"data":{"created":1562599381922,"project":"1286078175"},"id":"JAVA"}}
{"session":"0e18860875ce","build":"183.6156.11.34.5522156","bucket":"-1","time":1562599591974,"group":{"id":"statistics.productivity","version":"9"},"event":{"count":1,"data":{"created":1562599591974},"id":"editing.select.word"}}
{"session":"0e18860875ce","build":"183.6156.11.34.5522156","bucket":"-1","time":1562599593159,"group":{"id":"actions.v2","version":"9"},"event":{"count":1,"data":{"context_menu":false,"created":1562599593159,"data_1":"Mac","input_event":"Meta+C"},"id":"EditorCopy"}}
{"session":"0e18860875ce","build":"183.6156.11.34.5522156","bucket":"-1","time":1562599657058,"group":{"id":"statistics.productivity","version":"9"},"event":{"count":1,"data":{"created":1562599657058},"id":"editing.select.word"}}
