{"session":"ddd26d4a5732","build":"183.6156.11.34.5522156","bucket":"-1","time":1562665949632,"group":{"id":"system.os.name","version":"9"},"event":{"data":{"created":1562665949632},"id":"Mac.OS.X"}}
{"session":"ddd26d4a5732","build":"183.6156.11.34.5522156","bucket":"-1","time":1562665949632,"group":{"id":"system.os.version","version":"9"},"event":{"data":{"created":1562665949640},"id":"10.14.4"}}
{"session":"ddd26d4a5732","build":"183.6156.11.34.5522156","bucket":"-1","time":1562665949632,"group":{"id":"system.jvm.vendor","version":"9"},"event":{"data":{"created":1562665949652},"id":"Oracle_Corporation"}}
{"session":"ddd26d4a5732","build":"183.6156.11.34.5522156","bucket":"-1","time":1562665949632,"group":{"id":"system.jvm.version","version":"9"},"event":{"data":{"created":1562665949653},"id":"1.8"}}
{"session":"ddd26d4a5732","build":"183.6156.11.34.5522156","bucket":"-1","time":1562665949639,"group":{"id":"settings","version":"9"},"event":{"data":{"created":1562665949653,"name":"activeMruEditorOnClose","value":false},"id":"UISettings"}}
{"session":"ddd26d4a5732","build":"183.6156.11.34.5522156","bucket":"-1","time":1562665949639,"group":{"id":"settings","version":"9"},"event":{"data":{"created":1562665949654,"name":"activeRightEditorOnClose","value":false},"id":"UISettings"}}
{"session":"ddd26d4a5732","build":"183.6156.11.34.5522156","bucket":"-1","time":1562665949639,"group":{"id":"settings","version":"9"},"event":{"data":{"created":1562665949654,"name":"allowMergeButtons","value":true},"id":"UISettings"}}
{"session":"ddd26d4a5732","build":"183.6156.11.34.5522156","bucket":"-1","time":1562665949639,"group":{"id":"settings","version":"9"},"event":{"data":{"created":1562665949655,"name":"alwaysShowWindowsButton","value":false},"id":"UISettings"}}
{"session":"ddd26d4a5732","build":"183.6156.11.34.5522156","bucket":"-1","time":1562665949639,"group":{"id":"settings","version":"9"},"event":{"data":{"created":1562665949655,"name":"animateWindows","value":true},"id":"UISettings"}}
{"session":"ddd26d4a5732","build":"183.6156.11.34.5522156","bucket":"-1","time":1562665949639,"group":{"id":"settings","version":"9"},"event":{"data":{"created":1562665949656,"name":"closeNonModifiedFilesFirst","value":false},"id":"UISettings"}}
{"session":"ddd26d4a5732","build":"183.6156.11.34.5522156","bucket":"-1","time":1562665949639,"group":{"id":"settings","version":"9"},"event":{"data":{"created":1562665949657,"name":"closeTabButtonOnTheRight","value":true},"id":"UISettings"}}
{"session":"ddd26d4a5732","build":"183.6156.11.34.5522156","bucket":"-1","time":1562665949639,"group":{"id":"settings","version":"9"},"event":{"data":{"created":1562665949658,"name":"cycleScrolling","value":true},"id":"UISettings"}}
{"session":"ddd26d4a5732","build":"183.6156.11.34.5522156","bucket":"-1","time":1562665949639,"group":{"id":"settings","version":"9"},"event":{"data":{"created":1562665949659,"name":"defaultAutoScrollToSource","value":false},"id":"UISettings"}}
{"session":"ddd26d4a5732","build":"183.6156.11.34.5522156","bucket":"-1","time":1562665949639,"group":{"id":"settings","version":"9"},"event":{"data":{"created":1562665949659,"name":"disableMnemonics","value":true},"id":"UISettings"}}
{"session":"ddd26d4a5732","build":"183.6156.11.34.5522156","bucket":"-1","time":1562665949639,"group":{"id":"settings","version":"9"},"event":{"data":{"created":1562665949660,"name":"disableMnemonicsInControls","value":false},"id":"UISettings"}}
{"session":"ddd26d4a5732","build":"183.6156.11.34.5522156","bucket":"-1","time":1562665949639,"group":{"id":"settings","version":"9"},"event":{"data":{"created":1562665949660,"name":"dndWithPressedAltOnly","value":false},"id":"UISettings"}}
{"session":"ddd26d4a5732","build":"183.6156.11.34.5522156","bucket":"-1","time":1562665949639,"group":{"id":"settings","version":"9"},"event":{"data":{"created":1562665949661,"name":"enableAlphaMode","value":false},"id":"UISettings"}}
{"session":"ddd26d4a5732","build":"183.6156.11.34.5522156","bucket":"-1","time":1562665949639,"group":{"id":"settings","version":"9"},"event":{"data":{"created":1562665949662,"name":"hideKnownExtensionInTabs","value":false},"id":"UISettings"}}
{"session":"ddd26d4a5732","build":"183.6156.11.34.5522156","bucket":"-1","time":1562665949639,"group":{"id":"settings","version":"9"},"event":{"data":{"created":1562665949662,"name":"hideNavigationOnFocusLoss","value":true},"id":"UISettings"}}
{"session":"ddd26d4a5732","build":"183.6156.11.34.5522156","bucket":"-1","time":1562665949639,"group":{"id":"settings","version":"9"},"event":{"data":{"created":1562665949663,"name":"hideTabsIfNeed","value":true},"id":"UISettings"}}
{"session":"ddd26d4a5732","build":"183.6156.11.34.5522156","bucket":"-1","time":1562665949639,"group":{"id":"settings","version":"9"},"event":{"data":{"created":1562665949663,"name":"hideToolStripes","value":false},"id":"UISettings"}}
{"session":"ddd26d4a5732","build":"183.6156.11.34.5522156","bucket":"-1","time":1562665949639,"group":{"id":"settings","version":"9"},"event":{"data":{"created":1562665949664,"name":"languageFlags","value":false},"id":"UISettings"}}
{"session":"ddd26d4a5732","build":"183.6156.11.34.5522156","bucket":"-1","time":1562665949639,"group":{"id":"settings","version":"9"},"event":{"data":{"created":1562665949664,"name":"leftHorizontalSplit","value":false},"id":"UISettings"}}
{"session":"ddd26d4a5732","build":"183.6156.11.34.5522156","bucket":"-1","time":1562665949639,"group":{"id":"settings","version":"9"},"event":{"data":{"created":1562665949665,"name":"markModifiedTabsWithAsterisk","value":false},"id":"UISettings"}}
{"session":"ddd26d4a5732","build":"183.6156.11.34.5522156","bucket":"-1","time":1562665949639,"group":{"id":"settings","version":"9"},"event":{"data":{"created":1562665949666,"name":"mergeEqualStackTraces","value":true},"id":"UISettings"}}
{"session":"ddd26d4a5732","build":"183.6156.11.34.5522156","bucket":"-1","time":1562665949639,"group":{"id":"settings","version":"9"},"event":{"data":{"created":1562665949666,"name":"moveMouseOnDefaultButton","value":false},"id":"UISettings"}}
{"session":"ddd26d4a5732","build":"183.6156.11.34.5522156","bucket":"-1","time":1562665949639,"group":{"id":"settings","version":"9"},"event":{"data":{"created":1562665949667,"name":"navigateToPreview","value":false},"id":"UISettings"}}
{"session":"ddd26d4a5732","build":"183.6156.11.34.5522156","bucket":"-1","time":1562665949639,"group":{"id":"settings","version":"9"},"event":{"data":{"created":1562665949667,"name":"overrideConsoleCycleBufferSize","value":false},"id":"UISettings"}}
{"session":"ddd26d4a5732","build":"183.6156.11.34.5522156","bucket":"-1","time":1562665949639,"group":{"id":"settings","version":"9"},"event":{"data":{"created":1562665949668,"name":"overrideLafFonts","value":false},"id":"UISettings"}}
{"session":"ddd26d4a5732","build":"183.6156.11.34.5522156","bucket":"-1","time":1562665949639,"group":{"id":"settings","version":"9"},"event":{"data":{"created":1562665949668,"name":"pinFindInPath","value":false},"id":"UISettings"}}
{"session":"ddd26d4a5732","build":"183.6156.11.34.5522156","bucket":"-1","time":1562665949639,"group":{"id":"settings","version":"9"},"event":{"data":{"created":1562665949669,"name":"presentationMode","value":false},"id":"UISettings"}}
{"session":"ddd26d4a5732","build":"183.6156.11.34.5522156","bucket":"-1","time":1562665949639,"group":{"id":"settings","version":"9"},"event":{"data":{"created":1562665949669,"name":"reuseNotModifiedTabs","value":false},"id":"UISettings"}}
{"session":"ddd26d4a5732","build":"183.6156.11.34.5522156","bucket":"-1","time":1562665949639,"group":{"id":"settings","version":"9"},"event":{"data":{"created":1562665949670,"name":"rightHorizontalSplit","value":false},"id":"UISettings"}}
{"session":"ddd26d4a5732","build":"183.6156.11.34.5522156","bucket":"-1","time":1562665949639,"group":{"id":"settings","version":"9"},"event":{"data":{"created":1562665949670,"name":"scrollTabLayoutInEditor","value":true},"id":"UISettings"}}
{"session":"ddd26d4a5732","build":"183.6156.11.34.5522156","bucket":"-1","time":1562665949639,"group":{"id":"settings","version":"9"},"event":{"data":{"created":1562665949671,"name":"showCloseButton","value":true},"id":"UISettings"}}
{"session":"ddd26d4a5732","build":"183.6156.11.34.5522156","bucket":"-1","time":1562665949639,"group":{"id":"settings","version":"9"},"event":{"data":{"created":1562665949671,"name":"showDirectoryForNonUniqueFilenames","value":true},"id":"UISettings"}}
{"session":"ddd26d4a5732","build":"183.6156.11.34.5522156","bucket":"-1","time":1562665949639,"group":{"id":"settings","version":"9"},"event":{"data":{"created":1562665949672,"name":"showEditorToolTip","value":true},"id":"UISettings"}}
{"session":"ddd26d4a5732","build":"183.6156.11.34.5522156","bucket":"-1","time":1562665949639,"group":{"id":"settings","version":"9"},"event":{"data":{"created":1562665949672,"name":"showIconInQuickNavigation","value":true},"id":"UISettings"}}
{"session":"ddd26d4a5732","build":"183.6156.11.34.5522156","bucket":"-1","time":1562665949639,"group":{"id":"settings","version":"9"},"event":{"data":{"created":1562665949673,"name":"showIconsInMenus","value":true},"id":"UISettings"}}
{"session":"ddd26d4a5732","build":"183.6156.11.34.5522156","bucket":"-1","time":1562665949639,"group":{"id":"settings","version":"9"},"event":{"data":{"created":1562665949673,"name":"showMainToolbar","value":false},"id":"UISettings"}}
{"session":"ddd26d4a5732","build":"183.6156.11.34.5522156","bucket":"-1","time":1562665949639,"group":{"id":"settings","version":"9"},"event":{"data":{"created":1562665949674,"name":"showMemoryIndicator","value":false},"id":"UISettings"}}
{"session":"ddd26d4a5732","build":"183.6156.11.34.5522156","bucket":"-1","time":1562665949639,"group":{"id":"settings","version":"9"},"event":{"data":{"created":1562665949674,"name":"showNavigationBar","value":true},"id":"UISettings"}}
{"session":"ddd26d4a5732","build":"183.6156.11.34.5522156","bucket":"-1","time":1562665949639,"group":{"id":"settings","version":"9"},"event":{"data":{"created":1562665949675,"name":"showStatusBar","value":true},"id":"UISettings"}}
{"session":"ddd26d4a5732","build":"183.6156.11.34.5522156","bucket":"-1","time":1562665949639,"group":{"id":"settings","version":"9"},"event":{"data":{"created":1562665949675,"name":"showTabsTooltips","value":true},"id":"UISettings"}}
{"session":"ddd26d4a5732","build":"183.6156.11.34.5522156","bucket":"-1","time":1562665949640,"group":{"id":"settings","version":"9"},"event":{"data":{"created":1562665949675,"name":"showToolWindowsNumbers","value":true},"id":"UISettings"}}
{"session":"ddd26d4a5732","build":"183.6156.11.34.5522156","bucket":"-1","time":1562665949640,"group":{"id":"settings","version":"9"},"event":{"data":{"created":1562665949676,"name":"smoothScrolling","value":false},"id":"UISettings"}}
{"session":"ddd26d4a5732","build":"183.6156.11.34.5522156","bucket":"-1","time":1562665949640,"group":{"id":"settings","version":"9"},"event":{"data":{"created":1562665949676,"name":"sortBookmarks","value":false},"id":"UISettings"}}
{"session":"ddd26d4a5732","build":"183.6156.11.34.5522156","bucket":"-1","time":1562665949640,"group":{"id":"settings","version":"9"},"event":{"data":{"created":1562665949677,"name":"sortLookupElementsLexicographically","value":false},"id":"UISettings"}}
{"session":"ddd26d4a5732","build":"183.6156.11.34.5522156","bucket":"-1","time":1562665949640,"group":{"id":"settings","version":"9"},"event":{"data":{"created":1562665949677,"name":"useSmallLabelsOnTabs","value":true},"id":"UISettings"}}
{"session":"ddd26d4a5732","build":"183.6156.11.34.5522156","bucket":"-1","time":1562665949640,"group":{"id":"settings","version":"9"},"event":{"data":{"created":1562665949678,"name":"wideScreenSupport","value":false},"id":"UISettings"}}
{"session":"ddd26d4a5732","build":"183.6156.11.34.5522156","bucket":"-1","time":1562665950439,"group":{"id":"settings","version":"9"},"event":{"data":{"created":1562665950439,"name":"autoSaveIfInactive","value":false},"id":"GeneralSettings"}}
{"session":"ddd26d4a5732","build":"183.6156.11.34.5522156","bucket":"-1","time":1562665950439,"group":{"id":"settings","version":"9"},"event":{"data":{"created":1562665950439,"name":"confirmExit","value":true},"id":"GeneralSettings"}}
{"session":"ddd26d4a5732","build":"183.6156.11.34.5522156","bucket":"-1","time":1562665950439,"group":{"id":"settings","version":"9"},"event":{"data":{"created":1562665950440,"name":"reopenLastProject","value":true},"id":"GeneralSettings"}}
{"session":"ddd26d4a5732","build":"183.6156.11.34.5522156","bucket":"-1","time":1562665950439,"group":{"id":"settings","version":"9"},"event":{"data":{"created":1562665950440,"name":"saveOnFrameDeactivation","value":true},"id":"GeneralSettings"}}
{"session":"ddd26d4a5732","build":"183.6156.11.34.5522156","bucket":"-1","time":1562665950439,"group":{"id":"settings","version":"9"},"event":{"data":{"created":1562665950440,"name":"searchInBackground","value":false},"id":"GeneralSettings"}}
{"session":"ddd26d4a5732","build":"183.6156.11.34.5522156","bucket":"-1","time":1562665950439,"group":{"id":"settings","version":"9"},"event":{"data":{"created":1562665950441,"name":"showTipsOnStartup","value":true},"id":"GeneralSettings"}}
{"session":"ddd26d4a5732","build":"183.6156.11.34.5522156","bucket":"-1","time":1562665950439,"group":{"id":"settings","version":"9"},"event":{"data":{"created":1562665950441,"name":"showWelcomeScreen","value":true},"id":"GeneralSettings"}}
{"session":"ddd26d4a5732","build":"183.6156.11.34.5522156","bucket":"-1","time":1562665950439,"group":{"id":"settings","version":"9"},"event":{"data":{"created":1562665950441,"name":"supportScreenReaders","value":false},"id":"GeneralSettings"}}
{"session":"ddd26d4a5732","build":"183.6156.11.34.5522156","bucket":"-1","time":1562665950439,"group":{"id":"settings","version":"9"},"event":{"data":{"created":1562665950441,"name":"syncOnFrameActivation","value":true},"id":"GeneralSettings"}}
{"session":"ddd26d4a5732","build":"183.6156.11.34.5522156","bucket":"-1","time":1562665950439,"group":{"id":"settings","version":"9"},"event":{"data":{"created":1562665950442,"name":"useDefaultBrowser","value":true},"id":"GeneralSettings"}}
{"session":"ddd26d4a5732","build":"183.6156.11.34.5522156","bucket":"-1","time":1562665950439,"group":{"id":"settings","version":"9"},"event":{"data":{"created":1562665950442,"name":"useSafeWrite","value":true},"id":"GeneralSettings"}}
{"session":"ddd26d4a5732","build":"183.6156.11.34.5522156","bucket":"-1","time":1562665954884,"group":{"id":"ui.dialogs","version":"9"},"event":{"count":1,"data":{"created":1562665954885,"type":"show"},"id":"com.intellij.openapi.progress.util.ProgressDialog$MyDialogWrapper"}}
{"session":"ddd26d4a5732","build":"183.6156.11.34.5522156","bucket":"-1","time":1562665956340,"group":{"id":"ui.dialogs","version":"9"},"event":{"count":1,"data":{"code":1,"created":1562665956340,"type":"close"},"id":"com.intellij.openapi.progress.util.ProgressDialog$MyDialogWrapper"}}
{"session":"ddd26d4a5732","build":"183.6156.11.34.5522156","bucket":"-1","time":1562665956374,"group":{"id":"statistics.lifecycle.project","version":"9"},"event":{"count":1,"data":{"created":1562665956375,"project":"1286078175"},"id":"project.opened"}}
{"session":"ddd26d4a5732","build":"183.6156.11.34.5522156","bucket":"-1","time":1562665956376,"group":{"id":"lifecycle","version":"9"},"event":{"count":1,"data":{"created":1562665956376},"id":"project.opened"}}
{"session":"ddd26d4a5732","build":"183.6156.11.34.5522156","bucket":"-1","time":1562665957656,"group":{"id":"ui.dialogs","version":"9"},"event":{"count":1,"data":{"created":1562665957656,"type":"show"},"id":"com.intellij.openapi.progress.util.ProgressDialog$MyDialogWrapper"}}
{"session":"ddd26d4a5732","build":"183.6156.11.34.5522156","bucket":"-1","time":1562665963282,"group":{"id":"statistics.file.types.open","version":"9"},"event":{"count":1,"data":{"created":1562665963283,"project":"1286078175"},"id":"JAVA"}}
{"session":"ddd26d4a5732","build":"183.6156.11.34.5522156","bucket":"-1","time":1562665964018,"group":{"id":"statistics.file.types.open","version":"9"},"event":{"count":1,"data":{"created":1562665964018,"project":"1286078175"},"id":"Groovy"}}
{"session":"ddd26d4a5732","build":"183.6156.11.34.5522156","bucket":"-1","time":1562665964158,"group":{"id":"statistics.lifecycle.app","version":"9"},"event":{"count":1,"data":{"created":1562665964158},"id":"ide.start"}}
{"session":"ddd26d4a5732","build":"183.6156.11.34.5522156","bucket":"-1","time":1562665964158,"group":{"id":"lifecycle","version":"9"},"event":{"count":1,"data":{"created":1562665964158},"id":"app.started"}}
{"session":"ddd26d4a5732","build":"183.6156.11.34.5522156","bucket":"-1","time":1562665964331,"group":{"id":"toolwindow.v2","version":"9"},"event":{"count":1,"data":{"created":1562665964331,"data_1":"Mac"},"id":"Project_by_Activation"}}
{"session":"ddd26d4a5732","build":"183.6156.11.34.5522156","bucket":"-1","time":1562665964950,"group":{"id":"statistics.ui.tips","version":"9"},"event":{"count":1,"data":{"created":1562665964950},"id":"shown.automatically"}}
{"session":"ddd26d4a5732","build":"183.6156.11.34.5522156","bucket":"-1","time":1562665965126,"group":{"id":"ui.dialogs","version":"9"},"event":{"count":1,"data":{"created":1562665965126,"type":"show"},"id":"com.intellij.ide.util.TipDialog"}}
{"session":"ddd26d4a5732","build":"183.6156.11.34.5522156","bucket":"-1","time":1562665965861,"group":{"id":"ui.dialogs","version":"9"},"event":{"count":1,"data":{"code":1,"created":1562665965861,"type":"close"},"id":"com.intellij.openapi.progress.util.ProgressDialog$MyDialogWrapper"}}
{"session":"ddd26d4a5732","build":"183.6156.11.34.5522156","bucket":"-1","time":1562665966039,"group":{"id":"statistics.lifecycle.project","version":"9"},"event":{"count":1,"data":{"created":1562665966039,"project":"1286078175"},"id":"project.open.time.11"}}
{"session":"ddd26d4a5732","build":"183.6156.11.34.5522156","bucket":"-1","time":1562665966039,"group":{"id":"lifecycle","version":"9"},"event":{"count":1,"data":{"created":1562665966040,"time.ms":11682},"id":"project.opening.finished"}}
{"session":"ddd26d4a5732","build":"183.6156.11.34.5522156","bucket":"-1","time":1562665967260,"group":{"id":"ui.dialogs","version":"9"},"event":{"count":1,"data":{"code":1,"created":1562665967260,"type":"close"},"id":"dialog.third.party.plugin"}}
{"session":"ddd26d4a5732","build":"183.6156.11.34.5522156","bucket":"-1","time":1562665973332,"group":{"id":"ui.dialogs","version":"9"},"event":{"count":1,"data":{"code":1,"created":1562665973332,"type":"close"},"id":"com.intellij.ide.util.TipDialog"}}
{"session":"ddd26d4a5732","build":"183.6156.11.34.5522156","bucket":"-1","time":1562665975244,"group":{"id":"statistics.lifecycle.project","version":"9"},"event":{"count":1,"data":{"created":1562665975245,"project":"1286078175"},"id":"project.closed"}}
{"session":"ddd26d4a5732","build":"183.6156.11.34.5522156","bucket":"-1","time":1562665975641,"group":{"id":"lifecycle","version":"9"},"event":{"count":1,"data":{"created":1562665975641},"id":"project.closed"}}
{"session":"ddd26d4a5732","build":"183.6156.11.34.5522156","bucket":"-1","time":1562665978230,"group":{"id":"statistics.lifecycle.app","version":"9"},"event":{"count":1,"data":{"created":1562665978230},"id":"ide.close"}}
{"session":"ddd26d4a5732","build":"183.6156.11.34.5522156","bucket":"-1","time":1562665978230,"group":{"id":"lifecycle","version":"9"},"event":{"count":1,"data":{"restart":false,"created":1562665978231},"id":"app.closed"}}
