{"session":"f90f37531ea2","build":"183.6156.11.34.5522156","bucket":"-1","time":1562603142918,"group":{"id":"system.os.name","version":"9"},"event":{"data":{"created":1562603142918},"id":"Mac.OS.X"}}
{"session":"f90f37531ea2","build":"183.6156.11.34.5522156","bucket":"-1","time":1562603142918,"group":{"id":"system.os.version","version":"9"},"event":{"data":{"created":1562603142928},"id":"10.14.4"}}
{"session":"f90f37531ea2","build":"183.6156.11.34.5522156","bucket":"-1","time":1562603142918,"group":{"id":"system.jvm.vendor","version":"9"},"event":{"data":{"created":1562603142939},"id":"Oracle_Corporation"}}
{"session":"f90f37531ea2","build":"183.6156.11.34.5522156","bucket":"-1","time":1562603142918,"group":{"id":"system.jvm.version","version":"9"},"event":{"data":{"created":1562603142940},"id":"1.8"}}
{"session":"f90f37531ea2","build":"183.6156.11.34.5522156","bucket":"-1","time":1562603142929,"group":{"id":"settings","version":"9"},"event":{"data":{"created":1562603142941,"name":"activeMruEditorOnClose","value":false},"id":"UISettings"}}
{"session":"f90f37531ea2","build":"183.6156.11.34.5522156","bucket":"-1","time":1562603142929,"group":{"id":"settings","version":"9"},"event":{"data":{"created":1562603142942,"name":"activeRightEditorOnClose","value":false},"id":"UISettings"}}
{"session":"f90f37531ea2","build":"183.6156.11.34.5522156","bucket":"-1","time":1562603142929,"group":{"id":"settings","version":"9"},"event":{"data":{"created":1562603142942,"name":"allowMergeButtons","value":true},"id":"UISettings"}}
{"session":"f90f37531ea2","build":"183.6156.11.34.5522156","bucket":"-1","time":1562603142929,"group":{"id":"settings","version":"9"},"event":{"data":{"created":1562603142943,"name":"alwaysShowWindowsButton","value":false},"id":"UISettings"}}
{"session":"f90f37531ea2","build":"183.6156.11.34.5522156","bucket":"-1","time":1562603142929,"group":{"id":"settings","version":"9"},"event":{"data":{"created":1562603142944,"name":"animateWindows","value":true},"id":"UISettings"}}
{"session":"f90f37531ea2","build":"183.6156.11.34.5522156","bucket":"-1","time":1562603142929,"group":{"id":"settings","version":"9"},"event":{"data":{"created":1562603142944,"name":"closeNonModifiedFilesFirst","value":false},"id":"UISettings"}}
{"session":"f90f37531ea2","build":"183.6156.11.34.5522156","bucket":"-1","time":1562603142929,"group":{"id":"settings","version":"9"},"event":{"data":{"created":1562603142945,"name":"closeTabButtonOnTheRight","value":true},"id":"UISettings"}}
{"session":"f90f37531ea2","build":"183.6156.11.34.5522156","bucket":"-1","time":1562603142929,"group":{"id":"settings","version":"9"},"event":{"data":{"created":1562603142946,"name":"cycleScrolling","value":true},"id":"UISettings"}}
{"session":"f90f37531ea2","build":"183.6156.11.34.5522156","bucket":"-1","time":1562603142929,"group":{"id":"settings","version":"9"},"event":{"data":{"created":1562603142946,"name":"defaultAutoScrollToSource","value":false},"id":"UISettings"}}
{"session":"f90f37531ea2","build":"183.6156.11.34.5522156","bucket":"-1","time":1562603142929,"group":{"id":"settings","version":"9"},"event":{"data":{"created":1562603142947,"name":"disableMnemonics","value":true},"id":"UISettings"}}
{"session":"f90f37531ea2","build":"183.6156.11.34.5522156","bucket":"-1","time":1562603142929,"group":{"id":"settings","version":"9"},"event":{"data":{"created":1562603142948,"name":"disableMnemonicsInControls","value":false},"id":"UISettings"}}
{"session":"f90f37531ea2","build":"183.6156.11.34.5522156","bucket":"-1","time":1562603142929,"group":{"id":"settings","version":"9"},"event":{"data":{"created":1562603142948,"name":"dndWithPressedAltOnly","value":false},"id":"UISettings"}}
{"session":"f90f37531ea2","build":"183.6156.11.34.5522156","bucket":"-1","time":1562603142929,"group":{"id":"settings","version":"9"},"event":{"data":{"created":1562603142949,"name":"enableAlphaMode","value":false},"id":"UISettings"}}
{"session":"f90f37531ea2","build":"183.6156.11.34.5522156","bucket":"-1","time":1562603142929,"group":{"id":"settings","version":"9"},"event":{"data":{"created":1562603142950,"name":"hideKnownExtensionInTabs","value":false},"id":"UISettings"}}
{"session":"f90f37531ea2","build":"183.6156.11.34.5522156","bucket":"-1","time":1562603142929,"group":{"id":"settings","version":"9"},"event":{"data":{"created":1562603142950,"name":"hideNavigationOnFocusLoss","value":true},"id":"UISettings"}}
{"session":"f90f37531ea2","build":"183.6156.11.34.5522156","bucket":"-1","time":1562603142929,"group":{"id":"settings","version":"9"},"event":{"data":{"created":1562603142951,"name":"hideTabsIfNeed","value":true},"id":"UISettings"}}
{"session":"f90f37531ea2","build":"183.6156.11.34.5522156","bucket":"-1","time":1562603142929,"group":{"id":"settings","version":"9"},"event":{"data":{"created":1562603142952,"name":"hideToolStripes","value":false},"id":"UISettings"}}
{"session":"f90f37531ea2","build":"183.6156.11.34.5522156","bucket":"-1","time":1562603142929,"group":{"id":"settings","version":"9"},"event":{"data":{"created":1562603142952,"name":"languageFlags","value":false},"id":"UISettings"}}
{"session":"f90f37531ea2","build":"183.6156.11.34.5522156","bucket":"-1","time":1562603142929,"group":{"id":"settings","version":"9"},"event":{"data":{"created":1562603142953,"name":"leftHorizontalSplit","value":false},"id":"UISettings"}}
{"session":"f90f37531ea2","build":"183.6156.11.34.5522156","bucket":"-1","time":1562603142929,"group":{"id":"settings","version":"9"},"event":{"data":{"created":1562603142954,"name":"markModifiedTabsWithAsterisk","value":false},"id":"UISettings"}}
{"session":"f90f37531ea2","build":"183.6156.11.34.5522156","bucket":"-1","time":1562603142929,"group":{"id":"settings","version":"9"},"event":{"data":{"created":1562603142954,"name":"mergeEqualStackTraces","value":true},"id":"UISettings"}}
{"session":"f90f37531ea2","build":"183.6156.11.34.5522156","bucket":"-1","time":1562603142929,"group":{"id":"settings","version":"9"},"event":{"data":{"created":1562603142955,"name":"moveMouseOnDefaultButton","value":false},"id":"UISettings"}}
{"session":"f90f37531ea2","build":"183.6156.11.34.5522156","bucket":"-1","time":1562603142929,"group":{"id":"settings","version":"9"},"event":{"data":{"created":1562603142955,"name":"navigateToPreview","value":false},"id":"UISettings"}}
{"session":"f90f37531ea2","build":"183.6156.11.34.5522156","bucket":"-1","time":1562603142929,"group":{"id":"settings","version":"9"},"event":{"data":{"created":1562603142956,"name":"overrideConsoleCycleBufferSize","value":false},"id":"UISettings"}}
{"session":"f90f37531ea2","build":"183.6156.11.34.5522156","bucket":"-1","time":1562603142929,"group":{"id":"settings","version":"9"},"event":{"data":{"created":1562603142956,"name":"overrideLafFonts","value":false},"id":"UISettings"}}
{"session":"f90f37531ea2","build":"183.6156.11.34.5522156","bucket":"-1","time":1562603142929,"group":{"id":"settings","version":"9"},"event":{"data":{"created":1562603142957,"name":"pinFindInPath","value":false},"id":"UISettings"}}
{"session":"f90f37531ea2","build":"183.6156.11.34.5522156","bucket":"-1","time":1562603142929,"group":{"id":"settings","version":"9"},"event":{"data":{"created":1562603142957,"name":"presentationMode","value":false},"id":"UISettings"}}
{"session":"f90f37531ea2","build":"183.6156.11.34.5522156","bucket":"-1","time":1562603142929,"group":{"id":"settings","version":"9"},"event":{"data":{"created":1562603142958,"name":"reuseNotModifiedTabs","value":false},"id":"UISettings"}}
{"session":"f90f37531ea2","build":"183.6156.11.34.5522156","bucket":"-1","time":1562603142929,"group":{"id":"settings","version":"9"},"event":{"data":{"created":1562603142959,"name":"rightHorizontalSplit","value":false},"id":"UISettings"}}
{"session":"f90f37531ea2","build":"183.6156.11.34.5522156","bucket":"-1","time":1562603142930,"group":{"id":"settings","version":"9"},"event":{"data":{"created":1562603142959,"name":"scrollTabLayoutInEditor","value":true},"id":"UISettings"}}
{"session":"f90f37531ea2","build":"183.6156.11.34.5522156","bucket":"-1","time":1562603142930,"group":{"id":"settings","version":"9"},"event":{"data":{"created":1562603142959,"name":"showCloseButton","value":true},"id":"UISettings"}}
{"session":"f90f37531ea2","build":"183.6156.11.34.5522156","bucket":"-1","time":1562603142930,"group":{"id":"settings","version":"9"},"event":{"data":{"created":1562603142960,"name":"showDirectoryForNonUniqueFilenames","value":true},"id":"UISettings"}}
{"session":"f90f37531ea2","build":"183.6156.11.34.5522156","bucket":"-1","time":1562603142930,"group":{"id":"settings","version":"9"},"event":{"data":{"created":1562603142960,"name":"showEditorToolTip","value":true},"id":"UISettings"}}
{"session":"f90f37531ea2","build":"183.6156.11.34.5522156","bucket":"-1","time":1562603142930,"group":{"id":"settings","version":"9"},"event":{"data":{"created":1562603142960,"name":"showIconInQuickNavigation","value":true},"id":"UISettings"}}
{"session":"f90f37531ea2","build":"183.6156.11.34.5522156","bucket":"-1","time":1562603142930,"group":{"id":"settings","version":"9"},"event":{"data":{"created":1562603142961,"name":"showIconsInMenus","value":true},"id":"UISettings"}}
{"session":"f90f37531ea2","build":"183.6156.11.34.5522156","bucket":"-1","time":1562603142930,"group":{"id":"settings","version":"9"},"event":{"data":{"created":1562603142961,"name":"showMainToolbar","value":false},"id":"UISettings"}}
{"session":"f90f37531ea2","build":"183.6156.11.34.5522156","bucket":"-1","time":1562603142930,"group":{"id":"settings","version":"9"},"event":{"data":{"created":1562603142962,"name":"showMemoryIndicator","value":false},"id":"UISettings"}}
{"session":"f90f37531ea2","build":"183.6156.11.34.5522156","bucket":"-1","time":1562603142930,"group":{"id":"settings","version":"9"},"event":{"data":{"created":1562603142962,"name":"showNavigationBar","value":true},"id":"UISettings"}}
{"session":"f90f37531ea2","build":"183.6156.11.34.5522156","bucket":"-1","time":1562603142930,"group":{"id":"settings","version":"9"},"event":{"data":{"created":1562603142962,"name":"showStatusBar","value":true},"id":"UISettings"}}
{"session":"f90f37531ea2","build":"183.6156.11.34.5522156","bucket":"-1","time":1562603142930,"group":{"id":"settings","version":"9"},"event":{"data":{"created":1562603142962,"name":"showTabsTooltips","value":true},"id":"UISettings"}}
{"session":"f90f37531ea2","build":"183.6156.11.34.5522156","bucket":"-1","time":1562603142930,"group":{"id":"settings","version":"9"},"event":{"data":{"created":1562603142963,"name":"showToolWindowsNumbers","value":true},"id":"UISettings"}}
{"session":"f90f37531ea2","build":"183.6156.11.34.5522156","bucket":"-1","time":1562603142930,"group":{"id":"settings","version":"9"},"event":{"data":{"created":1562603142963,"name":"smoothScrolling","value":false},"id":"UISettings"}}
{"session":"f90f37531ea2","build":"183.6156.11.34.5522156","bucket":"-1","time":1562603142930,"group":{"id":"settings","version":"9"},"event":{"data":{"created":1562603142963,"name":"sortBookmarks","value":false},"id":"UISettings"}}
{"session":"f90f37531ea2","build":"183.6156.11.34.5522156","bucket":"-1","time":1562603142930,"group":{"id":"settings","version":"9"},"event":{"data":{"created":1562603142964,"name":"sortLookupElementsLexicographically","value":false},"id":"UISettings"}}
{"session":"f90f37531ea2","build":"183.6156.11.34.5522156","bucket":"-1","time":1562603142930,"group":{"id":"settings","version":"9"},"event":{"data":{"created":1562603142964,"name":"useSmallLabelsOnTabs","value":true},"id":"UISettings"}}
{"session":"f90f37531ea2","build":"183.6156.11.34.5522156","bucket":"-1","time":1562603142930,"group":{"id":"settings","version":"9"},"event":{"data":{"created":1562603142965,"name":"wideScreenSupport","value":false},"id":"UISettings"}}
{"session":"f90f37531ea2","build":"183.6156.11.34.5522156","bucket":"-1","time":1562603143823,"group":{"id":"settings","version":"9"},"event":{"data":{"created":1562603143823,"name":"autoSaveIfInactive","value":false},"id":"GeneralSettings"}}
{"session":"f90f37531ea2","build":"183.6156.11.34.5522156","bucket":"-1","time":1562603143823,"group":{"id":"settings","version":"9"},"event":{"data":{"created":1562603143824,"name":"confirmExit","value":true},"id":"GeneralSettings"}}
{"session":"f90f37531ea2","build":"183.6156.11.34.5522156","bucket":"-1","time":1562603143823,"group":{"id":"settings","version":"9"},"event":{"data":{"created":1562603143824,"name":"reopenLastProject","value":true},"id":"GeneralSettings"}}
{"session":"f90f37531ea2","build":"183.6156.11.34.5522156","bucket":"-1","time":1562603143823,"group":{"id":"settings","version":"9"},"event":{"data":{"created":1562603143824,"name":"saveOnFrameDeactivation","value":true},"id":"GeneralSettings"}}
{"session":"f90f37531ea2","build":"183.6156.11.34.5522156","bucket":"-1","time":1562603143823,"group":{"id":"settings","version":"9"},"event":{"data":{"created":1562603143825,"name":"searchInBackground","value":false},"id":"GeneralSettings"}}
{"session":"f90f37531ea2","build":"183.6156.11.34.5522156","bucket":"-1","time":1562603143823,"group":{"id":"settings","version":"9"},"event":{"data":{"created":1562603143825,"name":"showTipsOnStartup","value":true},"id":"GeneralSettings"}}
{"session":"f90f37531ea2","build":"183.6156.11.34.5522156","bucket":"-1","time":1562603143823,"group":{"id":"settings","version":"9"},"event":{"data":{"created":1562603143825,"name":"showWelcomeScreen","value":true},"id":"GeneralSettings"}}
{"session":"f90f37531ea2","build":"183.6156.11.34.5522156","bucket":"-1","time":1562603143823,"group":{"id":"settings","version":"9"},"event":{"data":{"created":1562603143826,"name":"supportScreenReaders","value":false},"id":"GeneralSettings"}}
{"session":"f90f37531ea2","build":"183.6156.11.34.5522156","bucket":"-1","time":1562603143823,"group":{"id":"settings","version":"9"},"event":{"data":{"created":1562603143826,"name":"syncOnFrameActivation","value":true},"id":"GeneralSettings"}}
{"session":"f90f37531ea2","build":"183.6156.11.34.5522156","bucket":"-1","time":1562603143823,"group":{"id":"settings","version":"9"},"event":{"data":{"created":1562603143826,"name":"useDefaultBrowser","value":true},"id":"GeneralSettings"}}
{"session":"f90f37531ea2","build":"183.6156.11.34.5522156","bucket":"-1","time":1562603143823,"group":{"id":"settings","version":"9"},"event":{"data":{"created":1562603143826,"name":"useSafeWrite","value":true},"id":"GeneralSettings"}}
{"session":"f90f37531ea2","build":"183.6156.11.34.5522156","bucket":"-1","time":1562603148869,"group":{"id":"ui.dialogs","version":"9"},"event":{"count":1,"data":{"created":1562603148869,"type":"show"},"id":"com.intellij.openapi.progress.util.ProgressDialog$MyDialogWrapper"}}
{"session":"f90f37531ea2","build":"183.6156.11.34.5522156","bucket":"-1","time":1562603150579,"group":{"id":"ui.dialogs","version":"9"},"event":{"count":1,"data":{"code":1,"created":1562603150579,"type":"close"},"id":"com.intellij.openapi.progress.util.ProgressDialog$MyDialogWrapper"}}
{"session":"f90f37531ea2","build":"183.6156.11.34.5522156","bucket":"-1","time":1562603150614,"group":{"id":"statistics.lifecycle.project","version":"9"},"event":{"count":1,"data":{"created":1562603150614,"project":"1286078175"},"id":"project.opened"}}
{"session":"f90f37531ea2","build":"183.6156.11.34.5522156","bucket":"-1","time":1562603150616,"group":{"id":"lifecycle","version":"9"},"event":{"count":1,"data":{"created":1562603150616},"id":"project.opened"}}
{"session":"f90f37531ea2","build":"183.6156.11.34.5522156","bucket":"-1","time":1562603152111,"group":{"id":"ui.dialogs","version":"9"},"event":{"count":1,"data":{"created":1562603152111,"type":"show"},"id":"com.intellij.openapi.progress.util.ProgressDialog$MyDialogWrapper"}}
{"session":"f90f37531ea2","build":"183.6156.11.34.5522156","bucket":"-1","time":1562603157543,"group":{"id":"statistics.file.types.open","version":"9"},"event":{"count":4,"data":{"last":1562603158883,"created":1562603157543,"project":"1286078175"},"id":"JAVA"}}
{"session":"f90f37531ea2","build":"183.6156.11.34.5522156","bucket":"-1","time":1562603158997,"group":{"id":"statistics.file.types.open","version":"9"},"event":{"count":2,"data":{"last":1562603159063,"created":1562603158997,"project":"1286078175"},"id":"Kotlin"}}
{"session":"f90f37531ea2","build":"183.6156.11.34.5522156","bucket":"-1","time":1562603159120,"group":{"id":"statistics.file.types.open","version":"9"},"event":{"count":1,"data":{"created":1562603159120,"project":"1286078175"},"id":"JAVA"}}
{"session":"f90f37531ea2","build":"183.6156.11.34.5522156","bucket":"-1","time":1562603159167,"group":{"id":"statistics.file.types.open","version":"9"},"event":{"count":1,"data":{"created":1562603159167,"project":"1286078175"},"id":"Kotlin"}}
{"session":"f90f37531ea2","build":"183.6156.11.34.5522156","bucket":"-1","time":1562603159383,"group":{"id":"statistics.file.types.open","version":"9"},"event":{"count":2,"data":{"last":1562603159448,"created":1562603159383,"project":"1286078175"},"id":"Groovy"}}
{"session":"f90f37531ea2","build":"183.6156.11.34.5522156","bucket":"-1","time":1562603159731,"group":{"id":"ui.dialogs","version":"9"},"event":{"count":1,"data":{"code":1,"created":1562603159731,"type":"close"},"id":"dialog.third.party.plugin"}}
{"session":"f90f37531ea2","build":"183.6156.11.34.5522156","bucket":"-1","time":1562603159855,"group":{"id":"toolwindow.v2","version":"9"},"event":{"count":1,"data":{"created":1562603159855,"data_1":"Mac"},"id":"Project_by_Activation"}}
{"session":"f90f37531ea2","build":"183.6156.11.34.5522156","bucket":"-1","time":1562603160106,"group":{"id":"statistics.lifecycle.app","version":"9"},"event":{"count":1,"data":{"created":1562603160106},"id":"ide.start"}}
{"session":"f90f37531ea2","build":"183.6156.11.34.5522156","bucket":"-1","time":1562603160106,"group":{"id":"lifecycle","version":"9"},"event":{"count":1,"data":{"created":1562603160106},"id":"app.started"}}
{"session":"f90f37531ea2","build":"183.6156.11.34.5522156","bucket":"-1","time":1562603160334,"group":{"id":"statistics.ui.tips","version":"9"},"event":{"count":1,"data":{"created":1562603160334},"id":"shown.automatically"}}
{"session":"f90f37531ea2","build":"183.6156.11.34.5522156","bucket":"-1","time":1562603160404,"group":{"id":"ui.dialogs","version":"9"},"event":{"count":1,"data":{"created":1562603160404,"type":"show"},"id":"com.intellij.ide.util.TipDialog"}}
{"session":"f90f37531ea2","build":"183.6156.11.34.5522156","bucket":"-1","time":1562603161284,"group":{"id":"ui.dialogs","version":"9"},"event":{"count":1,"data":{"code":1,"created":1562603161284,"type":"close"},"id":"com.intellij.openapi.progress.util.ProgressDialog$MyDialogWrapper"}}
{"session":"f90f37531ea2","build":"183.6156.11.34.5522156","bucket":"-1","time":1562603161480,"group":{"id":"statistics.lifecycle.project","version":"9"},"event":{"count":1,"data":{"created":1562603161480,"project":"1286078175"},"id":"project.open.time.13"}}
{"session":"f90f37531ea2","build":"183.6156.11.34.5522156","bucket":"-1","time":1562603161480,"group":{"id":"lifecycle","version":"9"},"event":{"count":1,"data":{"created":1562603161480,"time.ms":13131},"id":"project.opening.finished"}}
{"session":"f90f37531ea2","build":"183.6156.11.34.5522156","bucket":"-1","time":1562603317216,"group":{"id":"ui.dialogs","version":"9"},"event":{"count":1,"data":{"code":1,"created":1562603317216,"type":"close"},"id":"com.intellij.ide.util.TipDialog"}}
{"session":"f90f37531ea2","build":"183.6156.11.34.5522156","bucket":"-1","time":1562603323751,"group":{"id":"actions.v2","version":"9"},"event":{"count":1,"data":{"context_menu":true,"created":1562603323751,"data_1":"Mac"},"id":"third.party.plugin.action"}}
{"session":"f90f37531ea2","build":"183.6156.11.34.5522156","bucket":"-1","time":1562603323788,"group":{"id":"ui.dialogs","version":"9"},"event":{"count":1,"data":{"created":1562603323788,"type":"show"},"id":"dialog.third.party.plugin"}}
{"session":"f90f37531ea2","build":"183.6156.11.34.5522156","bucket":"-1","time":1562603329495,"group":{"id":"ui.dialogs","version":"9"},"event":{"count":1,"data":{"code":0,"created":1562603329495,"type":"close"},"id":"com.intellij.ide.fileTemplates.ui.CreateFromTemplateDialog"}}
{"session":"f90f37531ea2","build":"183.6156.11.34.5522156","bucket":"-1","time":1562603329501,"group":{"id":"ui.dialogs","version":"9"},"event":{"count":1,"data":{"code":0,"created":1562603329501,"type":"close"},"id":"dialog.third.party.plugin"}}
{"session":"f90f37531ea2","build":"183.6156.11.34.5522156","bucket":"-1","time":1562603329613,"group":{"id":"statistics.file.types.open","version":"9"},"event":{"count":1,"data":{"created":1562603329613,"project":"1286078175"},"id":"JAVA"}}
{"session":"f90f37531ea2","build":"183.6156.11.34.5522156","bucket":"-1","time":1562603338662,"group":{"id":"actions.v2","version":"9"},"event":{"count":1,"data":{"context_menu":true,"created":1562603338662,"data_1":"Mac"},"id":"third.party.plugin.action"}}
{"session":"f90f37531ea2","build":"183.6156.11.34.5522156","bucket":"-1","time":1562603339066,"group":{"id":"ui.dialogs","version":"9"},"event":{"count":1,"data":{"created":1562603339066,"type":"show"},"id":"dialog.third.party.plugin"}}
{"session":"f90f37531ea2","build":"183.6156.11.34.5522156","bucket":"-1","time":1562603359732,"group":{"id":"ui.dialogs","version":"9"},"event":{"count":1,"data":{"code":0,"created":1562603359732,"type":"close"},"id":"dialog.third.party.plugin"}}
{"session":"f90f37531ea2","build":"183.6156.11.34.5522156","bucket":"-1","time":1562603360679,"group":{"id":"statistics.lifecycle.app","version":"9"},"event":{"count":1,"data":{"created":1562603360679,"data_2":"10+","data_1":"timeSecondsGrouped"},"id":"ide.freeze"}}
{"session":"f90f37531ea2","build":"183.6156.11.34.5522156","bucket":"-1","time":1562603360679,"group":{"id":"lifecycle","version":"9"},"event":{"count":1,"data":{"durationSeconds":16,"created":1562603360679},"id":"ide.freeze"}}
