{"session":"ea47947cc525","build":"183.6156.11.34.5522156","bucket":"-1","time":1562600763551,"group":{"id":"system.os.name","version":"9"},"event":{"data":{"created":1562600763551},"id":"Mac.OS.X"}}
{"session":"ea47947cc525","build":"183.6156.11.34.5522156","bucket":"-1","time":1562600763551,"group":{"id":"system.os.version","version":"9"},"event":{"data":{"created":1562600763560},"id":"10.14.4"}}
{"session":"ea47947cc525","build":"183.6156.11.34.5522156","bucket":"-1","time":1562600763551,"group":{"id":"system.jvm.vendor","version":"9"},"event":{"data":{"created":1562600763569},"id":"Oracle_Corporation"}}
{"session":"ea47947cc525","build":"183.6156.11.34.5522156","bucket":"-1","time":1562600763551,"group":{"id":"system.jvm.version","version":"9"},"event":{"data":{"created":1562600763570},"id":"1.8"}}
{"session":"ea47947cc525","build":"183.6156.11.34.5522156","bucket":"-1","time":1562600763564,"group":{"id":"settings","version":"9"},"event":{"data":{"created":1562600763571,"name":"activeMruEditorOnClose","value":false},"id":"UISettings"}}
{"session":"ea47947cc525","build":"183.6156.11.34.5522156","bucket":"-1","time":1562600763564,"group":{"id":"settings","version":"9"},"event":{"data":{"created":1562600763571,"name":"activeRightEditorOnClose","value":false},"id":"UISettings"}}
{"session":"ea47947cc525","build":"183.6156.11.34.5522156","bucket":"-1","time":1562600763564,"group":{"id":"settings","version":"9"},"event":{"data":{"created":1562600763572,"name":"allowMergeButtons","value":true},"id":"UISettings"}}
{"session":"ea47947cc525","build":"183.6156.11.34.5522156","bucket":"-1","time":1562600763564,"group":{"id":"settings","version":"9"},"event":{"data":{"created":1562600763573,"name":"alwaysShowWindowsButton","value":false},"id":"UISettings"}}
{"session":"ea47947cc525","build":"183.6156.11.34.5522156","bucket":"-1","time":1562600763564,"group":{"id":"settings","version":"9"},"event":{"data":{"created":1562600763573,"name":"animateWindows","value":true},"id":"UISettings"}}
{"session":"ea47947cc525","build":"183.6156.11.34.5522156","bucket":"-1","time":1562600763564,"group":{"id":"settings","version":"9"},"event":{"data":{"created":1562600763574,"name":"closeNonModifiedFilesFirst","value":false},"id":"UISettings"}}
{"session":"ea47947cc525","build":"183.6156.11.34.5522156","bucket":"-1","time":1562600763564,"group":{"id":"settings","version":"9"},"event":{"data":{"created":1562600763574,"name":"closeTabButtonOnTheRight","value":true},"id":"UISettings"}}
{"session":"ea47947cc525","build":"183.6156.11.34.5522156","bucket":"-1","time":1562600763564,"group":{"id":"settings","version":"9"},"event":{"data":{"created":1562600763575,"name":"cycleScrolling","value":true},"id":"UISettings"}}
{"session":"ea47947cc525","build":"183.6156.11.34.5522156","bucket":"-1","time":1562600763564,"group":{"id":"settings","version":"9"},"event":{"data":{"created":1562600763576,"name":"defaultAutoScrollToSource","value":false},"id":"UISettings"}}
{"session":"ea47947cc525","build":"183.6156.11.34.5522156","bucket":"-1","time":1562600763564,"group":{"id":"settings","version":"9"},"event":{"data":{"created":1562600763576,"name":"disableMnemonics","value":true},"id":"UISettings"}}
{"session":"ea47947cc525","build":"183.6156.11.34.5522156","bucket":"-1","time":1562600763564,"group":{"id":"settings","version":"9"},"event":{"data":{"created":1562600763577,"name":"disableMnemonicsInControls","value":false},"id":"UISettings"}}
{"session":"ea47947cc525","build":"183.6156.11.34.5522156","bucket":"-1","time":1562600763564,"group":{"id":"settings","version":"9"},"event":{"data":{"created":1562600763578,"name":"dndWithPressedAltOnly","value":false},"id":"UISettings"}}
{"session":"ea47947cc525","build":"183.6156.11.34.5522156","bucket":"-1","time":1562600763564,"group":{"id":"settings","version":"9"},"event":{"data":{"created":1562600763578,"name":"enableAlphaMode","value":false},"id":"UISettings"}}
{"session":"ea47947cc525","build":"183.6156.11.34.5522156","bucket":"-1","time":1562600763564,"group":{"id":"settings","version":"9"},"event":{"data":{"created":1562600763579,"name":"hideKnownExtensionInTabs","value":false},"id":"UISettings"}}
{"session":"ea47947cc525","build":"183.6156.11.34.5522156","bucket":"-1","time":1562600763564,"group":{"id":"settings","version":"9"},"event":{"data":{"created":1562600763579,"name":"hideNavigationOnFocusLoss","value":true},"id":"UISettings"}}
{"session":"ea47947cc525","build":"183.6156.11.34.5522156","bucket":"-1","time":1562600763564,"group":{"id":"settings","version":"9"},"event":{"data":{"created":1562600763580,"name":"hideTabsIfNeed","value":true},"id":"UISettings"}}
{"session":"ea47947cc525","build":"183.6156.11.34.5522156","bucket":"-1","time":1562600763564,"group":{"id":"settings","version":"9"},"event":{"data":{"created":1562600763580,"name":"hideToolStripes","value":false},"id":"UISettings"}}
{"session":"ea47947cc525","build":"183.6156.11.34.5522156","bucket":"-1","time":1562600763564,"group":{"id":"settings","version":"9"},"event":{"data":{"created":1562600763581,"name":"languageFlags","value":false},"id":"UISettings"}}
{"session":"ea47947cc525","build":"183.6156.11.34.5522156","bucket":"-1","time":1562600763564,"group":{"id":"settings","version":"9"},"event":{"data":{"created":1562600763581,"name":"leftHorizontalSplit","value":false},"id":"UISettings"}}
{"session":"ea47947cc525","build":"183.6156.11.34.5522156","bucket":"-1","time":1562600763564,"group":{"id":"settings","version":"9"},"event":{"data":{"created":1562600763582,"name":"markModifiedTabsWithAsterisk","value":false},"id":"UISettings"}}
{"session":"ea47947cc525","build":"183.6156.11.34.5522156","bucket":"-1","time":1562600763564,"group":{"id":"settings","version":"9"},"event":{"data":{"created":1562600763582,"name":"mergeEqualStackTraces","value":true},"id":"UISettings"}}
{"session":"ea47947cc525","build":"183.6156.11.34.5522156","bucket":"-1","time":1562600763564,"group":{"id":"settings","version":"9"},"event":{"data":{"created":1562600763582,"name":"moveMouseOnDefaultButton","value":false},"id":"UISettings"}}
{"session":"ea47947cc525","build":"183.6156.11.34.5522156","bucket":"-1","time":1562600763564,"group":{"id":"settings","version":"9"},"event":{"data":{"created":1562600763583,"name":"navigateToPreview","value":false},"id":"UISettings"}}
{"session":"ea47947cc525","build":"183.6156.11.34.5522156","bucket":"-1","time":1562600763564,"group":{"id":"settings","version":"9"},"event":{"data":{"created":1562600763584,"name":"overrideConsoleCycleBufferSize","value":false},"id":"UISettings"}}
{"session":"ea47947cc525","build":"183.6156.11.34.5522156","bucket":"-1","time":1562600763564,"group":{"id":"settings","version":"9"},"event":{"data":{"created":1562600763584,"name":"overrideLafFonts","value":false},"id":"UISettings"}}
{"session":"ea47947cc525","build":"183.6156.11.34.5522156","bucket":"-1","time":1562600763564,"group":{"id":"settings","version":"9"},"event":{"data":{"created":1562600763585,"name":"pinFindInPath","value":false},"id":"UISettings"}}
{"session":"ea47947cc525","build":"183.6156.11.34.5522156","bucket":"-1","time":1562600763564,"group":{"id":"settings","version":"9"},"event":{"data":{"created":1562600763585,"name":"presentationMode","value":false},"id":"UISettings"}}
{"session":"ea47947cc525","build":"183.6156.11.34.5522156","bucket":"-1","time":1562600763564,"group":{"id":"settings","version":"9"},"event":{"data":{"created":1562600763586,"name":"reuseNotModifiedTabs","value":false},"id":"UISettings"}}
{"session":"ea47947cc525","build":"183.6156.11.34.5522156","bucket":"-1","time":1562600763564,"group":{"id":"settings","version":"9"},"event":{"data":{"created":1562600763586,"name":"rightHorizontalSplit","value":false},"id":"UISettings"}}
{"session":"ea47947cc525","build":"183.6156.11.34.5522156","bucket":"-1","time":1562600763564,"group":{"id":"settings","version":"9"},"event":{"data":{"created":1562600763587,"name":"scrollTabLayoutInEditor","value":true},"id":"UISettings"}}
{"session":"ea47947cc525","build":"183.6156.11.34.5522156","bucket":"-1","time":1562600763564,"group":{"id":"settings","version":"9"},"event":{"data":{"created":1562600763587,"name":"showCloseButton","value":true},"id":"UISettings"}}
{"session":"ea47947cc525","build":"183.6156.11.34.5522156","bucket":"-1","time":1562600763564,"group":{"id":"settings","version":"9"},"event":{"data":{"created":1562600763587,"name":"showDirectoryForNonUniqueFilenames","value":true},"id":"UISettings"}}
{"session":"ea47947cc525","build":"183.6156.11.34.5522156","bucket":"-1","time":1562600763564,"group":{"id":"settings","version":"9"},"event":{"data":{"created":1562600763588,"name":"showEditorToolTip","value":true},"id":"UISettings"}}
{"session":"ea47947cc525","build":"183.6156.11.34.5522156","bucket":"-1","time":1562600763564,"group":{"id":"settings","version":"9"},"event":{"data":{"created":1562600763588,"name":"showIconInQuickNavigation","value":true},"id":"UISettings"}}
{"session":"ea47947cc525","build":"183.6156.11.34.5522156","bucket":"-1","time":1562600763564,"group":{"id":"settings","version":"9"},"event":{"data":{"created":1562600763588,"name":"showIconsInMenus","value":true},"id":"UISettings"}}
{"session":"ea47947cc525","build":"183.6156.11.34.5522156","bucket":"-1","time":1562600763564,"group":{"id":"settings","version":"9"},"event":{"data":{"created":1562600763589,"name":"showMainToolbar","value":false},"id":"UISettings"}}
{"session":"ea47947cc525","build":"183.6156.11.34.5522156","bucket":"-1","time":1562600763564,"group":{"id":"settings","version":"9"},"event":{"data":{"created":1562600763589,"name":"showMemoryIndicator","value":false},"id":"UISettings"}}
{"session":"ea47947cc525","build":"183.6156.11.34.5522156","bucket":"-1","time":1562600763564,"group":{"id":"settings","version":"9"},"event":{"data":{"created":1562600763590,"name":"showNavigationBar","value":true},"id":"UISettings"}}
{"session":"ea47947cc525","build":"183.6156.11.34.5522156","bucket":"-1","time":1562600763564,"group":{"id":"settings","version":"9"},"event":{"data":{"created":1562600763590,"name":"showStatusBar","value":true},"id":"UISettings"}}
{"session":"ea47947cc525","build":"183.6156.11.34.5522156","bucket":"-1","time":1562600763564,"group":{"id":"settings","version":"9"},"event":{"data":{"created":1562600763591,"name":"showTabsTooltips","value":true},"id":"UISettings"}}
{"session":"ea47947cc525","build":"183.6156.11.34.5522156","bucket":"-1","time":1562600763564,"group":{"id":"settings","version":"9"},"event":{"data":{"created":1562600763591,"name":"showToolWindowsNumbers","value":true},"id":"UISettings"}}
{"session":"ea47947cc525","build":"183.6156.11.34.5522156","bucket":"-1","time":1562600763564,"group":{"id":"settings","version":"9"},"event":{"data":{"created":1562600763591,"name":"smoothScrolling","value":false},"id":"UISettings"}}
{"session":"ea47947cc525","build":"183.6156.11.34.5522156","bucket":"-1","time":1562600763564,"group":{"id":"settings","version":"9"},"event":{"data":{"created":1562600763592,"name":"sortBookmarks","value":false},"id":"UISettings"}}
{"session":"ea47947cc525","build":"183.6156.11.34.5522156","bucket":"-1","time":1562600763564,"group":{"id":"settings","version":"9"},"event":{"data":{"created":1562600763592,"name":"sortLookupElementsLexicographically","value":false},"id":"UISettings"}}
{"session":"ea47947cc525","build":"183.6156.11.34.5522156","bucket":"-1","time":1562600763564,"group":{"id":"settings","version":"9"},"event":{"data":{"created":1562600763593,"name":"useSmallLabelsOnTabs","value":true},"id":"UISettings"}}
{"session":"ea47947cc525","build":"183.6156.11.34.5522156","bucket":"-1","time":1562600763564,"group":{"id":"settings","version":"9"},"event":{"data":{"created":1562600763593,"name":"wideScreenSupport","value":false},"id":"UISettings"}}
{"session":"ea47947cc525","build":"183.6156.11.34.5522156","bucket":"-1","time":1562600764451,"group":{"id":"settings","version":"9"},"event":{"data":{"created":1562600764451,"name":"autoSaveIfInactive","value":false},"id":"GeneralSettings"}}
{"session":"ea47947cc525","build":"183.6156.11.34.5522156","bucket":"-1","time":1562600764451,"group":{"id":"settings","version":"9"},"event":{"data":{"created":1562600764451,"name":"confirmExit","value":true},"id":"GeneralSettings"}}
{"session":"ea47947cc525","build":"183.6156.11.34.5522156","bucket":"-1","time":1562600764451,"group":{"id":"settings","version":"9"},"event":{"data":{"created":1562600764452,"name":"reopenLastProject","value":true},"id":"GeneralSettings"}}
{"session":"ea47947cc525","build":"183.6156.11.34.5522156","bucket":"-1","time":1562600764451,"group":{"id":"settings","version":"9"},"event":{"data":{"created":1562600764452,"name":"saveOnFrameDeactivation","value":true},"id":"GeneralSettings"}}
{"session":"ea47947cc525","build":"183.6156.11.34.5522156","bucket":"-1","time":1562600764451,"group":{"id":"settings","version":"9"},"event":{"data":{"created":1562600764452,"name":"searchInBackground","value":false},"id":"GeneralSettings"}}
{"session":"ea47947cc525","build":"183.6156.11.34.5522156","bucket":"-1","time":1562600764451,"group":{"id":"settings","version":"9"},"event":{"data":{"created":1562600764453,"name":"showTipsOnStartup","value":true},"id":"GeneralSettings"}}
{"session":"ea47947cc525","build":"183.6156.11.34.5522156","bucket":"-1","time":1562600764451,"group":{"id":"settings","version":"9"},"event":{"data":{"created":1562600764453,"name":"showWelcomeScreen","value":true},"id":"GeneralSettings"}}
{"session":"ea47947cc525","build":"183.6156.11.34.5522156","bucket":"-1","time":1562600764451,"group":{"id":"settings","version":"9"},"event":{"data":{"created":1562600764454,"name":"supportScreenReaders","value":false},"id":"GeneralSettings"}}
{"session":"ea47947cc525","build":"183.6156.11.34.5522156","bucket":"-1","time":1562600764451,"group":{"id":"settings","version":"9"},"event":{"data":{"created":1562600764454,"name":"syncOnFrameActivation","value":true},"id":"GeneralSettings"}}
{"session":"ea47947cc525","build":"183.6156.11.34.5522156","bucket":"-1","time":1562600764451,"group":{"id":"settings","version":"9"},"event":{"data":{"created":1562600764454,"name":"useDefaultBrowser","value":true},"id":"GeneralSettings"}}
{"session":"ea47947cc525","build":"183.6156.11.34.5522156","bucket":"-1","time":1562600764451,"group":{"id":"settings","version":"9"},"event":{"data":{"created":1562600764455,"name":"useSafeWrite","value":true},"id":"GeneralSettings"}}
{"session":"ea47947cc525","build":"183.6156.11.34.5522156","bucket":"-1","time":1562600769069,"group":{"id":"ui.dialogs","version":"9"},"event":{"count":1,"data":{"created":1562600769069,"type":"show"},"id":"com.intellij.openapi.progress.util.ProgressDialog$MyDialogWrapper"}}
{"session":"ea47947cc525","build":"183.6156.11.34.5522156","bucket":"-1","time":1562600770513,"group":{"id":"ui.dialogs","version":"9"},"event":{"count":1,"data":{"code":1,"created":1562600770513,"type":"close"},"id":"com.intellij.openapi.progress.util.ProgressDialog$MyDialogWrapper"}}
{"session":"ea47947cc525","build":"183.6156.11.34.5522156","bucket":"-1","time":1562600770548,"group":{"id":"statistics.lifecycle.project","version":"9"},"event":{"count":1,"data":{"created":1562600770548,"project":"1286078175"},"id":"project.opened"}}
{"session":"ea47947cc525","build":"183.6156.11.34.5522156","bucket":"-1","time":1562600770550,"group":{"id":"lifecycle","version":"9"},"event":{"count":1,"data":{"created":1562600770550},"id":"project.opened"}}
{"session":"ea47947cc525","build":"183.6156.11.34.5522156","bucket":"-1","time":1562600772126,"group":{"id":"ui.dialogs","version":"9"},"event":{"count":1,"data":{"created":1562600772126,"type":"show"},"id":"com.intellij.openapi.progress.util.ProgressDialog$MyDialogWrapper"}}
{"session":"ea47947cc525","build":"183.6156.11.34.5522156","bucket":"-1","time":1562600777253,"group":{"id":"statistics.file.types.open","version":"9"},"event":{"count":3,"data":{"last":1562600778011,"created":1562600777253,"project":"1286078175"},"id":"JAVA"}}
{"session":"ea47947cc525","build":"183.6156.11.34.5522156","bucket":"-1","time":1562600778127,"group":{"id":"statistics.file.types.open","version":"9"},"event":{"count":2,"data":{"last":1562600778183,"created":1562600778127,"project":"1286078175"},"id":"Kotlin"}}
{"session":"ea47947cc525","build":"183.6156.11.34.5522156","bucket":"-1","time":1562600778230,"group":{"id":"statistics.file.types.open","version":"9"},"event":{"count":1,"data":{"created":1562600778230,"project":"1286078175"},"id":"JAVA"}}
{"session":"ea47947cc525","build":"183.6156.11.34.5522156","bucket":"-1","time":1562600778270,"group":{"id":"statistics.file.types.open","version":"9"},"event":{"count":1,"data":{"created":1562600778270,"project":"1286078175"},"id":"Kotlin"}}
{"session":"ea47947cc525","build":"183.6156.11.34.5522156","bucket":"-1","time":1562600778491,"group":{"id":"statistics.file.types.open","version":"9"},"event":{"count":2,"data":{"last":1562600778557,"created":1562600778491,"project":"1286078175"},"id":"Groovy"}}
{"session":"ea47947cc525","build":"183.6156.11.34.5522156","bucket":"-1","time":1562600778792,"group":{"id":"statistics.lifecycle.app","version":"9"},"event":{"count":1,"data":{"created":1562600778792},"id":"ide.start"}}
{"session":"ea47947cc525","build":"183.6156.11.34.5522156","bucket":"-1","time":1562600778792,"group":{"id":"lifecycle","version":"9"},"event":{"count":1,"data":{"created":1562600778793},"id":"app.started"}}
{"session":"ea47947cc525","build":"183.6156.11.34.5522156","bucket":"-1","time":1562600778904,"group":{"id":"toolwindow.v2","version":"9"},"event":{"count":1,"data":{"created":1562600778904,"data_1":"Mac"},"id":"Project_by_Activation"}}
{"session":"ea47947cc525","build":"183.6156.11.34.5522156","bucket":"-1","time":1562600779233,"group":{"id":"ui.dialogs","version":"9"},"event":{"count":1,"data":{"created":1562600779233,"type":"show"},"id":"dialog.third.party.plugin"}}
{"session":"ea47947cc525","build":"183.6156.11.34.5522156","bucket":"-1","time":1562600779654,"group":{"id":"ui.dialogs","version":"9"},"event":{"count":1,"data":{"code":1,"created":1562600779654,"type":"close"},"id":"com.intellij.openapi.progress.util.ProgressDialog$MyDialogWrapper"}}
{"session":"ea47947cc525","build":"183.6156.11.34.5522156","bucket":"-1","time":1562600779661,"group":{"id":"statistics.ui.tips","version":"9"},"event":{"count":1,"data":{"created":1562600779661},"id":"shown.automatically"}}
{"session":"ea47947cc525","build":"183.6156.11.34.5522156","bucket":"-1","time":1562600779697,"group":{"id":"ui.dialogs","version":"9"},"event":{"count":1,"data":{"created":1562600779697,"type":"show"},"id":"com.intellij.ide.util.TipDialog"}}
{"session":"ea47947cc525","build":"183.6156.11.34.5522156","bucket":"-1","time":1562600900221,"group":{"id":"ui.dialogs","version":"9"},"event":{"count":1,"data":{"code":1,"created":1562600900221,"type":"close"},"id":"com.intellij.ide.util.TipDialog"}}
{"session":"ea47947cc525","build":"183.6156.11.34.5522156","bucket":"-1","time":1562600901608,"group":{"id":"ui.dialogs","version":"9"},"event":{"count":1,"data":{"code":1,"created":1562600901608,"type":"close"},"id":"dialog.third.party.plugin"}}
{"session":"ea47947cc525","build":"183.6156.11.34.5522156","bucket":"-1","time":1562600902369,"group":{"id":"statistics.lifecycle.project","version":"9"},"event":{"count":1,"data":{"created":1562600902370,"project":"1286078175"},"id":"project.open.time.133"}}
{"session":"ea47947cc525","build":"183.6156.11.34.5522156","bucket":"-1","time":1562600902370,"group":{"id":"lifecycle","version":"9"},"event":{"count":1,"data":{"created":1562600902371,"time.ms":133804},"id":"project.opening.finished"}}
{"session":"ea47947cc525","build":"183.6156.11.34.5522156","bucket":"-1","time":1562600924050,"group":{"id":"actions.v2","version":"9"},"event":{"count":1,"data":{"context_menu":true,"created":1562600924050,"data_1":"Mac"},"id":"third.party.plugin.action"}}
{"session":"ea47947cc525","build":"183.6156.11.34.5522156","bucket":"-1","time":1562600924394,"group":{"id":"ui.dialogs","version":"9"},"event":{"count":1,"data":{"created":1562600924394,"type":"show"},"id":"dialog.third.party.plugin"}}
{"session":"ea47947cc525","build":"183.6156.11.34.5522156","bucket":"-1","time":1562600929933,"group":{"id":"ui.dialogs","version":"9"},"event":{"count":1,"data":{"code":1,"created":1562600929933,"type":"close"},"id":"dialog.third.party.plugin"}}
{"session":"ea47947cc525","build":"183.6156.11.34.5522156","bucket":"-1","time":1562600937176,"group":{"id":"actions.v2","version":"9"},"event":{"count":1,"data":{"context_menu":true,"created":1562600937177,"data_1":"Mac"},"id":"third.party.plugin.action"}}
{"session":"ea47947cc525","build":"183.6156.11.34.5522156","bucket":"-1","time":1562600937409,"group":{"id":"ui.dialogs","version":"9"},"event":{"count":1,"data":{"created":1562600937409,"type":"show"},"id":"dialog.third.party.plugin"}}
{"session":"ea47947cc525","build":"183.6156.11.34.5522156","bucket":"-1","time":1562600942168,"group":{"id":"ui.dialogs","version":"9"},"event":{"count":1,"data":{"code":1,"created":1562600942168,"type":"close"},"id":"dialog.third.party.plugin"}}
{"session":"ea47947cc525","build":"183.6156.11.34.5522156","bucket":"-1","time":1562600945870,"group":{"id":"actions.v2","version":"9"},"event":{"count":1,"data":{"context_menu":true,"created":1562600945870,"data_1":"Mac"},"id":"third.party.plugin.action"}}
{"session":"ea47947cc525","build":"183.6156.11.34.5522156","bucket":"-1","time":1562600945903,"group":{"id":"ui.dialogs","version":"9"},"event":{"count":1,"data":{"created":1562600945903,"type":"show"},"id":"dialog.third.party.plugin"}}
{"session":"ea47947cc525","build":"183.6156.11.34.5522156","bucket":"-1","time":1562601111961,"group":{"id":"ui.dialogs","version":"9"},"event":{"count":1,"data":{"code":0,"created":1562601111961,"type":"close"},"id":"dialog.third.party.plugin"}}
{"session":"ea47947cc525","build":"183.6156.11.34.5522156","bucket":"-1","time":1562601112905,"group":{"id":"statistics.lifecycle.app","version":"9"},"event":{"count":1,"data":{"created":1562601112905,"data_2":"60+","data_1":"timeSecondsGrouped"},"id":"ide.freeze"}}
{"session":"ea47947cc525","build":"183.6156.11.34.5522156","bucket":"-1","time":1562601112905,"group":{"id":"lifecycle","version":"9"},"event":{"count":1,"data":{"durationSeconds":165,"created":1562601112906},"id":"ide.freeze"}}
{"session":"ea47947cc525","build":"183.6156.11.34.5522156","bucket":"-1","time":1562601117020,"group":{"id":"statistics.file.types.open","version":"9"},"event":{"count":1,"data":{"created":1562601117020,"project":"1286078175"},"id":"JAVA"}}
{"session":"ea47947cc525","build":"183.6156.11.34.5522156","bucket":"-1","time":1562601122484,"group":{"id":"statistics.file.types.edit","version":"9"},"event":{"count":1,"data":{"created":1562601122484,"project":"1286078175"},"id":"JAVA"}}
{"session":"ea47947cc525","build":"183.6156.11.34.5522156","bucket":"-1","time":1562601125270,"group":{"id":"actions.v2","version":"9"},"event":{"count":2,"data":{"context_menu":false,"last":1562601125386,"created":1562601125270,"data_1":"Mac","input_event":"Left"},"id":"EditorLeft"}}
{"session":"ea47947cc525","build":"183.6156.11.34.5522156","bucket":"-1","time":1562601125750,"group":{"id":"actions.v2","version":"9"},"event":{"count":1,"data":{"context_menu":false,"created":1562601125750,"data_1":"Mac","input_event":"Enter"},"id":"EditorEnter"}}
{"session":"ea47947cc525","build":"183.6156.11.34.5522156","bucket":"-1","time":1562601126440,"group":{"id":"actions.v2","version":"9"},"event":{"count":1,"data":{"context_menu":false,"created":1562601126440,"data_1":"Mac","input_event":"Right"},"id":"EditorRight"}}
{"session":"ea47947cc525","build":"183.6156.11.34.5522156","bucket":"-1","time":1562601126539,"group":{"id":"actions.v2","version":"9"},"event":{"count":1,"data":{"context_menu":false,"created":1562601126539,"data_1":"Mac","input_event":"Enter"},"id":"EditorEnter"}}
{"session":"ea47947cc525","build":"183.6156.11.34.5522156","bucket":"-1","time":1562601134188,"group":{"id":"statistics.productivity","version":"9"},"event":{"count":1,"data":{"created":1562601134188},"id":"editing.select.word"}}
{"session":"ea47947cc525","build":"183.6156.11.34.5522156","bucket":"-1","time":1562601141276,"group":{"id":"actions.v2","version":"9"},"event":{"count":2,"data":{"context_menu":false,"last":1562601143226,"created":1562601141277,"data_1":"Mac","input_event":"Backspace"},"id":"EditorBackSpace"}}
{"session":"ea47947cc525","build":"183.6156.11.34.5522156","bucket":"-1","time":1562601153416,"group":{"id":"actions.v2","version":"9"},"event":{"count":1,"data":{"context_menu":false,"created":1562601153416,"data_1":"Mac","input_event":"Backspace"},"id":"EditorBackSpace"}}
{"session":"ea47947cc525","build":"183.6156.11.34.5522156","bucket":"-1","time":1562601168228,"group":{"id":"actions.v2","version":"9"},"event":{"count":1,"data":{"context_menu":false,"created":1562601168228,"data_1":"Mac"},"id":"ToggleLineBreakpoint"}}
{"session":"ea47947cc525","build":"183.6156.11.34.5522156","bucket":"-1","time":1562602106302,"group":{"id":"actions.v2","version":"9"},"event":{"count":1,"data":{"context_menu":false,"created":1562602106302,"data_1":"Mac","input_event":"Alt+Enter"},"id":"ShowIntentionActions"}}
{"session":"ea47947cc525","build":"183.6156.11.34.5522156","bucket":"-1","time":1562602107937,"group":{"id":"statistics.productivity","version":"9"},"event":{"count":1,"data":{"created":1562602107937},"id":"codeassists.quickFix"}}
{"session":"ea47947cc525","build":"183.6156.11.34.5522156","bucket":"-1","time":1562602107943,"group":{"id":"statistics.actions.intentions","version":"9"},"event":{"count":1,"data":{"created":1562602107943,"data_1":"Mac"},"id":"JAVA_daemon.impl.quickfix.ModifierFix"}}
{"session":"ea47947cc525","build":"183.6156.11.34.5522156","bucket":"-1","time":1562602112360,"group":{"id":"statistics.productivity","version":"9"},"event":{"count":1,"data":{"created":1562602112360},"id":"editing.select.word"}}
{"session":"ea47947cc525","build":"183.6156.11.34.5522156","bucket":"-1","time":1562602114197,"group":{"id":"actions.v2","version":"9"},"event":{"count":1,"data":{"context_menu":false,"created":1562602114197,"data_1":"Mac","input_event":"Meta+Z"},"id":"$Undo"}}
{"session":"ea47947cc525","build":"183.6156.11.34.5522156","bucket":"-1","time":1562602119370,"group":{"id":"actions.v2","version":"9"},"event":{"count":1,"data":{"context_menu":false,"created":1562602119370,"data_1":"Mac","input_event":"Right"},"id":"EditorRight"}}
{"session":"ea47947cc525","build":"183.6156.11.34.5522156","bucket":"-1","time":1562602119668,"group":{"id":"actions.v2","version":"9"},"event":{"count":1,"data":{"context_menu":false,"created":1562602119668,"data_1":"Mac","input_event":"Backspace"},"id":"EditorBackSpace"}}
{"session":"ea47947cc525","build":"183.6156.11.34.5522156","bucket":"-1","time":1562602119842,"group":{"id":"statistics.file.types.edit","version":"9"},"event":{"count":1,"data":{"created":1562602119843,"project":"1286078175"},"id":"JAVA"}}
{"session":"ea47947cc525","build":"183.6156.11.34.5522156","bucket":"-1","time":1562602125512,"group":{"id":"actions.v2","version":"9"},"event":{"count":1,"data":{"context_menu":true,"created":1562602125512,"data_1":"Mac"},"id":"third.party.plugin.action"}}
{"session":"ea47947cc525","build":"183.6156.11.34.5522156","bucket":"-1","time":1562602125528,"group":{"id":"ui.dialogs","version":"9"},"event":{"count":1,"data":{"created":1562602125529,"type":"show"},"id":"dialog.third.party.plugin"}}
{"session":"ea47947cc525","build":"183.6156.11.34.5522156","bucket":"-1","time":1562602139512,"group":{"id":"ui.dialogs","version":"9"},"event":{"count":1,"data":{"code":0,"created":1562602139512,"type":"close"},"id":"dialog.third.party.plugin"}}
{"session":"ea47947cc525","build":"183.6156.11.34.5522156","bucket":"-1","time":1562602143089,"group":{"id":"statistics.file.types.open","version":"9"},"event":{"count":2,"data":{"last":1562602144604,"created":1562602143089,"project":"1286078175"},"id":"JAVA"}}
{"session":"ea47947cc525","build":"183.6156.11.34.5522156","bucket":"-1","time":1562602171973,"group":{"id":"actions.v2","version":"9"},"event":{"count":1,"data":{"context_menu":true,"created":1562602171973,"data_1":"Mac"},"id":"third.party.plugin.action"}}
{"session":"ea47947cc525","build":"183.6156.11.34.5522156","bucket":"-1","time":1562602171985,"group":{"id":"ui.dialogs","version":"9"},"event":{"count":1,"data":{"created":1562602171985,"type":"show"},"id":"dialog.third.party.plugin"}}
{"session":"ea47947cc525","build":"183.6156.11.34.5522156","bucket":"-1","time":1562602175479,"group":{"id":"ui.dialogs","version":"9"},"event":{"count":1,"data":{"code":0,"created":1562602175479,"type":"close"},"id":"com.intellij.ide.fileTemplates.ui.CreateFromTemplateDialog"}}
{"session":"ea47947cc525","build":"183.6156.11.34.5522156","bucket":"-1","time":1562602175482,"group":{"id":"ui.dialogs","version":"9"},"event":{"count":1,"data":{"code":0,"created":1562602175482,"type":"close"},"id":"dialog.third.party.plugin"}}
{"session":"ea47947cc525","build":"183.6156.11.34.5522156","bucket":"-1","time":1562602175576,"group":{"id":"statistics.file.types.open","version":"9"},"event":{"count":1,"data":{"created":1562602175576,"project":"1286078175"},"id":"JAVA"}}
{"session":"ea47947cc525","build":"183.6156.11.34.5522156","bucket":"-1","time":1562602179803,"group":{"id":"actions.v2","version":"9"},"event":{"count":1,"data":{"context_menu":true,"created":1562602179803,"data_1":"Mac"},"id":"third.party.plugin.action"}}
