{"session":"92743daacd89","build":"183.6156.11.34.5522156","bucket":"-1","time":1562602665814,"group":{"id":"system.os.name","version":"9"},"event":{"data":{"created":1562602665814},"id":"Mac.OS.X"}}
{"session":"92743daacd89","build":"183.6156.11.34.5522156","bucket":"-1","time":1562602665814,"group":{"id":"system.os.version","version":"9"},"event":{"data":{"created":1562602665823},"id":"10.14.4"}}
{"session":"92743daacd89","build":"183.6156.11.34.5522156","bucket":"-1","time":1562602665814,"group":{"id":"system.jvm.vendor","version":"9"},"event":{"data":{"created":1562602665832},"id":"Oracle_Corporation"}}
{"session":"92743daacd89","build":"183.6156.11.34.5522156","bucket":"-1","time":1562602665814,"group":{"id":"system.jvm.version","version":"9"},"event":{"data":{"created":1562602665833},"id":"1.8"}}
{"session":"92743daacd89","build":"183.6156.11.34.5522156","bucket":"-1","time":1562602665826,"group":{"id":"settings","version":"9"},"event":{"data":{"created":1562602665834,"name":"activeMruEditorOnClose","value":false},"id":"UISettings"}}
{"session":"92743daacd89","build":"183.6156.11.34.5522156","bucket":"-1","time":1562602665826,"group":{"id":"settings","version":"9"},"event":{"data":{"created":1562602665835,"name":"activeRightEditorOnClose","value":false},"id":"UISettings"}}
{"session":"92743daacd89","build":"183.6156.11.34.5522156","bucket":"-1","time":1562602665826,"group":{"id":"settings","version":"9"},"event":{"data":{"created":1562602665836,"name":"allowMergeButtons","value":true},"id":"UISettings"}}
{"session":"92743daacd89","build":"183.6156.11.34.5522156","bucket":"-1","time":1562602665826,"group":{"id":"settings","version":"9"},"event":{"data":{"created":1562602665836,"name":"alwaysShowWindowsButton","value":false},"id":"UISettings"}}
{"session":"92743daacd89","build":"183.6156.11.34.5522156","bucket":"-1","time":1562602665826,"group":{"id":"settings","version":"9"},"event":{"data":{"created":1562602665837,"name":"animateWindows","value":true},"id":"UISettings"}}
{"session":"92743daacd89","build":"183.6156.11.34.5522156","bucket":"-1","time":1562602665826,"group":{"id":"settings","version":"9"},"event":{"data":{"created":1562602665837,"name":"closeNonModifiedFilesFirst","value":false},"id":"UISettings"}}
{"session":"92743daacd89","build":"183.6156.11.34.5522156","bucket":"-1","time":1562602665826,"group":{"id":"settings","version":"9"},"event":{"data":{"created":1562602665838,"name":"closeTabButtonOnTheRight","value":true},"id":"UISettings"}}
{"session":"92743daacd89","build":"183.6156.11.34.5522156","bucket":"-1","time":1562602665826,"group":{"id":"settings","version":"9"},"event":{"data":{"created":1562602665839,"name":"cycleScrolling","value":true},"id":"UISettings"}}
{"session":"92743daacd89","build":"183.6156.11.34.5522156","bucket":"-1","time":1562602665826,"group":{"id":"settings","version":"9"},"event":{"data":{"created":1562602665839,"name":"defaultAutoScrollToSource","value":false},"id":"UISettings"}}
{"session":"92743daacd89","build":"183.6156.11.34.5522156","bucket":"-1","time":1562602665826,"group":{"id":"settings","version":"9"},"event":{"data":{"created":1562602665840,"name":"disableMnemonics","value":true},"id":"UISettings"}}
{"session":"92743daacd89","build":"183.6156.11.34.5522156","bucket":"-1","time":1562602665826,"group":{"id":"settings","version":"9"},"event":{"data":{"created":1562602665841,"name":"disableMnemonicsInControls","value":false},"id":"UISettings"}}
{"session":"92743daacd89","build":"183.6156.11.34.5522156","bucket":"-1","time":1562602665826,"group":{"id":"settings","version":"9"},"event":{"data":{"created":1562602665841,"name":"dndWithPressedAltOnly","value":false},"id":"UISettings"}}
{"session":"92743daacd89","build":"183.6156.11.34.5522156","bucket":"-1","time":1562602665826,"group":{"id":"settings","version":"9"},"event":{"data":{"created":1562602665842,"name":"enableAlphaMode","value":false},"id":"UISettings"}}
{"session":"92743daacd89","build":"183.6156.11.34.5522156","bucket":"-1","time":1562602665826,"group":{"id":"settings","version":"9"},"event":{"data":{"created":1562602665843,"name":"hideKnownExtensionInTabs","value":false},"id":"UISettings"}}
{"session":"92743daacd89","build":"183.6156.11.34.5522156","bucket":"-1","time":1562602665826,"group":{"id":"settings","version":"9"},"event":{"data":{"created":1562602665843,"name":"hideNavigationOnFocusLoss","value":true},"id":"UISettings"}}
{"session":"92743daacd89","build":"183.6156.11.34.5522156","bucket":"-1","time":1562602665826,"group":{"id":"settings","version":"9"},"event":{"data":{"created":1562602665844,"name":"hideTabsIfNeed","value":true},"id":"UISettings"}}
{"session":"92743daacd89","build":"183.6156.11.34.5522156","bucket":"-1","time":1562602665826,"group":{"id":"settings","version":"9"},"event":{"data":{"created":1562602665845,"name":"hideToolStripes","value":false},"id":"UISettings"}}
{"session":"92743daacd89","build":"183.6156.11.34.5522156","bucket":"-1","time":1562602665826,"group":{"id":"settings","version":"9"},"event":{"data":{"created":1562602665846,"name":"languageFlags","value":false},"id":"UISettings"}}
{"session":"92743daacd89","build":"183.6156.11.34.5522156","bucket":"-1","time":1562602665826,"group":{"id":"settings","version":"9"},"event":{"data":{"created":1562602665846,"name":"leftHorizontalSplit","value":false},"id":"UISettings"}}
{"session":"92743daacd89","build":"183.6156.11.34.5522156","bucket":"-1","time":1562602665826,"group":{"id":"settings","version":"9"},"event":{"data":{"created":1562602665847,"name":"markModifiedTabsWithAsterisk","value":false},"id":"UISettings"}}
{"session":"92743daacd89","build":"183.6156.11.34.5522156","bucket":"-1","time":1562602665826,"group":{"id":"settings","version":"9"},"event":{"data":{"created":1562602665848,"name":"mergeEqualStackTraces","value":true},"id":"UISettings"}}
{"session":"92743daacd89","build":"183.6156.11.34.5522156","bucket":"-1","time":1562602665826,"group":{"id":"settings","version":"9"},"event":{"data":{"created":1562602665848,"name":"moveMouseOnDefaultButton","value":false},"id":"UISettings"}}
{"session":"92743daacd89","build":"183.6156.11.34.5522156","bucket":"-1","time":1562602665826,"group":{"id":"settings","version":"9"},"event":{"data":{"created":1562602665849,"name":"navigateToPreview","value":false},"id":"UISettings"}}
{"session":"92743daacd89","build":"183.6156.11.34.5522156","bucket":"-1","time":1562602665826,"group":{"id":"settings","version":"9"},"event":{"data":{"created":1562602665849,"name":"overrideConsoleCycleBufferSize","value":false},"id":"UISettings"}}
{"session":"92743daacd89","build":"183.6156.11.34.5522156","bucket":"-1","time":1562602665826,"group":{"id":"settings","version":"9"},"event":{"data":{"created":1562602665850,"name":"overrideLafFonts","value":false},"id":"UISettings"}}
{"session":"92743daacd89","build":"183.6156.11.34.5522156","bucket":"-1","time":1562602665826,"group":{"id":"settings","version":"9"},"event":{"data":{"created":1562602665850,"name":"pinFindInPath","value":false},"id":"UISettings"}}
{"session":"92743daacd89","build":"183.6156.11.34.5522156","bucket":"-1","time":1562602665826,"group":{"id":"settings","version":"9"},"event":{"data":{"created":1562602665851,"name":"presentationMode","value":false},"id":"UISettings"}}
{"session":"92743daacd89","build":"183.6156.11.34.5522156","bucket":"-1","time":1562602665826,"group":{"id":"settings","version":"9"},"event":{"data":{"created":1562602665852,"name":"reuseNotModifiedTabs","value":false},"id":"UISettings"}}
{"session":"92743daacd89","build":"183.6156.11.34.5522156","bucket":"-1","time":1562602665826,"group":{"id":"settings","version":"9"},"event":{"data":{"created":1562602665852,"name":"rightHorizontalSplit","value":false},"id":"UISettings"}}
{"session":"92743daacd89","build":"183.6156.11.34.5522156","bucket":"-1","time":1562602665826,"group":{"id":"settings","version":"9"},"event":{"data":{"created":1562602665853,"name":"scrollTabLayoutInEditor","value":true},"id":"UISettings"}}
{"session":"92743daacd89","build":"183.6156.11.34.5522156","bucket":"-1","time":1562602665826,"group":{"id":"settings","version":"9"},"event":{"data":{"created":1562602665853,"name":"showCloseButton","value":true},"id":"UISettings"}}
{"session":"92743daacd89","build":"183.6156.11.34.5522156","bucket":"-1","time":1562602665826,"group":{"id":"settings","version":"9"},"event":{"data":{"created":1562602665854,"name":"showDirectoryForNonUniqueFilenames","value":true},"id":"UISettings"}}
{"session":"92743daacd89","build":"183.6156.11.34.5522156","bucket":"-1","time":1562602665826,"group":{"id":"settings","version":"9"},"event":{"data":{"created":1562602665855,"name":"showEditorToolTip","value":true},"id":"UISettings"}}
{"session":"92743daacd89","build":"183.6156.11.34.5522156","bucket":"-1","time":1562602665826,"group":{"id":"settings","version":"9"},"event":{"data":{"created":1562602665855,"name":"showIconInQuickNavigation","value":true},"id":"UISettings"}}
{"session":"92743daacd89","build":"183.6156.11.34.5522156","bucket":"-1","time":1562602665826,"group":{"id":"settings","version":"9"},"event":{"data":{"created":1562602665855,"name":"showIconsInMenus","value":true},"id":"UISettings"}}
{"session":"92743daacd89","build":"183.6156.11.34.5522156","bucket":"-1","time":1562602665827,"group":{"id":"settings","version":"9"},"event":{"data":{"created":1562602665856,"name":"showMainToolbar","value":false},"id":"UISettings"}}
{"session":"92743daacd89","build":"183.6156.11.34.5522156","bucket":"-1","time":1562602665827,"group":{"id":"settings","version":"9"},"event":{"data":{"created":1562602665856,"name":"showMemoryIndicator","value":false},"id":"UISettings"}}
{"session":"92743daacd89","build":"183.6156.11.34.5522156","bucket":"-1","time":1562602665827,"group":{"id":"settings","version":"9"},"event":{"data":{"created":1562602665856,"name":"showNavigationBar","value":true},"id":"UISettings"}}
{"session":"92743daacd89","build":"183.6156.11.34.5522156","bucket":"-1","time":1562602665827,"group":{"id":"settings","version":"9"},"event":{"data":{"created":1562602665857,"name":"showStatusBar","value":true},"id":"UISettings"}}
{"session":"92743daacd89","build":"183.6156.11.34.5522156","bucket":"-1","time":1562602665827,"group":{"id":"settings","version":"9"},"event":{"data":{"created":1562602665857,"name":"showTabsTooltips","value":true},"id":"UISettings"}}
{"session":"92743daacd89","build":"183.6156.11.34.5522156","bucket":"-1","time":1562602665827,"group":{"id":"settings","version":"9"},"event":{"data":{"created":1562602665858,"name":"showToolWindowsNumbers","value":true},"id":"UISettings"}}
{"session":"92743daacd89","build":"183.6156.11.34.5522156","bucket":"-1","time":1562602665827,"group":{"id":"settings","version":"9"},"event":{"data":{"created":1562602665858,"name":"smoothScrolling","value":false},"id":"UISettings"}}
{"session":"92743daacd89","build":"183.6156.11.34.5522156","bucket":"-1","time":1562602665827,"group":{"id":"settings","version":"9"},"event":{"data":{"created":1562602665859,"name":"sortBookmarks","value":false},"id":"UISettings"}}
{"session":"92743daacd89","build":"183.6156.11.34.5522156","bucket":"-1","time":1562602665827,"group":{"id":"settings","version":"9"},"event":{"data":{"created":1562602665859,"name":"sortLookupElementsLexicographically","value":false},"id":"UISettings"}}
{"session":"92743daacd89","build":"183.6156.11.34.5522156","bucket":"-1","time":1562602665827,"group":{"id":"settings","version":"9"},"event":{"data":{"created":1562602665860,"name":"useSmallLabelsOnTabs","value":true},"id":"UISettings"}}
{"session":"92743daacd89","build":"183.6156.11.34.5522156","bucket":"-1","time":1562602665827,"group":{"id":"settings","version":"9"},"event":{"data":{"created":1562602665860,"name":"wideScreenSupport","value":false},"id":"UISettings"}}
{"session":"92743daacd89","build":"183.6156.11.34.5522156","bucket":"-1","time":1562602666687,"group":{"id":"settings","version":"9"},"event":{"data":{"created":1562602666687,"name":"autoSaveIfInactive","value":false},"id":"GeneralSettings"}}
{"session":"92743daacd89","build":"183.6156.11.34.5522156","bucket":"-1","time":1562602666687,"group":{"id":"settings","version":"9"},"event":{"data":{"created":1562602666688,"name":"confirmExit","value":true},"id":"GeneralSettings"}}
{"session":"92743daacd89","build":"183.6156.11.34.5522156","bucket":"-1","time":1562602666687,"group":{"id":"settings","version":"9"},"event":{"data":{"created":1562602666689,"name":"reopenLastProject","value":true},"id":"GeneralSettings"}}
{"session":"92743daacd89","build":"183.6156.11.34.5522156","bucket":"-1","time":1562602666687,"group":{"id":"settings","version":"9"},"event":{"data":{"created":1562602666689,"name":"saveOnFrameDeactivation","value":true},"id":"GeneralSettings"}}
{"session":"92743daacd89","build":"183.6156.11.34.5522156","bucket":"-1","time":1562602666687,"group":{"id":"settings","version":"9"},"event":{"data":{"created":1562602666689,"name":"searchInBackground","value":false},"id":"GeneralSettings"}}
{"session":"92743daacd89","build":"183.6156.11.34.5522156","bucket":"-1","time":1562602666687,"group":{"id":"settings","version":"9"},"event":{"data":{"created":1562602666689,"name":"showTipsOnStartup","value":true},"id":"GeneralSettings"}}
{"session":"92743daacd89","build":"183.6156.11.34.5522156","bucket":"-1","time":1562602666687,"group":{"id":"settings","version":"9"},"event":{"data":{"created":1562602666690,"name":"showWelcomeScreen","value":true},"id":"GeneralSettings"}}
{"session":"92743daacd89","build":"183.6156.11.34.5522156","bucket":"-1","time":1562602666688,"group":{"id":"settings","version":"9"},"event":{"data":{"created":1562602666690,"name":"supportScreenReaders","value":false},"id":"GeneralSettings"}}
{"session":"92743daacd89","build":"183.6156.11.34.5522156","bucket":"-1","time":1562602666688,"group":{"id":"settings","version":"9"},"event":{"data":{"created":1562602666690,"name":"syncOnFrameActivation","value":true},"id":"GeneralSettings"}}
{"session":"92743daacd89","build":"183.6156.11.34.5522156","bucket":"-1","time":1562602666688,"group":{"id":"settings","version":"9"},"event":{"data":{"created":1562602666690,"name":"useDefaultBrowser","value":true},"id":"GeneralSettings"}}
{"session":"92743daacd89","build":"183.6156.11.34.5522156","bucket":"-1","time":1562602666688,"group":{"id":"settings","version":"9"},"event":{"data":{"created":1562602666691,"name":"useSafeWrite","value":true},"id":"GeneralSettings"}}
{"session":"92743daacd89","build":"183.6156.11.34.5522156","bucket":"-1","time":1562602671373,"group":{"id":"ui.dialogs","version":"9"},"event":{"count":1,"data":{"created":1562602671374,"type":"show"},"id":"com.intellij.openapi.progress.util.ProgressDialog$MyDialogWrapper"}}
{"session":"92743daacd89","build":"183.6156.11.34.5522156","bucket":"-1","time":1562602672815,"group":{"id":"ui.dialogs","version":"9"},"event":{"count":1,"data":{"code":1,"created":1562602672815,"type":"close"},"id":"com.intellij.openapi.progress.util.ProgressDialog$MyDialogWrapper"}}
{"session":"92743daacd89","build":"183.6156.11.34.5522156","bucket":"-1","time":1562602672859,"group":{"id":"statistics.lifecycle.project","version":"9"},"event":{"count":1,"data":{"created":1562602672859,"project":"1286078175"},"id":"project.opened"}}
{"session":"92743daacd89","build":"183.6156.11.34.5522156","bucket":"-1","time":1562602672861,"group":{"id":"lifecycle","version":"9"},"event":{"count":1,"data":{"created":1562602672861},"id":"project.opened"}}
{"session":"92743daacd89","build":"183.6156.11.34.5522156","bucket":"-1","time":1562602674383,"group":{"id":"ui.dialogs","version":"9"},"event":{"count":1,"data":{"created":1562602674383,"type":"show"},"id":"com.intellij.openapi.progress.util.ProgressDialog$MyDialogWrapper"}}
{"session":"92743daacd89","build":"183.6156.11.34.5522156","bucket":"-1","time":1562602674668,"group":{"id":"statistics.lifecycle.app","version":"9"},"event":{"count":2,"data":{"last":1562602674709,"created":1562602674668,"data_2":"mappingFailed:false","data_1":"OOM:false","data_3":"pluginId:unknown"},"id":"ide.error"}}
{"session":"92743daacd89","build":"183.6156.11.34.5522156","bucket":"-1","time":1562602678861,"group":{"id":"statistics.file.types.open","version":"9"},"event":{"count":4,"data":{"last":1562602679353,"created":1562602678861,"project":"1286078175"},"id":"JAVA"}}
{"session":"92743daacd89","build":"183.6156.11.34.5522156","bucket":"-1","time":1562602679502,"group":{"id":"statistics.file.types.open","version":"9"},"event":{"count":2,"data":{"last":1562602679660,"created":1562602679502,"project":"1286078175"},"id":"Kotlin"}}
{"session":"92743daacd89","build":"183.6156.11.34.5522156","bucket":"-1","time":1562602679729,"group":{"id":"statistics.file.types.open","version":"9"},"event":{"count":1,"data":{"created":1562602679729,"project":"1286078175"},"id":"JAVA"}}
{"session":"92743daacd89","build":"183.6156.11.34.5522156","bucket":"-1","time":1562602679790,"group":{"id":"statistics.file.types.open","version":"9"},"event":{"count":1,"data":{"created":1562602679790,"project":"1286078175"},"id":"Kotlin"}}
{"session":"92743daacd89","build":"183.6156.11.34.5522156","bucket":"-1","time":1562602679929,"group":{"id":"statistics.file.types.open","version":"9"},"event":{"count":2,"data":{"last":1562602679995,"created":1562602679929,"project":"1286078175"},"id":"Groovy"}}
{"session":"92743daacd89","build":"183.6156.11.34.5522156","bucket":"-1","time":1562602680049,"group":{"id":"statistics.lifecycle.app","version":"9"},"event":{"count":1,"data":{"created":1562602680049,"data_2":"mappingFailed:false","data_1":"OOM:false","data_3":"pluginId:unknown"},"id":"ide.error"}}
{"session":"92743daacd89","build":"183.6156.11.34.5522156","bucket":"-1","time":1562602680107,"group":{"id":"statistics.lifecycle.app","version":"9"},"event":{"count":1,"data":{"created":1562602680107},"id":"ide.start"}}
{"session":"92743daacd89","build":"183.6156.11.34.5522156","bucket":"-1","time":1562602680107,"group":{"id":"lifecycle","version":"9"},"event":{"count":1,"data":{"created":1562602680107},"id":"app.started"}}
{"session":"92743daacd89","build":"183.6156.11.34.5522156","bucket":"-1","time":1562602680246,"group":{"id":"toolwindow.v2","version":"9"},"event":{"count":1,"data":{"created":1562602680246,"data_1":"Mac"},"id":"Project_by_Activation"}}
{"session":"92743daacd89","build":"183.6156.11.34.5522156","bucket":"-1","time":1562602681074,"group":{"id":"statistics.ui.tips","version":"9"},"event":{"count":1,"data":{"created":1562602681074},"id":"shown.automatically"}}
{"session":"92743daacd89","build":"183.6156.11.34.5522156","bucket":"-1","time":1562602681119,"group":{"id":"ui.dialogs","version":"9"},"event":{"count":1,"data":{"created":1562602681119,"type":"show"},"id":"com.intellij.ide.util.TipDialog"}}
{"session":"92743daacd89","build":"183.6156.11.34.5522156","bucket":"-1","time":1562602681560,"group":{"id":"toolwindow.v2","version":"9"},"event":{"count":1,"data":{"created":1562602681560,"data_1":"Mac"},"id":"Build_by_Activation"}}
{"session":"92743daacd89","build":"183.6156.11.34.5522156","bucket":"-1","time":1562602681835,"group":{"id":"ui.dialogs","version":"9"},"event":{"count":1,"data":{"code":1,"created":1562602681836,"type":"close"},"id":"com.intellij.openapi.progress.util.ProgressDialog$MyDialogWrapper"}}
{"session":"92743daacd89","build":"183.6156.11.34.5522156","bucket":"-1","time":1562602681945,"group":{"id":"statistics.lifecycle.app","version":"9"},"event":{"count":2,"data":{"last":1562602681965,"created":1562602681945,"data_2":"mappingFailed:false","data_1":"OOM:false","data_3":"pluginId:unknown"},"id":"ide.error"}}
{"session":"92743daacd89","build":"183.6156.11.34.5522156","bucket":"-1","time":1562602682062,"group":{"id":"statistics.lifecycle.project","version":"9"},"event":{"count":1,"data":{"created":1562602682062,"project":"1286078175"},"id":"project.open.time.11"}}
{"session":"92743daacd89","build":"183.6156.11.34.5522156","bucket":"-1","time":1562602682063,"group":{"id":"lifecycle","version":"9"},"event":{"count":1,"data":{"created":1562602682063,"time.ms":11223},"id":"project.opening.finished"}}
{"session":"92743daacd89","build":"183.6156.11.34.5522156","bucket":"-1","time":1562602682179,"group":{"id":"statistics.lifecycle.app","version":"9"},"event":{"count":2,"data":{"last":1562602682860,"created":1562602682179,"data_2":"mappingFailed:false","data_1":"OOM:false","data_3":"pluginId:unknown"},"id":"ide.error"}}
{"session":"92743daacd89","build":"183.6156.11.34.5522156","bucket":"-1","time":1562602682861,"group":{"id":"ui.dialogs","version":"9"},"event":{"count":1,"data":{"code":1,"created":1562602682861,"type":"close"},"id":"com.intellij.ide.util.TipDialog"}}
{"session":"92743daacd89","build":"183.6156.11.34.5522156","bucket":"-1","time":1562602683154,"group":{"id":"statistics.lifecycle.app","version":"9"},"event":{"count":10,"data":{"last":1562602690426,"created":1562602683154,"data_2":"mappingFailed:false","data_1":"OOM:false","data_3":"pluginId:unknown"},"id":"ide.error"}}
{"session":"92743daacd89","build":"183.6156.11.34.5522156","bucket":"-1","time":1562602694068,"group":{"id":"toolwindow.v2","version":"9"},"event":{"count":1,"data":{"created":1562602694068,"data_1":"Mac"},"id":"Project_by_Activation"}}
{"session":"92743daacd89","build":"183.6156.11.34.5522156","bucket":"-1","time":1562602694466,"group":{"id":"statistics.lifecycle.app","version":"9"},"event":{"count":3,"data":{"last":1562602696870,"created":1562602694466,"data_2":"mappingFailed:false","data_1":"OOM:false","data_3":"pluginId:unknown"},"id":"ide.error"}}
{"session":"92743daacd89","build":"183.6156.11.34.5522156","bucket":"-1","time":1562602698268,"group":{"id":"actions.v2","version":"9"},"event":{"count":1,"data":{"context_menu":true,"created":1562602698268,"data_1":"Mac"},"id":"third.party.plugin.action"}}
{"session":"92743daacd89","build":"183.6156.11.34.5522156","bucket":"-1","time":1562602698402,"group":{"id":"ui.dialogs","version":"9"},"event":{"count":1,"data":{"created":1562602698402,"type":"show"},"id":"dialog.third.party.plugin"}}
{"session":"92743daacd89","build":"183.6156.11.34.5522156","bucket":"-1","time":1562602701011,"group":{"id":"ui.dialogs","version":"9"},"event":{"count":1,"data":{"code":1,"created":1562602701011,"type":"close"},"id":"dialog.third.party.plugin"}}
{"session":"92743daacd89","build":"183.6156.11.34.5522156","bucket":"-1","time":1562602701327,"group":{"id":"statistics.lifecycle.app","version":"9"},"event":{"count":13,"data":{"last":1562602713159,"created":1562602701327,"data_2":"mappingFailed:false","data_1":"OOM:false","data_3":"pluginId:unknown"},"id":"ide.error"}}
{"session":"92743daacd89","build":"183.6156.11.34.5522156","bucket":"-1","time":1562602755183,"group":{"id":"toolwindow.v2","version":"9"},"event":{"count":1,"data":{"created":1562602755183,"data_1":"Mac"},"id":"Build_by_Activation"}}
{"session":"92743daacd89","build":"183.6156.11.34.5522156","bucket":"-1","time":1562602755449,"group":{"id":"statistics.lifecycle.app","version":"9"},"event":{"count":2,"data":{"last":1562602758390,"created":1562602755449,"data_2":"mappingFailed:false","data_1":"OOM:false","data_3":"pluginId:unknown"},"id":"ide.error"}}
{"session":"92743daacd89","build":"183.6156.11.34.5522156","bucket":"-1","time":1562602760617,"group":{"id":"toolwindow.v2","version":"9"},"event":{"count":1,"data":{"created":1562602760617,"data_1":"Mac"},"id":"Project_by_Activation"}}
{"session":"92743daacd89","build":"183.6156.11.34.5522156","bucket":"-1","time":1562602762296,"group":{"id":"statistics.lifecycle.app","version":"9"},"event":{"count":3,"data":{"last":1562602766496,"created":1562602762297,"data_2":"mappingFailed:false","data_1":"OOM:false","data_3":"pluginId:unknown"},"id":"ide.error"}}
{"session":"92743daacd89","build":"183.6156.11.34.5522156","bucket":"-1","time":1562602766510,"group":{"id":"toolwindow.v2","version":"9"},"event":{"count":1,"data":{"created":1562602766510,"data_1":"Mac"},"id":"Build_by_Activation"}}
{"session":"92743daacd89","build":"183.6156.11.34.5522156","bucket":"-1","time":1562602766604,"group":{"id":"statistics.lifecycle.app","version":"9"},"event":{"count":5,"data":{"last":1562602766916,"created":1562602766604,"data_2":"mappingFailed:false","data_1":"OOM:false","data_3":"pluginId:unknown"},"id":"ide.error"}}
{"session":"92743daacd89","build":"183.6156.11.34.5522156","bucket":"-1","time":1562602770133,"group":{"id":"toolwindow.v2","version":"9"},"event":{"count":1,"data":{"created":1562602770133,"data_1":"Mac"},"id":"Project_by_Activation"}}
{"session":"92743daacd89","build":"183.6156.11.34.5522156","bucket":"-1","time":1562602771159,"group":{"id":"statistics.lifecycle.app","version":"9"},"event":{"count":3,"data":{"last":1562602773871,"created":1562602771159,"data_2":"mappingFailed:false","data_1":"OOM:false","data_3":"pluginId:unknown"},"id":"ide.error"}}
{"session":"92743daacd89","build":"183.6156.11.34.5522156","bucket":"-1","time":1562602780094,"group":{"id":"actions.v2","version":"9"},"event":{"count":1,"data":{"context_menu":true,"created":1562602780094,"data_1":"Mac"},"id":"third.party.plugin.action"}}
{"session":"92743daacd89","build":"183.6156.11.34.5522156","bucket":"-1","time":1562602780144,"group":{"id":"ui.dialogs","version":"9"},"event":{"count":1,"data":{"created":1562602780144,"type":"show"},"id":"com.intellij.openapi.fileChooser.ex.FileChooserDialogImpl"}}
{"session":"92743daacd89","build":"183.6156.11.34.5522156","bucket":"-1","time":1562602798981,"group":{"id":"ui.dialogs","version":"9"},"event":{"count":1,"data":{"code":0,"created":1562602798981,"type":"close"},"id":"com.intellij.openapi.fileChooser.ex.FileChooserDialogImpl"}}
{"session":"92743daacd89","build":"183.6156.11.34.5522156","bucket":"-1","time":1562602804346,"group":{"id":"statistics.lifecycle.project","version":"9"},"event":{"count":1,"data":{"created":1562602804346,"project":"1286078175"},"id":"project.closed"}}
{"session":"92743daacd89","build":"183.6156.11.34.5522156","bucket":"-1","time":1562602804551,"group":{"id":"lifecycle","version":"9"},"event":{"count":1,"data":{"created":1562602804551},"id":"project.closed"}}
{"session":"92743daacd89","build":"183.6156.11.34.5522156","bucket":"-1","time":1562602804973,"group":{"id":"ui.dialogs","version":"9"},"event":{"count":1,"data":{"created":1562602804973,"type":"show"},"id":"com.intellij.openapi.progress.util.ProgressDialog$MyDialogWrapper"}}
{"session":"92743daacd89","build":"183.6156.11.34.5522156","bucket":"-1","time":1562602805070,"group":{"id":"ui.dialogs","version":"9"},"event":{"count":1,"data":{"code":1,"created":1562602805070,"type":"close"},"id":"com.intellij.openapi.progress.util.ProgressDialog$MyDialogWrapper"}}
{"session":"92743daacd89","build":"183.6156.11.34.5522156","bucket":"-1","time":1562602805072,"group":{"id":"statistics.lifecycle.project","version":"9"},"event":{"count":1,"data":{"created":1562602805072,"project":"2004978184"},"id":"project.opened"}}
{"session":"92743daacd89","build":"183.6156.11.34.5522156","bucket":"-1","time":1562602805072,"group":{"id":"lifecycle","version":"9"},"event":{"count":1,"data":{"created":1562602805072},"id":"project.opened"}}
{"session":"92743daacd89","build":"183.6156.11.34.5522156","bucket":"-1","time":1562602805376,"group":{"id":"toolwindow.v2","version":"9"},"event":{"count":1,"data":{"created":1562602805376,"data_1":"Mac"},"id":"Project_by_Activation"}}
{"session":"92743daacd89","build":"183.6156.11.34.5522156","bucket":"-1","time":1562602805789,"group":{"id":"statistics.lifecycle.project","version":"9"},"event":{"count":1,"data":{"created":1562602805789,"project":"2004978184"},"id":"project.open.time.1"}}
{"session":"92743daacd89","build":"183.6156.11.34.5522156","bucket":"-1","time":1562602805789,"group":{"id":"lifecycle","version":"9"},"event":{"count":1,"data":{"created":1562602805789,"time.ms":1130},"id":"project.opening.finished"}}
{"session":"92743daacd89","build":"183.6156.11.34.5522156","bucket":"-1","time":1562602848817,"group":{"id":"ui.dialogs","version":"9"},"event":{"count":1,"data":{"created":1562602848817,"type":"show"},"id":"dialog.third.party.plugin"}}
