{"session":"29ecf647942a","build":"183.6156.11.34.5522156","bucket":"-1","time":1562597213319,"group":{"id":"system.os.name","version":"9"},"event":{"data":{"created":1562597213319},"id":"Mac.OS.X"}}
{"session":"29ecf647942a","build":"183.6156.11.34.5522156","bucket":"-1","time":1562597213319,"group":{"id":"system.os.version","version":"9"},"event":{"data":{"created":1562597213331},"id":"10.14.4"}}
{"session":"29ecf647942a","build":"183.6156.11.34.5522156","bucket":"-1","time":1562597213319,"group":{"id":"system.jvm.vendor","version":"9"},"event":{"data":{"created":1562597213347},"id":"Oracle_Corporation"}}
{"session":"29ecf647942a","build":"183.6156.11.34.5522156","bucket":"-1","time":1562597213319,"group":{"id":"system.jvm.version","version":"9"},"event":{"data":{"created":1562597213348},"id":"1.8"}}
{"session":"29ecf647942a","build":"183.6156.11.34.5522156","bucket":"-1","time":1562597213331,"group":{"id":"settings","version":"9"},"event":{"data":{"created":1562597213349,"name":"activeMruEditorOnClose","value":false},"id":"UISettings"}}
{"session":"29ecf647942a","build":"183.6156.11.34.5522156","bucket":"-1","time":1562597213331,"group":{"id":"settings","version":"9"},"event":{"data":{"created":1562597213350,"name":"activeRightEditorOnClose","value":false},"id":"UISettings"}}
{"session":"29ecf647942a","build":"183.6156.11.34.5522156","bucket":"-1","time":1562597213331,"group":{"id":"settings","version":"9"},"event":{"data":{"created":1562597213351,"name":"allowMergeButtons","value":true},"id":"UISettings"}}
{"session":"29ecf647942a","build":"183.6156.11.34.5522156","bucket":"-1","time":1562597213331,"group":{"id":"settings","version":"9"},"event":{"data":{"created":1562597213353,"name":"alwaysShowWindowsButton","value":false},"id":"UISettings"}}
{"session":"29ecf647942a","build":"183.6156.11.34.5522156","bucket":"-1","time":1562597213331,"group":{"id":"settings","version":"9"},"event":{"data":{"created":1562597213353,"name":"animateWindows","value":true},"id":"UISettings"}}
{"session":"29ecf647942a","build":"183.6156.11.34.5522156","bucket":"-1","time":1562597213331,"group":{"id":"settings","version":"9"},"event":{"data":{"created":1562597213354,"name":"closeNonModifiedFilesFirst","value":false},"id":"UISettings"}}
{"session":"29ecf647942a","build":"183.6156.11.34.5522156","bucket":"-1","time":1562597213331,"group":{"id":"settings","version":"9"},"event":{"data":{"created":1562597213355,"name":"closeTabButtonOnTheRight","value":true},"id":"UISettings"}}
{"session":"29ecf647942a","build":"183.6156.11.34.5522156","bucket":"-1","time":1562597213331,"group":{"id":"settings","version":"9"},"event":{"data":{"created":1562597213356,"name":"cycleScrolling","value":true},"id":"UISettings"}}
{"session":"29ecf647942a","build":"183.6156.11.34.5522156","bucket":"-1","time":1562597213331,"group":{"id":"settings","version":"9"},"event":{"data":{"created":1562597213357,"name":"defaultAutoScrollToSource","value":false},"id":"UISettings"}}
{"session":"29ecf647942a","build":"183.6156.11.34.5522156","bucket":"-1","time":1562597213331,"group":{"id":"settings","version":"9"},"event":{"data":{"created":1562597213358,"name":"disableMnemonics","value":true},"id":"UISettings"}}
{"session":"29ecf647942a","build":"183.6156.11.34.5522156","bucket":"-1","time":1562597213331,"group":{"id":"settings","version":"9"},"event":{"data":{"created":1562597213358,"name":"disableMnemonicsInControls","value":false},"id":"UISettings"}}
{"session":"29ecf647942a","build":"183.6156.11.34.5522156","bucket":"-1","time":1562597213331,"group":{"id":"settings","version":"9"},"event":{"data":{"created":1562597213359,"name":"dndWithPressedAltOnly","value":false},"id":"UISettings"}}
{"session":"29ecf647942a","build":"183.6156.11.34.5522156","bucket":"-1","time":1562597213331,"group":{"id":"settings","version":"9"},"event":{"data":{"created":1562597213360,"name":"enableAlphaMode","value":false},"id":"UISettings"}}
{"session":"29ecf647942a","build":"183.6156.11.34.5522156","bucket":"-1","time":1562597213331,"group":{"id":"settings","version":"9"},"event":{"data":{"created":1562597213360,"name":"hideKnownExtensionInTabs","value":false},"id":"UISettings"}}
{"session":"29ecf647942a","build":"183.6156.11.34.5522156","bucket":"-1","time":1562597213331,"group":{"id":"settings","version":"9"},"event":{"data":{"created":1562597213361,"name":"hideNavigationOnFocusLoss","value":true},"id":"UISettings"}}
{"session":"29ecf647942a","build":"183.6156.11.34.5522156","bucket":"-1","time":1562597213331,"group":{"id":"settings","version":"9"},"event":{"data":{"created":1562597213362,"name":"hideTabsIfNeed","value":true},"id":"UISettings"}}
{"session":"29ecf647942a","build":"183.6156.11.34.5522156","bucket":"-1","time":1562597213331,"group":{"id":"settings","version":"9"},"event":{"data":{"created":1562597213362,"name":"hideToolStripes","value":false},"id":"UISettings"}}
{"session":"29ecf647942a","build":"183.6156.11.34.5522156","bucket":"-1","time":1562597213331,"group":{"id":"settings","version":"9"},"event":{"data":{"created":1562597213363,"name":"languageFlags","value":false},"id":"UISettings"}}
{"session":"29ecf647942a","build":"183.6156.11.34.5522156","bucket":"-1","time":1562597213331,"group":{"id":"settings","version":"9"},"event":{"data":{"created":1562597213364,"name":"leftHorizontalSplit","value":false},"id":"UISettings"}}
{"session":"29ecf647942a","build":"183.6156.11.34.5522156","bucket":"-1","time":1562597213331,"group":{"id":"settings","version":"9"},"event":{"data":{"created":1562597213364,"name":"markModifiedTabsWithAsterisk","value":false},"id":"UISettings"}}
{"session":"29ecf647942a","build":"183.6156.11.34.5522156","bucket":"-1","time":1562597213331,"group":{"id":"settings","version":"9"},"event":{"data":{"created":1562597213365,"name":"mergeEqualStackTraces","value":true},"id":"UISettings"}}
{"session":"29ecf647942a","build":"183.6156.11.34.5522156","bucket":"-1","time":1562597213331,"group":{"id":"settings","version":"9"},"event":{"data":{"created":1562597213366,"name":"moveMouseOnDefaultButton","value":false},"id":"UISettings"}}
{"session":"29ecf647942a","build":"183.6156.11.34.5522156","bucket":"-1","time":1562597213331,"group":{"id":"settings","version":"9"},"event":{"data":{"created":1562597213366,"name":"navigateToPreview","value":false},"id":"UISettings"}}
{"session":"29ecf647942a","build":"183.6156.11.34.5522156","bucket":"-1","time":1562597213331,"group":{"id":"settings","version":"9"},"event":{"data":{"created":1562597213367,"name":"overrideConsoleCycleBufferSize","value":false},"id":"UISettings"}}
{"session":"29ecf647942a","build":"183.6156.11.34.5522156","bucket":"-1","time":1562597213331,"group":{"id":"settings","version":"9"},"event":{"data":{"created":1562597213368,"name":"overrideLafFonts","value":false},"id":"UISettings"}}
{"session":"29ecf647942a","build":"183.6156.11.34.5522156","bucket":"-1","time":1562597213331,"group":{"id":"settings","version":"9"},"event":{"data":{"created":1562597213369,"name":"pinFindInPath","value":false},"id":"UISettings"}}
{"session":"29ecf647942a","build":"183.6156.11.34.5522156","bucket":"-1","time":1562597213331,"group":{"id":"settings","version":"9"},"event":{"data":{"created":1562597213369,"name":"presentationMode","value":false},"id":"UISettings"}}
{"session":"29ecf647942a","build":"183.6156.11.34.5522156","bucket":"-1","time":1562597213331,"group":{"id":"settings","version":"9"},"event":{"data":{"created":1562597213369,"name":"reuseNotModifiedTabs","value":false},"id":"UISettings"}}
{"session":"29ecf647942a","build":"183.6156.11.34.5522156","bucket":"-1","time":1562597213331,"group":{"id":"settings","version":"9"},"event":{"data":{"created":1562597213370,"name":"rightHorizontalSplit","value":false},"id":"UISettings"}}
{"session":"29ecf647942a","build":"183.6156.11.34.5522156","bucket":"-1","time":1562597213331,"group":{"id":"settings","version":"9"},"event":{"data":{"created":1562597213371,"name":"scrollTabLayoutInEditor","value":true},"id":"UISettings"}}
{"session":"29ecf647942a","build":"183.6156.11.34.5522156","bucket":"-1","time":1562597213332,"group":{"id":"settings","version":"9"},"event":{"data":{"created":1562597213371,"name":"showCloseButton","value":true},"id":"UISettings"}}
{"session":"29ecf647942a","build":"183.6156.11.34.5522156","bucket":"-1","time":1562597213332,"group":{"id":"settings","version":"9"},"event":{"data":{"created":1562597213372,"name":"showDirectoryForNonUniqueFilenames","value":true},"id":"UISettings"}}
{"session":"29ecf647942a","build":"183.6156.11.34.5522156","bucket":"-1","time":1562597213332,"group":{"id":"settings","version":"9"},"event":{"data":{"created":1562597213372,"name":"showEditorToolTip","value":true},"id":"UISettings"}}
{"session":"29ecf647942a","build":"183.6156.11.34.5522156","bucket":"-1","time":1562597213332,"group":{"id":"settings","version":"9"},"event":{"data":{"created":1562597213373,"name":"showIconInQuickNavigation","value":true},"id":"UISettings"}}
{"session":"29ecf647942a","build":"183.6156.11.34.5522156","bucket":"-1","time":1562597213332,"group":{"id":"settings","version":"9"},"event":{"data":{"created":1562597213374,"name":"showIconsInMenus","value":true},"id":"UISettings"}}
{"session":"29ecf647942a","build":"183.6156.11.34.5522156","bucket":"-1","time":1562597213332,"group":{"id":"settings","version":"9"},"event":{"data":{"created":1562597213374,"name":"showMainToolbar","value":false},"id":"UISettings"}}
{"session":"29ecf647942a","build":"183.6156.11.34.5522156","bucket":"-1","time":1562597213332,"group":{"id":"settings","version":"9"},"event":{"data":{"created":1562597213375,"name":"showMemoryIndicator","value":false},"id":"UISettings"}}
{"session":"29ecf647942a","build":"183.6156.11.34.5522156","bucket":"-1","time":1562597213332,"group":{"id":"settings","version":"9"},"event":{"data":{"created":1562597213375,"name":"showNavigationBar","value":true},"id":"UISettings"}}
{"session":"29ecf647942a","build":"183.6156.11.34.5522156","bucket":"-1","time":1562597213332,"group":{"id":"settings","version":"9"},"event":{"data":{"created":1562597213376,"name":"showStatusBar","value":true},"id":"UISettings"}}
{"session":"29ecf647942a","build":"183.6156.11.34.5522156","bucket":"-1","time":1562597213332,"group":{"id":"settings","version":"9"},"event":{"data":{"created":1562597213376,"name":"showTabsTooltips","value":true},"id":"UISettings"}}
{"session":"29ecf647942a","build":"183.6156.11.34.5522156","bucket":"-1","time":1562597213332,"group":{"id":"settings","version":"9"},"event":{"data":{"created":1562597213376,"name":"showToolWindowsNumbers","value":true},"id":"UISettings"}}
{"session":"29ecf647942a","build":"183.6156.11.34.5522156","bucket":"-1","time":1562597213332,"group":{"id":"settings","version":"9"},"event":{"data":{"created":1562597213377,"name":"smoothScrolling","value":false},"id":"UISettings"}}
{"session":"29ecf647942a","build":"183.6156.11.34.5522156","bucket":"-1","time":1562597213332,"group":{"id":"settings","version":"9"},"event":{"data":{"created":1562597213377,"name":"sortBookmarks","value":false},"id":"UISettings"}}
{"session":"29ecf647942a","build":"183.6156.11.34.5522156","bucket":"-1","time":1562597213332,"group":{"id":"settings","version":"9"},"event":{"data":{"created":1562597213378,"name":"sortLookupElementsLexicographically","value":false},"id":"UISettings"}}
{"session":"29ecf647942a","build":"183.6156.11.34.5522156","bucket":"-1","time":1562597213332,"group":{"id":"settings","version":"9"},"event":{"data":{"created":1562597213378,"name":"useSmallLabelsOnTabs","value":true},"id":"UISettings"}}
{"session":"29ecf647942a","build":"183.6156.11.34.5522156","bucket":"-1","time":1562597213332,"group":{"id":"settings","version":"9"},"event":{"data":{"created":1562597213379,"name":"wideScreenSupport","value":false},"id":"UISettings"}}
{"session":"29ecf647942a","build":"183.6156.11.34.5522156","bucket":"-1","time":1562597214319,"group":{"id":"settings","version":"9"},"event":{"data":{"created":1562597214319,"name":"autoSaveIfInactive","value":false},"id":"GeneralSettings"}}
{"session":"29ecf647942a","build":"183.6156.11.34.5522156","bucket":"-1","time":1562597214319,"group":{"id":"settings","version":"9"},"event":{"data":{"created":1562597214320,"name":"confirmExit","value":true},"id":"GeneralSettings"}}
{"session":"29ecf647942a","build":"183.6156.11.34.5522156","bucket":"-1","time":1562597214319,"group":{"id":"settings","version":"9"},"event":{"data":{"created":1562597214320,"name":"reopenLastProject","value":true},"id":"GeneralSettings"}}
{"session":"29ecf647942a","build":"183.6156.11.34.5522156","bucket":"-1","time":1562597214319,"group":{"id":"settings","version":"9"},"event":{"data":{"created":1562597214321,"name":"saveOnFrameDeactivation","value":true},"id":"GeneralSettings"}}
{"session":"29ecf647942a","build":"183.6156.11.34.5522156","bucket":"-1","time":1562597214319,"group":{"id":"settings","version":"9"},"event":{"data":{"created":1562597214321,"name":"searchInBackground","value":false},"id":"GeneralSettings"}}
{"session":"29ecf647942a","build":"183.6156.11.34.5522156","bucket":"-1","time":1562597214319,"group":{"id":"settings","version":"9"},"event":{"data":{"created":1562597214321,"name":"showTipsOnStartup","value":true},"id":"GeneralSettings"}}
{"session":"29ecf647942a","build":"183.6156.11.34.5522156","bucket":"-1","time":1562597214319,"group":{"id":"settings","version":"9"},"event":{"data":{"created":1562597214322,"name":"showWelcomeScreen","value":true},"id":"GeneralSettings"}}
{"session":"29ecf647942a","build":"183.6156.11.34.5522156","bucket":"-1","time":1562597214319,"group":{"id":"settings","version":"9"},"event":{"data":{"created":1562597214322,"name":"supportScreenReaders","value":false},"id":"GeneralSettings"}}
{"session":"29ecf647942a","build":"183.6156.11.34.5522156","bucket":"-1","time":1562597214319,"group":{"id":"settings","version":"9"},"event":{"data":{"created":1562597214322,"name":"syncOnFrameActivation","value":true},"id":"GeneralSettings"}}
{"session":"29ecf647942a","build":"183.6156.11.34.5522156","bucket":"-1","time":1562597214319,"group":{"id":"settings","version":"9"},"event":{"data":{"created":1562597214323,"name":"useDefaultBrowser","value":true},"id":"GeneralSettings"}}
{"session":"29ecf647942a","build":"183.6156.11.34.5522156","bucket":"-1","time":1562597214319,"group":{"id":"settings","version":"9"},"event":{"data":{"created":1562597214323,"name":"useSafeWrite","value":true},"id":"GeneralSettings"}}
{"session":"29ecf647942a","build":"183.6156.11.34.5522156","bucket":"-1","time":1562597219484,"group":{"id":"ui.dialogs","version":"9"},"event":{"count":1,"data":{"created":1562597219484,"type":"show"},"id":"com.intellij.openapi.progress.util.ProgressDialog$MyDialogWrapper"}}
{"session":"29ecf647942a","build":"183.6156.11.34.5522156","bucket":"-1","time":1562597221036,"group":{"id":"ui.dialogs","version":"9"},"event":{"count":1,"data":{"code":1,"created":1562597221036,"type":"close"},"id":"com.intellij.openapi.progress.util.ProgressDialog$MyDialogWrapper"}}
{"session":"29ecf647942a","build":"183.6156.11.34.5522156","bucket":"-1","time":1562597221074,"group":{"id":"statistics.lifecycle.project","version":"9"},"event":{"count":1,"data":{"created":1562597221074,"project":"1286078175"},"id":"project.opened"}}
{"session":"29ecf647942a","build":"183.6156.11.34.5522156","bucket":"-1","time":1562597221076,"group":{"id":"lifecycle","version":"9"},"event":{"count":1,"data":{"created":1562597221076},"id":"project.opened"}}
{"session":"29ecf647942a","build":"183.6156.11.34.5522156","bucket":"-1","time":1562597222474,"group":{"id":"ui.dialogs","version":"9"},"event":{"count":1,"data":{"created":1562597222474,"type":"show"},"id":"com.intellij.openapi.progress.util.ProgressDialog$MyDialogWrapper"}}
{"session":"29ecf647942a","build":"183.6156.11.34.5522156","bucket":"-1","time":1562597227554,"group":{"id":"statistics.lifecycle.app","version":"9"},"event":{"count":1,"data":{"created":1562597227554},"id":"ide.start"}}
{"session":"29ecf647942a","build":"183.6156.11.34.5522156","bucket":"-1","time":1562597227554,"group":{"id":"lifecycle","version":"9"},"event":{"count":1,"data":{"created":1562597227556},"id":"app.started"}}
{"session":"29ecf647942a","build":"183.6156.11.34.5522156","bucket":"-1","time":1562597227679,"group":{"id":"toolwindow.v2","version":"9"},"event":{"count":1,"data":{"created":1562597227679,"data_1":"Mac"},"id":"Project_by_Activation"}}
{"session":"29ecf647942a","build":"183.6156.11.34.5522156","bucket":"-1","time":1562597228229,"group":{"id":"statistics.ui.tips","version":"9"},"event":{"count":1,"data":{"created":1562597228230},"id":"shown.automatically"}}
{"session":"29ecf647942a","build":"183.6156.11.34.5522156","bucket":"-1","time":1562597228307,"group":{"id":"ui.dialogs","version":"9"},"event":{"count":1,"data":{"created":1562597228307,"type":"show"},"id":"com.intellij.ide.util.TipDialog"}}
{"session":"29ecf647942a","build":"183.6156.11.34.5522156","bucket":"-1","time":1562597229378,"group":{"id":"ui.dialogs","version":"9"},"event":{"count":1,"data":{"code":1,"created":1562597229379,"type":"close"},"id":"com.intellij.openapi.progress.util.ProgressDialog$MyDialogWrapper"}}
{"session":"29ecf647942a","build":"183.6156.11.34.5522156","bucket":"-1","time":1562597229640,"group":{"id":"statistics.lifecycle.project","version":"9"},"event":{"count":1,"data":{"created":1562597229640,"project":"1286078175"},"id":"project.open.time.10"}}
{"session":"29ecf647942a","build":"183.6156.11.34.5522156","bucket":"-1","time":1562597229642,"group":{"id":"lifecycle","version":"9"},"event":{"count":1,"data":{"created":1562597229642,"time.ms":10676},"id":"project.opening.finished"}}
{"session":"29ecf647942a","build":"183.6156.11.34.5522156","bucket":"-1","time":1562597231922,"group":{"id":"ui.dialogs","version":"9"},"event":{"count":1,"data":{"code":1,"created":1562597231922,"type":"close"},"id":"com.intellij.ide.util.TipDialog"}}
{"session":"29ecf647942a","build":"183.6156.11.34.5522156","bucket":"-1","time":1562597253712,"group":{"id":"ui.dialogs","version":"9"},"event":{"count":1,"data":{"created":1562597253712,"type":"show"},"id":"com.intellij.openapi.options.newEditor.SettingsDialog"}}
{"session":"29ecf647942a","build":"183.6156.11.34.5522156","bucket":"-1","time":1562597287653,"group":{"id":"ui.dialogs","version":"9"},"event":{"count":1,"data":{"code":0,"created":1562597287653,"type":"close"},"id":"com.intellij.openapi.options.newEditor.SettingsDialog"}}
{"session":"29ecf647942a","build":"183.6156.11.34.5522156","bucket":"-1","time":1562597307305,"group":{"id":"ui.dialogs","version":"9"},"event":{"count":1,"data":{"created":1562597307305,"type":"show"},"id":"dialog.third.party.plugin"}}
{"session":"29ecf647942a","build":"183.6156.11.34.5522156","bucket":"-1","time":1562597363166,"group":{"id":"ui.dialogs","version":"9"},"event":{"count":1,"data":{"code":1,"created":1562597363166,"type":"close"},"id":"dialog.third.party.plugin"}}
{"session":"29ecf647942a","build":"183.6156.11.34.5522156","bucket":"-1","time":1562597375883,"group":{"id":"actions.v2","version":"9"},"event":{"count":1,"data":{"context_menu":true,"created":1562597375883,"data_1":"Mac"},"id":"third.party.plugin.action"}}
{"session":"29ecf647942a","build":"183.6156.11.34.5522156","bucket":"-1","time":1562597375958,"group":{"id":"ui.dialogs","version":"9"},"event":{"count":1,"data":{"created":1562597375958,"type":"show"},"id":"dialog.third.party.plugin"}}
{"session":"29ecf647942a","build":"183.6156.11.34.5522156","bucket":"-1","time":1562597413939,"group":{"id":"ui.dialogs","version":"9"},"event":{"count":1,"data":{"code":0,"created":1562597413939,"type":"close"},"id":"dialog.third.party.plugin"}}
{"session":"29ecf647942a","build":"183.6156.11.34.5522156","bucket":"-1","time":1562597414898,"group":{"id":"statistics.lifecycle.app","version":"9"},"event":{"count":1,"data":{"created":1562597414898,"data_2":"30+","data_1":"timeSecondsGrouped"},"id":"ide.freeze"}}
{"session":"29ecf647942a","build":"183.6156.11.34.5522156","bucket":"-1","time":1562597414898,"group":{"id":"lifecycle","version":"9"},"event":{"count":1,"data":{"durationSeconds":34,"created":1562597414900},"id":"ide.freeze"}}
{"session":"29ecf647942a","build":"183.6156.11.34.5522156","bucket":"-1","time":1562597419296,"group":{"id":"statistics.file.types.open","version":"9"},"event":{"count":3,"data":{"last":1562597423222,"created":1562597419296,"project":"1286078175"},"id":"Kotlin"}}
{"session":"29ecf647942a","build":"183.6156.11.34.5522156","bucket":"-1","time":1562597446267,"group":{"id":"statistics.actions.main.menu.v2","version":"9"},"event":{"count":1,"data":{"created":1562597446267,"data_1":"Mac"},"id":"File_->_generated.on.runtime"}}
{"session":"29ecf647942a","build":"183.6156.11.34.5522156","bucket":"-1","time":1562597446820,"group":{"id":"ui.dialogs","version":"9"},"event":{"count":1,"data":{"created":1562597446820,"type":"show"},"id":"dialog.third.party.plugin"}}
{"session":"29ecf647942a","build":"183.6156.11.34.5522156","bucket":"-1","time":1562597448659,"group":{"id":"ui.dialogs","version":"9"},"event":{"count":1,"data":{"code":1,"created":1562597448659,"type":"close"},"id":"dialog.third.party.plugin"}}
{"session":"29ecf647942a","build":"183.6156.11.34.5522156","bucket":"-1","time":1562597451720,"group":{"id":"ui.dialogs","version":"9"},"event":{"count":1,"data":{"created":1562597451720,"type":"show"},"id":"com.intellij.openapi.options.newEditor.SettingsDialog"}}
{"session":"29ecf647942a","build":"183.6156.11.34.5522156","bucket":"-1","time":1562597471651,"group":{"id":"ui.dialogs","version":"9"},"event":{"count":1,"data":{"code":0,"created":1562597471651,"type":"close"},"id":"com.intellij.openapi.options.newEditor.SettingsDialog"}}
{"session":"29ecf647942a","build":"183.6156.11.34.5522156","bucket":"-1","time":1562597476768,"group":{"id":"actions.v2","version":"9"},"event":{"count":1,"data":{"context_menu":true,"created":1562597476768,"data_1":"Mac"},"id":"third.party.plugin.action"}}
{"session":"29ecf647942a","build":"183.6156.11.34.5522156","bucket":"-1","time":1562597476783,"group":{"id":"ui.dialogs","version":"9"},"event":{"count":1,"data":{"created":1562597476783,"type":"show"},"id":"dialog.third.party.plugin"}}
