{"session":"6ce37bac0ecf","build":"183.6156.11.34.5522156","bucket":"-1","time":1562599714346,"group":{"id":"system.os.name","version":"9"},"event":{"data":{"created":1562599714347},"id":"Mac.OS.X"}}
{"session":"6ce37bac0ecf","build":"183.6156.11.34.5522156","bucket":"-1","time":1562599714347,"group":{"id":"system.os.version","version":"9"},"event":{"data":{"created":1562599714355},"id":"10.14.4"}}
{"session":"6ce37bac0ecf","build":"183.6156.11.34.5522156","bucket":"-1","time":1562599714347,"group":{"id":"system.jvm.vendor","version":"9"},"event":{"data":{"created":1562599714366},"id":"Oracle_Corporation"}}
{"session":"6ce37bac0ecf","build":"183.6156.11.34.5522156","bucket":"-1","time":1562599714347,"group":{"id":"system.jvm.version","version":"9"},"event":{"data":{"created":1562599714367},"id":"1.8"}}
{"session":"6ce37bac0ecf","build":"183.6156.11.34.5522156","bucket":"-1","time":1562599714354,"group":{"id":"settings","version":"9"},"event":{"data":{"created":1562599714367,"name":"activeMruEditorOnClose","value":false},"id":"UISettings"}}
{"session":"6ce37bac0ecf","build":"183.6156.11.34.5522156","bucket":"-1","time":1562599714354,"group":{"id":"settings","version":"9"},"event":{"data":{"created":1562599714368,"name":"activeRightEditorOnClose","value":false},"id":"UISettings"}}
{"session":"6ce37bac0ecf","build":"183.6156.11.34.5522156","bucket":"-1","time":1562599714354,"group":{"id":"settings","version":"9"},"event":{"data":{"created":1562599714369,"name":"allowMergeButtons","value":true},"id":"UISettings"}}
{"session":"6ce37bac0ecf","build":"183.6156.11.34.5522156","bucket":"-1","time":1562599714354,"group":{"id":"settings","version":"9"},"event":{"data":{"created":1562599714369,"name":"alwaysShowWindowsButton","value":false},"id":"UISettings"}}
{"session":"6ce37bac0ecf","build":"183.6156.11.34.5522156","bucket":"-1","time":1562599714354,"group":{"id":"settings","version":"9"},"event":{"data":{"created":1562599714370,"name":"animateWindows","value":true},"id":"UISettings"}}
{"session":"6ce37bac0ecf","build":"183.6156.11.34.5522156","bucket":"-1","time":1562599714354,"group":{"id":"settings","version":"9"},"event":{"data":{"created":1562599714371,"name":"closeNonModifiedFilesFirst","value":false},"id":"UISettings"}}
{"session":"6ce37bac0ecf","build":"183.6156.11.34.5522156","bucket":"-1","time":1562599714354,"group":{"id":"settings","version":"9"},"event":{"data":{"created":1562599714372,"name":"closeTabButtonOnTheRight","value":true},"id":"UISettings"}}
{"session":"6ce37bac0ecf","build":"183.6156.11.34.5522156","bucket":"-1","time":1562599714354,"group":{"id":"settings","version":"9"},"event":{"data":{"created":1562599714372,"name":"cycleScrolling","value":true},"id":"UISettings"}}
{"session":"6ce37bac0ecf","build":"183.6156.11.34.5522156","bucket":"-1","time":1562599714354,"group":{"id":"settings","version":"9"},"event":{"data":{"created":1562599714373,"name":"defaultAutoScrollToSource","value":false},"id":"UISettings"}}
{"session":"6ce37bac0ecf","build":"183.6156.11.34.5522156","bucket":"-1","time":1562599714354,"group":{"id":"settings","version":"9"},"event":{"data":{"created":1562599714374,"name":"disableMnemonics","value":true},"id":"UISettings"}}
{"session":"6ce37bac0ecf","build":"183.6156.11.34.5522156","bucket":"-1","time":1562599714354,"group":{"id":"settings","version":"9"},"event":{"data":{"created":1562599714375,"name":"disableMnemonicsInControls","value":false},"id":"UISettings"}}
{"session":"6ce37bac0ecf","build":"183.6156.11.34.5522156","bucket":"-1","time":1562599714354,"group":{"id":"settings","version":"9"},"event":{"data":{"created":1562599714375,"name":"dndWithPressedAltOnly","value":false},"id":"UISettings"}}
{"session":"6ce37bac0ecf","build":"183.6156.11.34.5522156","bucket":"-1","time":1562599714354,"group":{"id":"settings","version":"9"},"event":{"data":{"created":1562599714376,"name":"enableAlphaMode","value":false},"id":"UISettings"}}
{"session":"6ce37bac0ecf","build":"183.6156.11.34.5522156","bucket":"-1","time":1562599714354,"group":{"id":"settings","version":"9"},"event":{"data":{"created":1562599714376,"name":"hideKnownExtensionInTabs","value":false},"id":"UISettings"}}
{"session":"6ce37bac0ecf","build":"183.6156.11.34.5522156","bucket":"-1","time":1562599714354,"group":{"id":"settings","version":"9"},"event":{"data":{"created":1562599714377,"name":"hideNavigationOnFocusLoss","value":true},"id":"UISettings"}}
{"session":"6ce37bac0ecf","build":"183.6156.11.34.5522156","bucket":"-1","time":1562599714354,"group":{"id":"settings","version":"9"},"event":{"data":{"created":1562599714377,"name":"hideTabsIfNeed","value":true},"id":"UISettings"}}
{"session":"6ce37bac0ecf","build":"183.6156.11.34.5522156","bucket":"-1","time":1562599714354,"group":{"id":"settings","version":"9"},"event":{"data":{"created":1562599714378,"name":"hideToolStripes","value":false},"id":"UISettings"}}
{"session":"6ce37bac0ecf","build":"183.6156.11.34.5522156","bucket":"-1","time":1562599714354,"group":{"id":"settings","version":"9"},"event":{"data":{"created":1562599714379,"name":"languageFlags","value":false},"id":"UISettings"}}
{"session":"6ce37bac0ecf","build":"183.6156.11.34.5522156","bucket":"-1","time":1562599714354,"group":{"id":"settings","version":"9"},"event":{"data":{"created":1562599714379,"name":"leftHorizontalSplit","value":false},"id":"UISettings"}}
{"session":"6ce37bac0ecf","build":"183.6156.11.34.5522156","bucket":"-1","time":1562599714354,"group":{"id":"settings","version":"9"},"event":{"data":{"created":1562599714380,"name":"markModifiedTabsWithAsterisk","value":false},"id":"UISettings"}}
{"session":"6ce37bac0ecf","build":"183.6156.11.34.5522156","bucket":"-1","time":1562599714354,"group":{"id":"settings","version":"9"},"event":{"data":{"created":1562599714380,"name":"mergeEqualStackTraces","value":true},"id":"UISettings"}}
{"session":"6ce37bac0ecf","build":"183.6156.11.34.5522156","bucket":"-1","time":1562599714354,"group":{"id":"settings","version":"9"},"event":{"data":{"created":1562599714381,"name":"moveMouseOnDefaultButton","value":false},"id":"UISettings"}}
{"session":"6ce37bac0ecf","build":"183.6156.11.34.5522156","bucket":"-1","time":1562599714354,"group":{"id":"settings","version":"9"},"event":{"data":{"created":1562599714382,"name":"navigateToPreview","value":false},"id":"UISettings"}}
{"session":"6ce37bac0ecf","build":"183.6156.11.34.5522156","bucket":"-1","time":1562599714354,"group":{"id":"settings","version":"9"},"event":{"data":{"created":1562599714382,"name":"overrideConsoleCycleBufferSize","value":false},"id":"UISettings"}}
{"session":"6ce37bac0ecf","build":"183.6156.11.34.5522156","bucket":"-1","time":1562599714354,"group":{"id":"settings","version":"9"},"event":{"data":{"created":1562599714383,"name":"overrideLafFonts","value":false},"id":"UISettings"}}
{"session":"6ce37bac0ecf","build":"183.6156.11.34.5522156","bucket":"-1","time":1562599714354,"group":{"id":"settings","version":"9"},"event":{"data":{"created":1562599714383,"name":"pinFindInPath","value":false},"id":"UISettings"}}
{"session":"6ce37bac0ecf","build":"183.6156.11.34.5522156","bucket":"-1","time":1562599714354,"group":{"id":"settings","version":"9"},"event":{"data":{"created":1562599714384,"name":"presentationMode","value":false},"id":"UISettings"}}
{"session":"6ce37bac0ecf","build":"183.6156.11.34.5522156","bucket":"-1","time":1562599714354,"group":{"id":"settings","version":"9"},"event":{"data":{"created":1562599714384,"name":"reuseNotModifiedTabs","value":false},"id":"UISettings"}}
{"session":"6ce37bac0ecf","build":"183.6156.11.34.5522156","bucket":"-1","time":1562599714354,"group":{"id":"settings","version":"9"},"event":{"data":{"created":1562599714385,"name":"rightHorizontalSplit","value":false},"id":"UISettings"}}
{"session":"6ce37bac0ecf","build":"183.6156.11.34.5522156","bucket":"-1","time":1562599714354,"group":{"id":"settings","version":"9"},"event":{"data":{"created":1562599714385,"name":"scrollTabLayoutInEditor","value":true},"id":"UISettings"}}
{"session":"6ce37bac0ecf","build":"183.6156.11.34.5522156","bucket":"-1","time":1562599714354,"group":{"id":"settings","version":"9"},"event":{"data":{"created":1562599714385,"name":"showCloseButton","value":true},"id":"UISettings"}}
{"session":"6ce37bac0ecf","build":"183.6156.11.34.5522156","bucket":"-1","time":1562599714354,"group":{"id":"settings","version":"9"},"event":{"data":{"created":1562599714386,"name":"showDirectoryForNonUniqueFilenames","value":true},"id":"UISettings"}}
{"session":"6ce37bac0ecf","build":"183.6156.11.34.5522156","bucket":"-1","time":1562599714354,"group":{"id":"settings","version":"9"},"event":{"data":{"created":1562599714386,"name":"showEditorToolTip","value":true},"id":"UISettings"}}
{"session":"6ce37bac0ecf","build":"183.6156.11.34.5522156","bucket":"-1","time":1562599714354,"group":{"id":"settings","version":"9"},"event":{"data":{"created":1562599714387,"name":"showIconInQuickNavigation","value":true},"id":"UISettings"}}
{"session":"6ce37bac0ecf","build":"183.6156.11.34.5522156","bucket":"-1","time":1562599714354,"group":{"id":"settings","version":"9"},"event":{"data":{"created":1562599714387,"name":"showIconsInMenus","value":true},"id":"UISettings"}}
{"session":"6ce37bac0ecf","build":"183.6156.11.34.5522156","bucket":"-1","time":1562599714354,"group":{"id":"settings","version":"9"},"event":{"data":{"created":1562599714388,"name":"showMainToolbar","value":false},"id":"UISettings"}}
{"session":"6ce37bac0ecf","build":"183.6156.11.34.5522156","bucket":"-1","time":1562599714354,"group":{"id":"settings","version":"9"},"event":{"data":{"created":1562599714388,"name":"showMemoryIndicator","value":false},"id":"UISettings"}}
{"session":"6ce37bac0ecf","build":"183.6156.11.34.5522156","bucket":"-1","time":1562599714354,"group":{"id":"settings","version":"9"},"event":{"data":{"created":1562599714389,"name":"showNavigationBar","value":true},"id":"UISettings"}}
{"session":"6ce37bac0ecf","build":"183.6156.11.34.5522156","bucket":"-1","time":1562599714355,"group":{"id":"settings","version":"9"},"event":{"data":{"created":1562599714389,"name":"showStatusBar","value":true},"id":"UISettings"}}
{"session":"6ce37bac0ecf","build":"183.6156.11.34.5522156","bucket":"-1","time":1562599714355,"group":{"id":"settings","version":"9"},"event":{"data":{"created":1562599714389,"name":"showTabsTooltips","value":true},"id":"UISettings"}}
{"session":"6ce37bac0ecf","build":"183.6156.11.34.5522156","bucket":"-1","time":1562599714355,"group":{"id":"settings","version":"9"},"event":{"data":{"created":1562599714390,"name":"showToolWindowsNumbers","value":true},"id":"UISettings"}}
{"session":"6ce37bac0ecf","build":"183.6156.11.34.5522156","bucket":"-1","time":1562599714355,"group":{"id":"settings","version":"9"},"event":{"data":{"created":1562599714390,"name":"smoothScrolling","value":false},"id":"UISettings"}}
{"session":"6ce37bac0ecf","build":"183.6156.11.34.5522156","bucket":"-1","time":1562599714355,"group":{"id":"settings","version":"9"},"event":{"data":{"created":1562599714391,"name":"sortBookmarks","value":false},"id":"UISettings"}}
{"session":"6ce37bac0ecf","build":"183.6156.11.34.5522156","bucket":"-1","time":1562599714355,"group":{"id":"settings","version":"9"},"event":{"data":{"created":1562599714391,"name":"sortLookupElementsLexicographically","value":false},"id":"UISettings"}}
{"session":"6ce37bac0ecf","build":"183.6156.11.34.5522156","bucket":"-1","time":1562599714355,"group":{"id":"settings","version":"9"},"event":{"data":{"created":1562599714392,"name":"useSmallLabelsOnTabs","value":true},"id":"UISettings"}}
{"session":"6ce37bac0ecf","build":"183.6156.11.34.5522156","bucket":"-1","time":1562599714355,"group":{"id":"settings","version":"9"},"event":{"data":{"created":1562599714392,"name":"wideScreenSupport","value":false},"id":"UISettings"}}
{"session":"6ce37bac0ecf","build":"183.6156.11.34.5522156","bucket":"-1","time":1562599715289,"group":{"id":"settings","version":"9"},"event":{"data":{"created":1562599715289,"name":"autoSaveIfInactive","value":false},"id":"GeneralSettings"}}
{"session":"6ce37bac0ecf","build":"183.6156.11.34.5522156","bucket":"-1","time":1562599715289,"group":{"id":"settings","version":"9"},"event":{"data":{"created":1562599715289,"name":"confirmExit","value":true},"id":"GeneralSettings"}}
{"session":"6ce37bac0ecf","build":"183.6156.11.34.5522156","bucket":"-1","time":1562599715289,"group":{"id":"settings","version":"9"},"event":{"data":{"created":1562599715290,"name":"reopenLastProject","value":true},"id":"GeneralSettings"}}
{"session":"6ce37bac0ecf","build":"183.6156.11.34.5522156","bucket":"-1","time":1562599715289,"group":{"id":"settings","version":"9"},"event":{"data":{"created":1562599715290,"name":"saveOnFrameDeactivation","value":true},"id":"GeneralSettings"}}
{"session":"6ce37bac0ecf","build":"183.6156.11.34.5522156","bucket":"-1","time":1562599715289,"group":{"id":"settings","version":"9"},"event":{"data":{"created":1562599715290,"name":"searchInBackground","value":false},"id":"GeneralSettings"}}
{"session":"6ce37bac0ecf","build":"183.6156.11.34.5522156","bucket":"-1","time":1562599715289,"group":{"id":"settings","version":"9"},"event":{"data":{"created":1562599715291,"name":"showTipsOnStartup","value":true},"id":"GeneralSettings"}}
{"session":"6ce37bac0ecf","build":"183.6156.11.34.5522156","bucket":"-1","time":1562599715289,"group":{"id":"settings","version":"9"},"event":{"data":{"created":1562599715291,"name":"showWelcomeScreen","value":true},"id":"GeneralSettings"}}
{"session":"6ce37bac0ecf","build":"183.6156.11.34.5522156","bucket":"-1","time":1562599715289,"group":{"id":"settings","version":"9"},"event":{"data":{"created":1562599715292,"name":"supportScreenReaders","value":false},"id":"GeneralSettings"}}
{"session":"6ce37bac0ecf","build":"183.6156.11.34.5522156","bucket":"-1","time":1562599715289,"group":{"id":"settings","version":"9"},"event":{"data":{"created":1562599715292,"name":"syncOnFrameActivation","value":true},"id":"GeneralSettings"}}
{"session":"6ce37bac0ecf","build":"183.6156.11.34.5522156","bucket":"-1","time":1562599715289,"group":{"id":"settings","version":"9"},"event":{"data":{"created":1562599715292,"name":"useDefaultBrowser","value":true},"id":"GeneralSettings"}}
{"session":"6ce37bac0ecf","build":"183.6156.11.34.5522156","bucket":"-1","time":1562599715289,"group":{"id":"settings","version":"9"},"event":{"data":{"created":1562599715293,"name":"useSafeWrite","value":true},"id":"GeneralSettings"}}
{"session":"6ce37bac0ecf","build":"183.6156.11.34.5522156","bucket":"-1","time":1562599721351,"group":{"id":"ui.dialogs","version":"9"},"event":{"count":1,"data":{"created":1562599721351,"type":"show"},"id":"com.intellij.openapi.progress.util.ProgressDialog$MyDialogWrapper"}}
{"session":"6ce37bac0ecf","build":"183.6156.11.34.5522156","bucket":"-1","time":1562599722809,"group":{"id":"ui.dialogs","version":"9"},"event":{"count":1,"data":{"code":1,"created":1562599722809,"type":"close"},"id":"com.intellij.openapi.progress.util.ProgressDialog$MyDialogWrapper"}}
{"session":"6ce37bac0ecf","build":"183.6156.11.34.5522156","bucket":"-1","time":1562599722842,"group":{"id":"statistics.lifecycle.project","version":"9"},"event":{"count":1,"data":{"created":1562599722843,"project":"1286078175"},"id":"project.opened"}}
{"session":"6ce37bac0ecf","build":"183.6156.11.34.5522156","bucket":"-1","time":1562599722844,"group":{"id":"lifecycle","version":"9"},"event":{"count":1,"data":{"created":1562599722844},"id":"project.opened"}}
{"session":"6ce37bac0ecf","build":"183.6156.11.34.5522156","bucket":"-1","time":1562599724452,"group":{"id":"ui.dialogs","version":"9"},"event":{"count":1,"data":{"created":1562599724452,"type":"show"},"id":"com.intellij.openapi.progress.util.ProgressDialog$MyDialogWrapper"}}
{"session":"6ce37bac0ecf","build":"183.6156.11.34.5522156","bucket":"-1","time":1562599729197,"group":{"id":"statistics.file.types.open","version":"9"},"event":{"count":3,"data":{"last":1562599730686,"created":1562599729197,"project":"1286078175"},"id":"JAVA"}}
{"session":"6ce37bac0ecf","build":"183.6156.11.34.5522156","bucket":"-1","time":1562599731358,"group":{"id":"statistics.file.types.open","version":"9"},"event":{"count":2,"data":{"last":1562599731461,"created":1562599731358,"project":"1286078175"},"id":"Kotlin"}}
{"session":"6ce37bac0ecf","build":"183.6156.11.34.5522156","bucket":"-1","time":1562599731532,"group":{"id":"statistics.file.types.open","version":"9"},"event":{"count":1,"data":{"created":1562599731532,"project":"1286078175"},"id":"JAVA"}}
{"session":"6ce37bac0ecf","build":"183.6156.11.34.5522156","bucket":"-1","time":1562599731588,"group":{"id":"statistics.file.types.open","version":"9"},"event":{"count":1,"data":{"created":1562599731588,"project":"1286078175"},"id":"Kotlin"}}
{"session":"6ce37bac0ecf","build":"183.6156.11.34.5522156","bucket":"-1","time":1562599731785,"group":{"id":"statistics.file.types.open","version":"9"},"event":{"count":2,"data":{"last":1562599731878,"created":1562599731785,"project":"1286078175"},"id":"Groovy"}}
{"session":"6ce37bac0ecf","build":"183.6156.11.34.5522156","bucket":"-1","time":1562599732020,"group":{"id":"toolwindow.v2","version":"9"},"event":{"count":1,"data":{"created":1562599732020,"data_1":"Mac"},"id":"Project_by_Activation"}}
{"session":"6ce37bac0ecf","build":"183.6156.11.34.5522156","bucket":"-1","time":1562599732287,"group":{"id":"statistics.lifecycle.app","version":"9"},"event":{"count":1,"data":{"created":1562599732287},"id":"ide.start"}}
{"session":"6ce37bac0ecf","build":"183.6156.11.34.5522156","bucket":"-1","time":1562599732287,"group":{"id":"lifecycle","version":"9"},"event":{"count":1,"data":{"created":1562599732287},"id":"app.started"}}
{"session":"6ce37bac0ecf","build":"183.6156.11.34.5522156","bucket":"-1","time":1562599732592,"group":{"id":"ui.dialogs","version":"9"},"event":{"count":1,"data":{"created":1562599732593,"type":"show"},"id":"dialog.third.party.plugin"}}
{"session":"6ce37bac0ecf","build":"183.6156.11.34.5522156","bucket":"-1","time":1562599732687,"group":{"id":"statistics.ui.tips","version":"9"},"event":{"count":1,"data":{"created":1562599732687},"id":"shown.automatically"}}
{"session":"6ce37bac0ecf","build":"183.6156.11.34.5522156","bucket":"-1","time":1562599732717,"group":{"id":"ui.dialogs","version":"9"},"event":{"count":1,"data":{"created":1562599732717,"type":"show"},"id":"com.intellij.ide.util.TipDialog"}}
{"session":"6ce37bac0ecf","build":"183.6156.11.34.5522156","bucket":"-1","time":1562599732805,"group":{"id":"ui.dialogs","version":"9"},"event":{"count":1,"data":{"code":1,"created":1562599732805,"type":"close"},"id":"com.intellij.openapi.progress.util.ProgressDialog$MyDialogWrapper"}}
{"session":"6ce37bac0ecf","build":"183.6156.11.34.5522156","bucket":"-1","time":1562600228542,"group":{"id":"ui.dialogs","version":"9"},"event":{"count":1,"data":{"code":1,"created":1562600228542,"type":"close"},"id":"dialog.third.party.plugin"}}
{"session":"6ce37bac0ecf","build":"183.6156.11.34.5522156","bucket":"-1","time":1562600229189,"group":{"id":"statistics.lifecycle.project","version":"9"},"event":{"count":1,"data":{"created":1562600229189,"project":"1286078175"},"id":"project.open.time.508"}}
{"session":"6ce37bac0ecf","build":"183.6156.11.34.5522156","bucket":"-1","time":1562600229189,"group":{"id":"lifecycle","version":"9"},"event":{"count":1,"data":{"created":1562600229190,"time.ms":508368},"id":"project.opening.finished"}}
{"session":"6ce37bac0ecf","build":"183.6156.11.34.5522156","bucket":"-1","time":1562600229371,"group":{"id":"ui.dialogs","version":"9"},"event":{"count":1,"data":{"code":1,"created":1562600229371,"type":"close"},"id":"com.intellij.ide.util.TipDialog"}}
{"session":"6ce37bac0ecf","build":"183.6156.11.34.5522156","bucket":"-1","time":1562600238276,"group":{"id":"actions.v2","version":"9"},"event":{"count":1,"data":{"context_menu":true,"created":1562600238276,"data_1":"Mac"},"id":"third.party.plugin.action"}}
{"session":"6ce37bac0ecf","build":"183.6156.11.34.5522156","bucket":"-1","time":1562600238485,"group":{"id":"ui.dialogs","version":"9"},"event":{"count":1,"data":{"created":1562600238485,"type":"show"},"id":"dialog.third.party.plugin"}}
{"session":"6ce37bac0ecf","build":"183.6156.11.34.5522156","bucket":"-1","time":1562600248143,"group":{"id":"statistics.lifecycle.app","version":"9"},"event":{"count":1,"data":{"created":1562600248143,"data_2":"mappingFailed:false","data_1":"OOM:false","data_3":"pluginId:unknown"},"id":"ide.error"}}
{"session":"6ce37bac0ecf","build":"183.6156.11.34.5522156","bucket":"-1","time":1562600323814,"group":{"id":"statistics.lifecycle.app","version":"9"},"event":{"count":1,"data":{"created":1562600323815,"data_2":"mappingFailed:false","data_1":"OOM:false","data_3":"pluginId:unknown"},"id":"ide.error"}}
{"session":"6ce37bac0ecf","build":"183.6156.11.34.5522156","bucket":"-1","time":1562600324758,"group":{"id":"statistics.lifecycle.app","version":"9"},"event":{"count":1,"data":{"created":1562600324758,"data_2":"40+","data_1":"timeSecondsGrouped"},"id":"ide.freeze"}}
