{"session":"215d35edb690","build":"183.6156.11.34.5522156","bucket":"-1","time":1562602499624,"group":{"id":"system.os.name","version":"9"},"event":{"data":{"created":1562602499625},"id":"Mac.OS.X"}}
{"session":"215d35edb690","build":"183.6156.11.34.5522156","bucket":"-1","time":1562602499625,"group":{"id":"system.os.version","version":"9"},"event":{"data":{"created":1562602499634},"id":"10.14.4"}}
{"session":"215d35edb690","build":"183.6156.11.34.5522156","bucket":"-1","time":1562602499625,"group":{"id":"system.jvm.vendor","version":"9"},"event":{"data":{"created":1562602499647},"id":"Oracle_Corporation"}}
{"session":"215d35edb690","build":"183.6156.11.34.5522156","bucket":"-1","time":1562602499625,"group":{"id":"system.jvm.version","version":"9"},"event":{"data":{"created":1562602499648},"id":"1.8"}}
{"session":"215d35edb690","build":"183.6156.11.34.5522156","bucket":"-1","time":1562602499635,"group":{"id":"settings","version":"9"},"event":{"data":{"created":1562602499649,"name":"activeMruEditorOnClose","value":false},"id":"UISettings"}}
{"session":"215d35edb690","build":"183.6156.11.34.5522156","bucket":"-1","time":1562602499635,"group":{"id":"settings","version":"9"},"event":{"data":{"created":1562602499650,"name":"activeRightEditorOnClose","value":false},"id":"UISettings"}}
{"session":"215d35edb690","build":"183.6156.11.34.5522156","bucket":"-1","time":1562602499635,"group":{"id":"settings","version":"9"},"event":{"data":{"created":1562602499652,"name":"allowMergeButtons","value":true},"id":"UISettings"}}
{"session":"215d35edb690","build":"183.6156.11.34.5522156","bucket":"-1","time":1562602499635,"group":{"id":"settings","version":"9"},"event":{"data":{"created":1562602499652,"name":"alwaysShowWindowsButton","value":false},"id":"UISettings"}}
{"session":"215d35edb690","build":"183.6156.11.34.5522156","bucket":"-1","time":1562602499635,"group":{"id":"settings","version":"9"},"event":{"data":{"created":1562602499653,"name":"animateWindows","value":true},"id":"UISettings"}}
{"session":"215d35edb690","build":"183.6156.11.34.5522156","bucket":"-1","time":1562602499635,"group":{"id":"settings","version":"9"},"event":{"data":{"created":1562602499654,"name":"closeNonModifiedFilesFirst","value":false},"id":"UISettings"}}
{"session":"215d35edb690","build":"183.6156.11.34.5522156","bucket":"-1","time":1562602499635,"group":{"id":"settings","version":"9"},"event":{"data":{"created":1562602499654,"name":"closeTabButtonOnTheRight","value":true},"id":"UISettings"}}
{"session":"215d35edb690","build":"183.6156.11.34.5522156","bucket":"-1","time":1562602499635,"group":{"id":"settings","version":"9"},"event":{"data":{"created":1562602499655,"name":"cycleScrolling","value":true},"id":"UISettings"}}
{"session":"215d35edb690","build":"183.6156.11.34.5522156","bucket":"-1","time":1562602499635,"group":{"id":"settings","version":"9"},"event":{"data":{"created":1562602499656,"name":"defaultAutoScrollToSource","value":false},"id":"UISettings"}}
{"session":"215d35edb690","build":"183.6156.11.34.5522156","bucket":"-1","time":1562602499635,"group":{"id":"settings","version":"9"},"event":{"data":{"created":1562602499657,"name":"disableMnemonics","value":true},"id":"UISettings"}}
{"session":"215d35edb690","build":"183.6156.11.34.5522156","bucket":"-1","time":1562602499635,"group":{"id":"settings","version":"9"},"event":{"data":{"created":1562602499657,"name":"disableMnemonicsInControls","value":false},"id":"UISettings"}}
{"session":"215d35edb690","build":"183.6156.11.34.5522156","bucket":"-1","time":1562602499635,"group":{"id":"settings","version":"9"},"event":{"data":{"created":1562602499658,"name":"dndWithPressedAltOnly","value":false},"id":"UISettings"}}
{"session":"215d35edb690","build":"183.6156.11.34.5522156","bucket":"-1","time":1562602499635,"group":{"id":"settings","version":"9"},"event":{"data":{"created":1562602499659,"name":"enableAlphaMode","value":false},"id":"UISettings"}}
{"session":"215d35edb690","build":"183.6156.11.34.5522156","bucket":"-1","time":1562602499635,"group":{"id":"settings","version":"9"},"event":{"data":{"created":1562602499660,"name":"hideKnownExtensionInTabs","value":false},"id":"UISettings"}}
{"session":"215d35edb690","build":"183.6156.11.34.5522156","bucket":"-1","time":1562602499635,"group":{"id":"settings","version":"9"},"event":{"data":{"created":1562602499660,"name":"hideNavigationOnFocusLoss","value":true},"id":"UISettings"}}
{"session":"215d35edb690","build":"183.6156.11.34.5522156","bucket":"-1","time":1562602499635,"group":{"id":"settings","version":"9"},"event":{"data":{"created":1562602499661,"name":"hideTabsIfNeed","value":true},"id":"UISettings"}}
{"session":"215d35edb690","build":"183.6156.11.34.5522156","bucket":"-1","time":1562602499635,"group":{"id":"settings","version":"9"},"event":{"data":{"created":1562602499662,"name":"hideToolStripes","value":false},"id":"UISettings"}}
{"session":"215d35edb690","build":"183.6156.11.34.5522156","bucket":"-1","time":1562602499635,"group":{"id":"settings","version":"9"},"event":{"data":{"created":1562602499663,"name":"languageFlags","value":false},"id":"UISettings"}}
{"session":"215d35edb690","build":"183.6156.11.34.5522156","bucket":"-1","time":1562602499635,"group":{"id":"settings","version":"9"},"event":{"data":{"created":1562602499663,"name":"leftHorizontalSplit","value":false},"id":"UISettings"}}
{"session":"215d35edb690","build":"183.6156.11.34.5522156","bucket":"-1","time":1562602499635,"group":{"id":"settings","version":"9"},"event":{"data":{"created":1562602499664,"name":"markModifiedTabsWithAsterisk","value":false},"id":"UISettings"}}
{"session":"215d35edb690","build":"183.6156.11.34.5522156","bucket":"-1","time":1562602499635,"group":{"id":"settings","version":"9"},"event":{"data":{"created":1562602499664,"name":"mergeEqualStackTraces","value":true},"id":"UISettings"}}
{"session":"215d35edb690","build":"183.6156.11.34.5522156","bucket":"-1","time":1562602499635,"group":{"id":"settings","version":"9"},"event":{"data":{"created":1562602499665,"name":"moveMouseOnDefaultButton","value":false},"id":"UISettings"}}
{"session":"215d35edb690","build":"183.6156.11.34.5522156","bucket":"-1","time":1562602499635,"group":{"id":"settings","version":"9"},"event":{"data":{"created":1562602499666,"name":"navigateToPreview","value":false},"id":"UISettings"}}
{"session":"215d35edb690","build":"183.6156.11.34.5522156","bucket":"-1","time":1562602499635,"group":{"id":"settings","version":"9"},"event":{"data":{"created":1562602499667,"name":"overrideConsoleCycleBufferSize","value":false},"id":"UISettings"}}
{"session":"215d35edb690","build":"183.6156.11.34.5522156","bucket":"-1","time":1562602499635,"group":{"id":"settings","version":"9"},"event":{"data":{"created":1562602499667,"name":"overrideLafFonts","value":false},"id":"UISettings"}}
{"session":"215d35edb690","build":"183.6156.11.34.5522156","bucket":"-1","time":1562602499635,"group":{"id":"settings","version":"9"},"event":{"data":{"created":1562602499668,"name":"pinFindInPath","value":false},"id":"UISettings"}}
{"session":"215d35edb690","build":"183.6156.11.34.5522156","bucket":"-1","time":1562602499635,"group":{"id":"settings","version":"9"},"event":{"data":{"created":1562602499668,"name":"presentationMode","value":false},"id":"UISettings"}}
{"session":"215d35edb690","build":"183.6156.11.34.5522156","bucket":"-1","time":1562602499635,"group":{"id":"settings","version":"9"},"event":{"data":{"created":1562602499669,"name":"reuseNotModifiedTabs","value":false},"id":"UISettings"}}
{"session":"215d35edb690","build":"183.6156.11.34.5522156","bucket":"-1","time":1562602499635,"group":{"id":"settings","version":"9"},"event":{"data":{"created":1562602499670,"name":"rightHorizontalSplit","value":false},"id":"UISettings"}}
{"session":"215d35edb690","build":"183.6156.11.34.5522156","bucket":"-1","time":1562602499635,"group":{"id":"settings","version":"9"},"event":{"data":{"created":1562602499670,"name":"scrollTabLayoutInEditor","value":true},"id":"UISettings"}}
{"session":"215d35edb690","build":"183.6156.11.34.5522156","bucket":"-1","time":1562602499635,"group":{"id":"settings","version":"9"},"event":{"data":{"created":1562602499671,"name":"showCloseButton","value":true},"id":"UISettings"}}
{"session":"215d35edb690","build":"183.6156.11.34.5522156","bucket":"-1","time":1562602499635,"group":{"id":"settings","version":"9"},"event":{"data":{"created":1562602499671,"name":"showDirectoryForNonUniqueFilenames","value":true},"id":"UISettings"}}
{"session":"215d35edb690","build":"183.6156.11.34.5522156","bucket":"-1","time":1562602499635,"group":{"id":"settings","version":"9"},"event":{"data":{"created":1562602499672,"name":"showEditorToolTip","value":true},"id":"UISettings"}}
{"session":"215d35edb690","build":"183.6156.11.34.5522156","bucket":"-1","time":1562602499635,"group":{"id":"settings","version":"9"},"event":{"data":{"created":1562602499672,"name":"showIconInQuickNavigation","value":true},"id":"UISettings"}}
{"session":"215d35edb690","build":"183.6156.11.34.5522156","bucket":"-1","time":1562602499635,"group":{"id":"settings","version":"9"},"event":{"data":{"created":1562602499673,"name":"showIconsInMenus","value":true},"id":"UISettings"}}
{"session":"215d35edb690","build":"183.6156.11.34.5522156","bucket":"-1","time":1562602499635,"group":{"id":"settings","version":"9"},"event":{"data":{"created":1562602499673,"name":"showMainToolbar","value":false},"id":"UISettings"}}
{"session":"215d35edb690","build":"183.6156.11.34.5522156","bucket":"-1","time":1562602499635,"group":{"id":"settings","version":"9"},"event":{"data":{"created":1562602499674,"name":"showMemoryIndicator","value":false},"id":"UISettings"}}
{"session":"215d35edb690","build":"183.6156.11.34.5522156","bucket":"-1","time":1562602499635,"group":{"id":"settings","version":"9"},"event":{"data":{"created":1562602499674,"name":"showNavigationBar","value":true},"id":"UISettings"}}
{"session":"215d35edb690","build":"183.6156.11.34.5522156","bucket":"-1","time":1562602499635,"group":{"id":"settings","version":"9"},"event":{"data":{"created":1562602499675,"name":"showStatusBar","value":true},"id":"UISettings"}}
{"session":"215d35edb690","build":"183.6156.11.34.5522156","bucket":"-1","time":1562602499635,"group":{"id":"settings","version":"9"},"event":{"data":{"created":1562602499675,"name":"showTabsTooltips","value":true},"id":"UISettings"}}
{"session":"215d35edb690","build":"183.6156.11.34.5522156","bucket":"-1","time":1562602499635,"group":{"id":"settings","version":"9"},"event":{"data":{"created":1562602499676,"name":"showToolWindowsNumbers","value":true},"id":"UISettings"}}
{"session":"215d35edb690","build":"183.6156.11.34.5522156","bucket":"-1","time":1562602499635,"group":{"id":"settings","version":"9"},"event":{"data":{"created":1562602499676,"name":"smoothScrolling","value":false},"id":"UISettings"}}
{"session":"215d35edb690","build":"183.6156.11.34.5522156","bucket":"-1","time":1562602499635,"group":{"id":"settings","version":"9"},"event":{"data":{"created":1562602499676,"name":"sortBookmarks","value":false},"id":"UISettings"}}
{"session":"215d35edb690","build":"183.6156.11.34.5522156","bucket":"-1","time":1562602499635,"group":{"id":"settings","version":"9"},"event":{"data":{"created":1562602499677,"name":"sortLookupElementsLexicographically","value":false},"id":"UISettings"}}
{"session":"215d35edb690","build":"183.6156.11.34.5522156","bucket":"-1","time":1562602499635,"group":{"id":"settings","version":"9"},"event":{"data":{"created":1562602499677,"name":"useSmallLabelsOnTabs","value":true},"id":"UISettings"}}
{"session":"215d35edb690","build":"183.6156.11.34.5522156","bucket":"-1","time":1562602499635,"group":{"id":"settings","version":"9"},"event":{"data":{"created":1562602499678,"name":"wideScreenSupport","value":false},"id":"UISettings"}}
{"session":"215d35edb690","build":"183.6156.11.34.5522156","bucket":"-1","time":1562602500709,"group":{"id":"settings","version":"9"},"event":{"data":{"created":1562602500709,"name":"autoSaveIfInactive","value":false},"id":"GeneralSettings"}}
{"session":"215d35edb690","build":"183.6156.11.34.5522156","bucket":"-1","time":1562602500709,"group":{"id":"settings","version":"9"},"event":{"data":{"created":1562602500709,"name":"confirmExit","value":true},"id":"GeneralSettings"}}
{"session":"215d35edb690","build":"183.6156.11.34.5522156","bucket":"-1","time":1562602500709,"group":{"id":"settings","version":"9"},"event":{"data":{"created":1562602500710,"name":"reopenLastProject","value":true},"id":"GeneralSettings"}}
{"session":"215d35edb690","build":"183.6156.11.34.5522156","bucket":"-1","time":1562602500709,"group":{"id":"settings","version":"9"},"event":{"data":{"created":1562602500710,"name":"saveOnFrameDeactivation","value":true},"id":"GeneralSettings"}}
{"session":"215d35edb690","build":"183.6156.11.34.5522156","bucket":"-1","time":1562602500709,"group":{"id":"settings","version":"9"},"event":{"data":{"created":1562602500710,"name":"searchInBackground","value":false},"id":"GeneralSettings"}}
{"session":"215d35edb690","build":"183.6156.11.34.5522156","bucket":"-1","time":1562602500709,"group":{"id":"settings","version":"9"},"event":{"data":{"created":1562602500711,"name":"showTipsOnStartup","value":true},"id":"GeneralSettings"}}
{"session":"215d35edb690","build":"183.6156.11.34.5522156","bucket":"-1","time":1562602500709,"group":{"id":"settings","version":"9"},"event":{"data":{"created":1562602500711,"name":"showWelcomeScreen","value":true},"id":"GeneralSettings"}}
{"session":"215d35edb690","build":"183.6156.11.34.5522156","bucket":"-1","time":1562602500709,"group":{"id":"settings","version":"9"},"event":{"data":{"created":1562602500711,"name":"supportScreenReaders","value":false},"id":"GeneralSettings"}}
{"session":"215d35edb690","build":"183.6156.11.34.5522156","bucket":"-1","time":1562602500709,"group":{"id":"settings","version":"9"},"event":{"data":{"created":1562602500711,"name":"syncOnFrameActivation","value":true},"id":"GeneralSettings"}}
{"session":"215d35edb690","build":"183.6156.11.34.5522156","bucket":"-1","time":1562602500709,"group":{"id":"settings","version":"9"},"event":{"data":{"created":1562602500712,"name":"useDefaultBrowser","value":true},"id":"GeneralSettings"}}
{"session":"215d35edb690","build":"183.6156.11.34.5522156","bucket":"-1","time":1562602500709,"group":{"id":"settings","version":"9"},"event":{"data":{"created":1562602500712,"name":"useSafeWrite","value":true},"id":"GeneralSettings"}}
{"session":"215d35edb690","build":"183.6156.11.34.5522156","bucket":"-1","time":1562602505625,"group":{"id":"ui.dialogs","version":"9"},"event":{"count":1,"data":{"created":1562602505625,"type":"show"},"id":"com.intellij.openapi.progress.util.ProgressDialog$MyDialogWrapper"}}
{"session":"215d35edb690","build":"183.6156.11.34.5522156","bucket":"-1","time":1562602507110,"group":{"id":"ui.dialogs","version":"9"},"event":{"count":1,"data":{"code":1,"created":1562602507110,"type":"close"},"id":"com.intellij.openapi.progress.util.ProgressDialog$MyDialogWrapper"}}
{"session":"215d35edb690","build":"183.6156.11.34.5522156","bucket":"-1","time":1562602507149,"group":{"id":"statistics.lifecycle.project","version":"9"},"event":{"count":1,"data":{"created":1562602507149,"project":"1286078175"},"id":"project.opened"}}
{"session":"215d35edb690","build":"183.6156.11.34.5522156","bucket":"-1","time":1562602507151,"group":{"id":"lifecycle","version":"9"},"event":{"count":1,"data":{"created":1562602507151},"id":"project.opened"}}
{"session":"215d35edb690","build":"183.6156.11.34.5522156","bucket":"-1","time":1562602508475,"group":{"id":"ui.dialogs","version":"9"},"event":{"count":1,"data":{"created":1562602508475,"type":"show"},"id":"com.intellij.openapi.progress.util.ProgressDialog$MyDialogWrapper"}}
{"session":"215d35edb690","build":"183.6156.11.34.5522156","bucket":"-1","time":1562602514639,"group":{"id":"statistics.file.types.open","version":"9"},"event":{"count":1,"data":{"created":1562602514639,"project":"1286078175"},"id":"Groovy"}}
{"session":"215d35edb690","build":"183.6156.11.34.5522156","bucket":"-1","time":1562602514712,"group":{"id":"statistics.lifecycle.app","version":"9"},"event":{"count":1,"data":{"created":1562602514712},"id":"ide.start"}}
{"session":"215d35edb690","build":"183.6156.11.34.5522156","bucket":"-1","time":1562602514712,"group":{"id":"lifecycle","version":"9"},"event":{"count":1,"data":{"created":1562602514713},"id":"app.started"}}
{"session":"215d35edb690","build":"183.6156.11.34.5522156","bucket":"-1","time":1562602514867,"group":{"id":"toolwindow.v2","version":"9"},"event":{"count":1,"data":{"created":1562602514867,"data_1":"Mac"},"id":"Project_by_Activation"}}
{"session":"215d35edb690","build":"183.6156.11.34.5522156","bucket":"-1","time":1562602515390,"group":{"id":"statistics.ui.tips","version":"9"},"event":{"count":1,"data":{"created":1562602515390},"id":"shown.automatically"}}
{"session":"215d35edb690","build":"183.6156.11.34.5522156","bucket":"-1","time":1562602515465,"group":{"id":"ui.dialogs","version":"9"},"event":{"count":1,"data":{"created":1562602515465,"type":"show"},"id":"com.intellij.ide.util.TipDialog"}}
{"session":"215d35edb690","build":"183.6156.11.34.5522156","bucket":"-1","time":1562602516639,"group":{"id":"ui.dialogs","version":"9"},"event":{"count":1,"data":{"code":1,"created":1562602516639,"type":"close"},"id":"com.intellij.openapi.progress.util.ProgressDialog$MyDialogWrapper"}}
{"session":"215d35edb690","build":"183.6156.11.34.5522156","bucket":"-1","time":1562602517093,"group":{"id":"statistics.lifecycle.project","version":"9"},"event":{"count":1,"data":{"created":1562602517093,"project":"1286078175"},"id":"project.open.time.11"}}
{"session":"215d35edb690","build":"183.6156.11.34.5522156","bucket":"-1","time":1562602517093,"group":{"id":"lifecycle","version":"9"},"event":{"count":1,"data":{"created":1562602517094,"time.ms":11988},"id":"project.opening.finished"}}
{"session":"215d35edb690","build":"183.6156.11.34.5522156","bucket":"-1","time":1562602518889,"group":{"id":"ui.dialogs","version":"9"},"event":{"count":1,"data":{"created":1562602518889,"type":"show"},"id":"dialog.third.party.plugin"}}
{"session":"215d35edb690","build":"183.6156.11.34.5522156","bucket":"-1","time":1562602533211,"group":{"id":"ui.dialogs","version":"9"},"event":{"count":1,"data":{"code":1,"created":1562602533212,"type":"close"},"id":"dialog.third.party.plugin"}}
{"session":"215d35edb690","build":"183.6156.11.34.5522156","bucket":"-1","time":1562602534078,"group":{"id":"ui.dialogs","version":"9"},"event":{"count":1,"data":{"code":1,"created":1562602534078,"type":"close"},"id":"com.intellij.ide.util.TipDialog"}}
{"session":"215d35edb690","build":"183.6156.11.34.5522156","bucket":"-1","time":1562602541205,"group":{"id":"actions.v2","version":"9"},"event":{"count":1,"data":{"context_menu":true,"created":1562602541205,"data_1":"Mac"},"id":"third.party.plugin.action"}}
