{"session":"d08e124c3d27","build":"183.6156.11.34.5522156","bucket":"-1","time":1562600492297,"group":{"id":"system.os.name","version":"9"},"event":{"data":{"created":1562600492298},"id":"Mac.OS.X"}}
{"session":"d08e124c3d27","build":"183.6156.11.34.5522156","bucket":"-1","time":1562600492298,"group":{"id":"system.os.version","version":"9"},"event":{"data":{"created":1562600492308},"id":"10.14.4"}}
{"session":"d08e124c3d27","build":"183.6156.11.34.5522156","bucket":"-1","time":1562600492298,"group":{"id":"system.jvm.vendor","version":"9"},"event":{"data":{"created":1562600492321},"id":"Oracle_Corporation"}}
{"session":"d08e124c3d27","build":"183.6156.11.34.5522156","bucket":"-1","time":1562600492298,"group":{"id":"system.jvm.version","version":"9"},"event":{"data":{"created":1562600492322},"id":"1.8"}}
{"session":"d08e124c3d27","build":"183.6156.11.34.5522156","bucket":"-1","time":1562600492308,"group":{"id":"settings","version":"9"},"event":{"data":{"created":1562600492323,"name":"activeMruEditorOnClose","value":false},"id":"UISettings"}}
{"session":"d08e124c3d27","build":"183.6156.11.34.5522156","bucket":"-1","time":1562600492308,"group":{"id":"settings","version":"9"},"event":{"data":{"created":1562600492324,"name":"activeRightEditorOnClose","value":false},"id":"UISettings"}}
{"session":"d08e124c3d27","build":"183.6156.11.34.5522156","bucket":"-1","time":1562600492308,"group":{"id":"settings","version":"9"},"event":{"data":{"created":1562600492325,"name":"allowMergeButtons","value":true},"id":"UISettings"}}
{"session":"d08e124c3d27","build":"183.6156.11.34.5522156","bucket":"-1","time":1562600492308,"group":{"id":"settings","version":"9"},"event":{"data":{"created":1562600492326,"name":"alwaysShowWindowsButton","value":false},"id":"UISettings"}}
{"session":"d08e124c3d27","build":"183.6156.11.34.5522156","bucket":"-1","time":1562600492308,"group":{"id":"settings","version":"9"},"event":{"data":{"created":1562600492326,"name":"animateWindows","value":true},"id":"UISettings"}}
{"session":"d08e124c3d27","build":"183.6156.11.34.5522156","bucket":"-1","time":1562600492308,"group":{"id":"settings","version":"9"},"event":{"data":{"created":1562600492327,"name":"closeNonModifiedFilesFirst","value":false},"id":"UISettings"}}
{"session":"d08e124c3d27","build":"183.6156.11.34.5522156","bucket":"-1","time":1562600492308,"group":{"id":"settings","version":"9"},"event":{"data":{"created":1562600492328,"name":"closeTabButtonOnTheRight","value":true},"id":"UISettings"}}
{"session":"d08e124c3d27","build":"183.6156.11.34.5522156","bucket":"-1","time":1562600492308,"group":{"id":"settings","version":"9"},"event":{"data":{"created":1562600492329,"name":"cycleScrolling","value":true},"id":"UISettings"}}
{"session":"d08e124c3d27","build":"183.6156.11.34.5522156","bucket":"-1","time":1562600492309,"group":{"id":"settings","version":"9"},"event":{"data":{"created":1562600492330,"name":"defaultAutoScrollToSource","value":false},"id":"UISettings"}}
{"session":"d08e124c3d27","build":"183.6156.11.34.5522156","bucket":"-1","time":1562600492309,"group":{"id":"settings","version":"9"},"event":{"data":{"created":1562600492330,"name":"disableMnemonics","value":true},"id":"UISettings"}}
{"session":"d08e124c3d27","build":"183.6156.11.34.5522156","bucket":"-1","time":1562600492309,"group":{"id":"settings","version":"9"},"event":{"data":{"created":1562600492331,"name":"disableMnemonicsInControls","value":false},"id":"UISettings"}}
{"session":"d08e124c3d27","build":"183.6156.11.34.5522156","bucket":"-1","time":1562600492309,"group":{"id":"settings","version":"9"},"event":{"data":{"created":1562600492332,"name":"dndWithPressedAltOnly","value":false},"id":"UISettings"}}
{"session":"d08e124c3d27","build":"183.6156.11.34.5522156","bucket":"-1","time":1562600492309,"group":{"id":"settings","version":"9"},"event":{"data":{"created":1562600492332,"name":"enableAlphaMode","value":false},"id":"UISettings"}}
{"session":"d08e124c3d27","build":"183.6156.11.34.5522156","bucket":"-1","time":1562600492309,"group":{"id":"settings","version":"9"},"event":{"data":{"created":1562600492333,"name":"hideKnownExtensionInTabs","value":false},"id":"UISettings"}}
{"session":"d08e124c3d27","build":"183.6156.11.34.5522156","bucket":"-1","time":1562600492309,"group":{"id":"settings","version":"9"},"event":{"data":{"created":1562600492333,"name":"hideNavigationOnFocusLoss","value":true},"id":"UISettings"}}
{"session":"d08e124c3d27","build":"183.6156.11.34.5522156","bucket":"-1","time":1562600492309,"group":{"id":"settings","version":"9"},"event":{"data":{"created":1562600492333,"name":"hideTabsIfNeed","value":true},"id":"UISettings"}}
{"session":"d08e124c3d27","build":"183.6156.11.34.5522156","bucket":"-1","time":1562600492309,"group":{"id":"settings","version":"9"},"event":{"data":{"created":1562600492334,"name":"hideToolStripes","value":false},"id":"UISettings"}}
{"session":"d08e124c3d27","build":"183.6156.11.34.5522156","bucket":"-1","time":1562600492309,"group":{"id":"settings","version":"9"},"event":{"data":{"created":1562600492335,"name":"languageFlags","value":false},"id":"UISettings"}}
{"session":"d08e124c3d27","build":"183.6156.11.34.5522156","bucket":"-1","time":1562600492309,"group":{"id":"settings","version":"9"},"event":{"data":{"created":1562600492335,"name":"leftHorizontalSplit","value":false},"id":"UISettings"}}
{"session":"d08e124c3d27","build":"183.6156.11.34.5522156","bucket":"-1","time":1562600492309,"group":{"id":"settings","version":"9"},"event":{"data":{"created":1562600492336,"name":"markModifiedTabsWithAsterisk","value":false},"id":"UISettings"}}
{"session":"d08e124c3d27","build":"183.6156.11.34.5522156","bucket":"-1","time":1562600492309,"group":{"id":"settings","version":"9"},"event":{"data":{"created":1562600492337,"name":"mergeEqualStackTraces","value":true},"id":"UISettings"}}
{"session":"d08e124c3d27","build":"183.6156.11.34.5522156","bucket":"-1","time":1562600492309,"group":{"id":"settings","version":"9"},"event":{"data":{"created":1562600492337,"name":"moveMouseOnDefaultButton","value":false},"id":"UISettings"}}
{"session":"d08e124c3d27","build":"183.6156.11.34.5522156","bucket":"-1","time":1562600492309,"group":{"id":"settings","version":"9"},"event":{"data":{"created":1562600492338,"name":"navigateToPreview","value":false},"id":"UISettings"}}
{"session":"d08e124c3d27","build":"183.6156.11.34.5522156","bucket":"-1","time":1562600492309,"group":{"id":"settings","version":"9"},"event":{"data":{"created":1562600492338,"name":"overrideConsoleCycleBufferSize","value":false},"id":"UISettings"}}
{"session":"d08e124c3d27","build":"183.6156.11.34.5522156","bucket":"-1","time":1562600492309,"group":{"id":"settings","version":"9"},"event":{"data":{"created":1562600492339,"name":"overrideLafFonts","value":false},"id":"UISettings"}}
{"session":"d08e124c3d27","build":"183.6156.11.34.5522156","bucket":"-1","time":1562600492309,"group":{"id":"settings","version":"9"},"event":{"data":{"created":1562600492339,"name":"pinFindInPath","value":false},"id":"UISettings"}}
{"session":"d08e124c3d27","build":"183.6156.11.34.5522156","bucket":"-1","time":1562600492309,"group":{"id":"settings","version":"9"},"event":{"data":{"created":1562600492339,"name":"presentationMode","value":false},"id":"UISettings"}}
{"session":"d08e124c3d27","build":"183.6156.11.34.5522156","bucket":"-1","time":1562600492309,"group":{"id":"settings","version":"9"},"event":{"data":{"created":1562600492340,"name":"reuseNotModifiedTabs","value":false},"id":"UISettings"}}
{"session":"d08e124c3d27","build":"183.6156.11.34.5522156","bucket":"-1","time":1562600492309,"group":{"id":"settings","version":"9"},"event":{"data":{"created":1562600492340,"name":"rightHorizontalSplit","value":false},"id":"UISettings"}}
{"session":"d08e124c3d27","build":"183.6156.11.34.5522156","bucket":"-1","time":1562600492309,"group":{"id":"settings","version":"9"},"event":{"data":{"created":1562600492340,"name":"scrollTabLayoutInEditor","value":true},"id":"UISettings"}}
{"session":"d08e124c3d27","build":"183.6156.11.34.5522156","bucket":"-1","time":1562600492309,"group":{"id":"settings","version":"9"},"event":{"data":{"created":1562600492341,"name":"showCloseButton","value":true},"id":"UISettings"}}
{"session":"d08e124c3d27","build":"183.6156.11.34.5522156","bucket":"-1","time":1562600492309,"group":{"id":"settings","version":"9"},"event":{"data":{"created":1562600492341,"name":"showDirectoryForNonUniqueFilenames","value":true},"id":"UISettings"}}
{"session":"d08e124c3d27","build":"183.6156.11.34.5522156","bucket":"-1","time":1562600492309,"group":{"id":"settings","version":"9"},"event":{"data":{"created":1562600492342,"name":"showEditorToolTip","value":true},"id":"UISettings"}}
{"session":"d08e124c3d27","build":"183.6156.11.34.5522156","bucket":"-1","time":1562600492309,"group":{"id":"settings","version":"9"},"event":{"data":{"created":1562600492342,"name":"showIconInQuickNavigation","value":true},"id":"UISettings"}}
{"session":"d08e124c3d27","build":"183.6156.11.34.5522156","bucket":"-1","time":1562600492309,"group":{"id":"settings","version":"9"},"event":{"data":{"created":1562600492342,"name":"showIconsInMenus","value":true},"id":"UISettings"}}
{"session":"d08e124c3d27","build":"183.6156.11.34.5522156","bucket":"-1","time":1562600492309,"group":{"id":"settings","version":"9"},"event":{"data":{"created":1562600492343,"name":"showMainToolbar","value":false},"id":"UISettings"}}
{"session":"d08e124c3d27","build":"183.6156.11.34.5522156","bucket":"-1","time":1562600492309,"group":{"id":"settings","version":"9"},"event":{"data":{"created":1562600492343,"name":"showMemoryIndicator","value":false},"id":"UISettings"}}
{"session":"d08e124c3d27","build":"183.6156.11.34.5522156","bucket":"-1","time":1562600492309,"group":{"id":"settings","version":"9"},"event":{"data":{"created":1562600492344,"name":"showNavigationBar","value":true},"id":"UISettings"}}
{"session":"d08e124c3d27","build":"183.6156.11.34.5522156","bucket":"-1","time":1562600492309,"group":{"id":"settings","version":"9"},"event":{"data":{"created":1562600492344,"name":"showStatusBar","value":true},"id":"UISettings"}}
{"session":"d08e124c3d27","build":"183.6156.11.34.5522156","bucket":"-1","time":1562600492309,"group":{"id":"settings","version":"9"},"event":{"data":{"created":1562600492344,"name":"showTabsTooltips","value":true},"id":"UISettings"}}
{"session":"d08e124c3d27","build":"183.6156.11.34.5522156","bucket":"-1","time":1562600492310,"group":{"id":"settings","version":"9"},"event":{"data":{"created":1562600492345,"name":"showToolWindowsNumbers","value":true},"id":"UISettings"}}
{"session":"d08e124c3d27","build":"183.6156.11.34.5522156","bucket":"-1","time":1562600492310,"group":{"id":"settings","version":"9"},"event":{"data":{"created":1562600492345,"name":"smoothScrolling","value":false},"id":"UISettings"}}
{"session":"d08e124c3d27","build":"183.6156.11.34.5522156","bucket":"-1","time":1562600492310,"group":{"id":"settings","version":"9"},"event":{"data":{"created":1562600492345,"name":"sortBookmarks","value":false},"id":"UISettings"}}
{"session":"d08e124c3d27","build":"183.6156.11.34.5522156","bucket":"-1","time":1562600492310,"group":{"id":"settings","version":"9"},"event":{"data":{"created":1562600492346,"name":"sortLookupElementsLexicographically","value":false},"id":"UISettings"}}
{"session":"d08e124c3d27","build":"183.6156.11.34.5522156","bucket":"-1","time":1562600492310,"group":{"id":"settings","version":"9"},"event":{"data":{"created":1562600492346,"name":"useSmallLabelsOnTabs","value":true},"id":"UISettings"}}
{"session":"d08e124c3d27","build":"183.6156.11.34.5522156","bucket":"-1","time":1562600492310,"group":{"id":"settings","version":"9"},"event":{"data":{"created":1562600492346,"name":"wideScreenSupport","value":false},"id":"UISettings"}}
{"session":"d08e124c3d27","build":"183.6156.11.34.5522156","bucket":"-1","time":1562600493189,"group":{"id":"settings","version":"9"},"event":{"data":{"created":1562600493189,"name":"autoSaveIfInactive","value":false},"id":"GeneralSettings"}}
{"session":"d08e124c3d27","build":"183.6156.11.34.5522156","bucket":"-1","time":1562600493189,"group":{"id":"settings","version":"9"},"event":{"data":{"created":1562600493190,"name":"confirmExit","value":true},"id":"GeneralSettings"}}
{"session":"d08e124c3d27","build":"183.6156.11.34.5522156","bucket":"-1","time":1562600493189,"group":{"id":"settings","version":"9"},"event":{"data":{"created":1562600493190,"name":"reopenLastProject","value":true},"id":"GeneralSettings"}}
{"session":"d08e124c3d27","build":"183.6156.11.34.5522156","bucket":"-1","time":1562600493189,"group":{"id":"settings","version":"9"},"event":{"data":{"created":1562600493191,"name":"saveOnFrameDeactivation","value":true},"id":"GeneralSettings"}}
{"session":"d08e124c3d27","build":"183.6156.11.34.5522156","bucket":"-1","time":1562600493189,"group":{"id":"settings","version":"9"},"event":{"data":{"created":1562600493191,"name":"searchInBackground","value":false},"id":"GeneralSettings"}}
{"session":"d08e124c3d27","build":"183.6156.11.34.5522156","bucket":"-1","time":1562600493189,"group":{"id":"settings","version":"9"},"event":{"data":{"created":1562600493191,"name":"showTipsOnStartup","value":true},"id":"GeneralSettings"}}
{"session":"d08e124c3d27","build":"183.6156.11.34.5522156","bucket":"-1","time":1562600493189,"group":{"id":"settings","version":"9"},"event":{"data":{"created":1562600493192,"name":"showWelcomeScreen","value":true},"id":"GeneralSettings"}}
{"session":"d08e124c3d27","build":"183.6156.11.34.5522156","bucket":"-1","time":1562600493189,"group":{"id":"settings","version":"9"},"event":{"data":{"created":1562600493192,"name":"supportScreenReaders","value":false},"id":"GeneralSettings"}}
{"session":"d08e124c3d27","build":"183.6156.11.34.5522156","bucket":"-1","time":1562600493189,"group":{"id":"settings","version":"9"},"event":{"data":{"created":1562600493192,"name":"syncOnFrameActivation","value":true},"id":"GeneralSettings"}}
{"session":"d08e124c3d27","build":"183.6156.11.34.5522156","bucket":"-1","time":1562600493189,"group":{"id":"settings","version":"9"},"event":{"data":{"created":1562600493193,"name":"useDefaultBrowser","value":true},"id":"GeneralSettings"}}
{"session":"d08e124c3d27","build":"183.6156.11.34.5522156","bucket":"-1","time":1562600493189,"group":{"id":"settings","version":"9"},"event":{"data":{"created":1562600493193,"name":"useSafeWrite","value":true},"id":"GeneralSettings"}}
{"session":"d08e124c3d27","build":"183.6156.11.34.5522156","bucket":"-1","time":1562600498221,"group":{"id":"ui.dialogs","version":"9"},"event":{"count":1,"data":{"created":1562600498221,"type":"show"},"id":"com.intellij.openapi.progress.util.ProgressDialog$MyDialogWrapper"}}
{"session":"d08e124c3d27","build":"183.6156.11.34.5522156","bucket":"-1","time":1562600499715,"group":{"id":"ui.dialogs","version":"9"},"event":{"count":1,"data":{"code":1,"created":1562600499715,"type":"close"},"id":"com.intellij.openapi.progress.util.ProgressDialog$MyDialogWrapper"}}
{"session":"d08e124c3d27","build":"183.6156.11.34.5522156","bucket":"-1","time":1562600499752,"group":{"id":"statistics.lifecycle.project","version":"9"},"event":{"count":1,"data":{"created":1562600499752,"project":"1286078175"},"id":"project.opened"}}
{"session":"d08e124c3d27","build":"183.6156.11.34.5522156","bucket":"-1","time":1562600499753,"group":{"id":"lifecycle","version":"9"},"event":{"count":1,"data":{"created":1562600499753},"id":"project.opened"}}
{"session":"d08e124c3d27","build":"183.6156.11.34.5522156","bucket":"-1","time":1562600501064,"group":{"id":"ui.dialogs","version":"9"},"event":{"count":1,"data":{"created":1562600501064,"type":"show"},"id":"com.intellij.openapi.progress.util.ProgressDialog$MyDialogWrapper"}}
{"session":"d08e124c3d27","build":"183.6156.11.34.5522156","bucket":"-1","time":1562600505673,"group":{"id":"statistics.file.types.open","version":"9"},"event":{"count":3,"data":{"last":1562600506519,"created":1562600505673,"project":"1286078175"},"id":"JAVA"}}
{"session":"d08e124c3d27","build":"183.6156.11.34.5522156","bucket":"-1","time":1562600506862,"group":{"id":"statistics.file.types.open","version":"9"},"event":{"count":2,"data":{"last":1562600506906,"created":1562600506862,"project":"1286078175"},"id":"Kotlin"}}
{"session":"d08e124c3d27","build":"183.6156.11.34.5522156","bucket":"-1","time":1562600506970,"group":{"id":"statistics.file.types.open","version":"9"},"event":{"count":1,"data":{"created":1562600506970,"project":"1286078175"},"id":"JAVA"}}
{"session":"d08e124c3d27","build":"183.6156.11.34.5522156","bucket":"-1","time":1562600507028,"group":{"id":"statistics.file.types.open","version":"9"},"event":{"count":1,"data":{"created":1562600507028,"project":"1286078175"},"id":"Kotlin"}}
{"session":"d08e124c3d27","build":"183.6156.11.34.5522156","bucket":"-1","time":1562600507249,"group":{"id":"statistics.file.types.open","version":"9"},"event":{"count":2,"data":{"last":1562600507379,"created":1562600507249,"project":"1286078175"},"id":"Groovy"}}
{"session":"d08e124c3d27","build":"183.6156.11.34.5522156","bucket":"-1","time":1562600507530,"group":{"id":"toolwindow.v2","version":"9"},"event":{"count":1,"data":{"created":1562600507530,"data_1":"Mac"},"id":"Project_by_Activation"}}
{"session":"d08e124c3d27","build":"183.6156.11.34.5522156","bucket":"-1","time":1562600507816,"group":{"id":"statistics.lifecycle.app","version":"9"},"event":{"count":1,"data":{"created":1562600507816},"id":"ide.start"}}
{"session":"d08e124c3d27","build":"183.6156.11.34.5522156","bucket":"-1","time":1562600507816,"group":{"id":"lifecycle","version":"9"},"event":{"count":1,"data":{"created":1562600507816},"id":"app.started"}}
{"session":"d08e124c3d27","build":"183.6156.11.34.5522156","bucket":"-1","time":1562600508057,"group":{"id":"ui.dialogs","version":"9"},"event":{"count":1,"data":{"created":1562600508057,"type":"show"},"id":"dialog.third.party.plugin"}}
{"session":"d08e124c3d27","build":"183.6156.11.34.5522156","bucket":"-1","time":1562600508183,"group":{"id":"statistics.ui.tips","version":"9"},"event":{"count":1,"data":{"created":1562600508183},"id":"shown.automatically"}}
{"session":"d08e124c3d27","build":"183.6156.11.34.5522156","bucket":"-1","time":1562600508261,"group":{"id":"ui.dialogs","version":"9"},"event":{"count":1,"data":{"created":1562600508261,"type":"show"},"id":"com.intellij.ide.util.TipDialog"}}
{"session":"d08e124c3d27","build":"183.6156.11.34.5522156","bucket":"-1","time":1562600508367,"group":{"id":"ui.dialogs","version":"9"},"event":{"count":1,"data":{"code":1,"created":1562600508368,"type":"close"},"id":"com.intellij.openapi.progress.util.ProgressDialog$MyDialogWrapper"}}
{"session":"d08e124c3d27","build":"183.6156.11.34.5522156","bucket":"-1","time":1562600513318,"group":{"id":"ui.dialogs","version":"9"},"event":{"count":1,"data":{"code":1,"created":1562600513318,"type":"close"},"id":"dialog.third.party.plugin"}}
{"session":"d08e124c3d27","build":"183.6156.11.34.5522156","bucket":"-1","time":1562600514101,"group":{"id":"statistics.lifecycle.project","version":"9"},"event":{"count":1,"data":{"created":1562600514102,"project":"1286078175"},"id":"project.open.time.16"}}
{"session":"d08e124c3d27","build":"183.6156.11.34.5522156","bucket":"-1","time":1562600514102,"group":{"id":"lifecycle","version":"9"},"event":{"count":1,"data":{"created":1562600514103,"time.ms":16417},"id":"project.opening.finished"}}
{"session":"d08e124c3d27","build":"183.6156.11.34.5522156","bucket":"-1","time":1562600514550,"group":{"id":"ui.dialogs","version":"9"},"event":{"count":1,"data":{"code":1,"created":1562600514550,"type":"close"},"id":"com.intellij.ide.util.TipDialog"}}
{"session":"d08e124c3d27","build":"183.6156.11.34.5522156","bucket":"-1","time":1562600537507,"group":{"id":"actions.v2","version":"9"},"event":{"count":1,"data":{"context_menu":true,"created":1562600537507,"data_1":"Mac"},"id":"third.party.plugin.action"}}
{"session":"d08e124c3d27","build":"183.6156.11.34.5522156","bucket":"-1","time":1562600537664,"group":{"id":"ui.dialogs","version":"9"},"event":{"count":1,"data":{"created":1562600537664,"type":"show"},"id":"dialog.third.party.plugin"}}
