{"session":"702c151924cd","build":"183.6156.11.34.5522156","bucket":"-1","time":1562578659190,"group":{"id":"system.os.name","version":"9"},"event":{"data":{"created":1562578659190},"id":"Mac.OS.X"}}
{"session":"702c151924cd","build":"183.6156.11.34.5522156","bucket":"-1","time":1562578659190,"group":{"id":"system.os.version","version":"9"},"event":{"data":{"created":1562578659199},"id":"10.14.4"}}
{"session":"702c151924cd","build":"183.6156.11.34.5522156","bucket":"-1","time":1562578659190,"group":{"id":"system.jvm.vendor","version":"9"},"event":{"data":{"created":1562578659210},"id":"Oracle_Corporation"}}
{"session":"702c151924cd","build":"183.6156.11.34.5522156","bucket":"-1","time":1562578659190,"group":{"id":"system.jvm.version","version":"9"},"event":{"data":{"created":1562578659211},"id":"1.8"}}
{"session":"702c151924cd","build":"183.6156.11.34.5522156","bucket":"-1","time":1562578659199,"group":{"id":"settings","version":"9"},"event":{"data":{"created":1562578659212,"name":"activeMruEditorOnClose","value":false},"id":"UISettings"}}
{"session":"702c151924cd","build":"183.6156.11.34.5522156","bucket":"-1","time":1562578659199,"group":{"id":"settings","version":"9"},"event":{"data":{"created":1562578659212,"name":"activeRightEditorOnClose","value":false},"id":"UISettings"}}
{"session":"702c151924cd","build":"183.6156.11.34.5522156","bucket":"-1","time":1562578659199,"group":{"id":"settings","version":"9"},"event":{"data":{"created":1562578659213,"name":"allowMergeButtons","value":true},"id":"UISettings"}}
{"session":"702c151924cd","build":"183.6156.11.34.5522156","bucket":"-1","time":1562578659199,"group":{"id":"settings","version":"9"},"event":{"data":{"created":1562578659214,"name":"alwaysShowWindowsButton","value":false},"id":"UISettings"}}
{"session":"702c151924cd","build":"183.6156.11.34.5522156","bucket":"-1","time":1562578659199,"group":{"id":"settings","version":"9"},"event":{"data":{"created":1562578659215,"name":"animateWindows","value":true},"id":"UISettings"}}
{"session":"702c151924cd","build":"183.6156.11.34.5522156","bucket":"-1","time":1562578659199,"group":{"id":"settings","version":"9"},"event":{"data":{"created":1562578659215,"name":"closeNonModifiedFilesFirst","value":false},"id":"UISettings"}}
{"session":"702c151924cd","build":"183.6156.11.34.5522156","bucket":"-1","time":1562578659199,"group":{"id":"settings","version":"9"},"event":{"data":{"created":1562578659216,"name":"closeTabButtonOnTheRight","value":true},"id":"UISettings"}}
{"session":"702c151924cd","build":"183.6156.11.34.5522156","bucket":"-1","time":1562578659199,"group":{"id":"settings","version":"9"},"event":{"data":{"created":1562578659216,"name":"cycleScrolling","value":true},"id":"UISettings"}}
{"session":"702c151924cd","build":"183.6156.11.34.5522156","bucket":"-1","time":1562578659199,"group":{"id":"settings","version":"9"},"event":{"data":{"created":1562578659217,"name":"defaultAutoScrollToSource","value":false},"id":"UISettings"}}
{"session":"702c151924cd","build":"183.6156.11.34.5522156","bucket":"-1","time":1562578659199,"group":{"id":"settings","version":"9"},"event":{"data":{"created":1562578659217,"name":"disableMnemonics","value":true},"id":"UISettings"}}
{"session":"702c151924cd","build":"183.6156.11.34.5522156","bucket":"-1","time":1562578659199,"group":{"id":"settings","version":"9"},"event":{"data":{"created":1562578659218,"name":"disableMnemonicsInControls","value":false},"id":"UISettings"}}
{"session":"702c151924cd","build":"183.6156.11.34.5522156","bucket":"-1","time":1562578659199,"group":{"id":"settings","version":"9"},"event":{"data":{"created":1562578659218,"name":"dndWithPressedAltOnly","value":false},"id":"UISettings"}}
{"session":"702c151924cd","build":"183.6156.11.34.5522156","bucket":"-1","time":1562578659199,"group":{"id":"settings","version":"9"},"event":{"data":{"created":1562578659218,"name":"enableAlphaMode","value":false},"id":"UISettings"}}
{"session":"702c151924cd","build":"183.6156.11.34.5522156","bucket":"-1","time":1562578659199,"group":{"id":"settings","version":"9"},"event":{"data":{"created":1562578659219,"name":"hideKnownExtensionInTabs","value":false},"id":"UISettings"}}
{"session":"702c151924cd","build":"183.6156.11.34.5522156","bucket":"-1","time":1562578659199,"group":{"id":"settings","version":"9"},"event":{"data":{"created":1562578659219,"name":"hideNavigationOnFocusLoss","value":true},"id":"UISettings"}}
{"session":"702c151924cd","build":"183.6156.11.34.5522156","bucket":"-1","time":1562578659199,"group":{"id":"settings","version":"9"},"event":{"data":{"created":1562578659220,"name":"hideTabsIfNeed","value":true},"id":"UISettings"}}
{"session":"702c151924cd","build":"183.6156.11.34.5522156","bucket":"-1","time":1562578659199,"group":{"id":"settings","version":"9"},"event":{"data":{"created":1562578659220,"name":"hideToolStripes","value":false},"id":"UISettings"}}
{"session":"702c151924cd","build":"183.6156.11.34.5522156","bucket":"-1","time":1562578659199,"group":{"id":"settings","version":"9"},"event":{"data":{"created":1562578659221,"name":"languageFlags","value":false},"id":"UISettings"}}
{"session":"702c151924cd","build":"183.6156.11.34.5522156","bucket":"-1","time":1562578659199,"group":{"id":"settings","version":"9"},"event":{"data":{"created":1562578659221,"name":"leftHorizontalSplit","value":false},"id":"UISettings"}}
{"session":"702c151924cd","build":"183.6156.11.34.5522156","bucket":"-1","time":1562578659199,"group":{"id":"settings","version":"9"},"event":{"data":{"created":1562578659221,"name":"markModifiedTabsWithAsterisk","value":false},"id":"UISettings"}}
{"session":"702c151924cd","build":"183.6156.11.34.5522156","bucket":"-1","time":1562578659199,"group":{"id":"settings","version":"9"},"event":{"data":{"created":1562578659222,"name":"mergeEqualStackTraces","value":true},"id":"UISettings"}}
{"session":"702c151924cd","build":"183.6156.11.34.5522156","bucket":"-1","time":1562578659199,"group":{"id":"settings","version":"9"},"event":{"data":{"created":1562578659222,"name":"moveMouseOnDefaultButton","value":false},"id":"UISettings"}}
{"session":"702c151924cd","build":"183.6156.11.34.5522156","bucket":"-1","time":1562578659199,"group":{"id":"settings","version":"9"},"event":{"data":{"created":1562578659222,"name":"navigateToPreview","value":false},"id":"UISettings"}}
{"session":"702c151924cd","build":"183.6156.11.34.5522156","bucket":"-1","time":1562578659199,"group":{"id":"settings","version":"9"},"event":{"data":{"created":1562578659223,"name":"overrideConsoleCycleBufferSize","value":false},"id":"UISettings"}}
{"session":"702c151924cd","build":"183.6156.11.34.5522156","bucket":"-1","time":1562578659199,"group":{"id":"settings","version":"9"},"event":{"data":{"created":1562578659224,"name":"overrideLafFonts","value":false},"id":"UISettings"}}
{"session":"702c151924cd","build":"183.6156.11.34.5522156","bucket":"-1","time":1562578659199,"group":{"id":"settings","version":"9"},"event":{"data":{"created":1562578659224,"name":"pinFindInPath","value":false},"id":"UISettings"}}
{"session":"702c151924cd","build":"183.6156.11.34.5522156","bucket":"-1","time":1562578659199,"group":{"id":"settings","version":"9"},"event":{"data":{"created":1562578659225,"name":"presentationMode","value":false},"id":"UISettings"}}
{"session":"702c151924cd","build":"183.6156.11.34.5522156","bucket":"-1","time":1562578659199,"group":{"id":"settings","version":"9"},"event":{"data":{"created":1562578659225,"name":"reuseNotModifiedTabs","value":false},"id":"UISettings"}}
{"session":"702c151924cd","build":"183.6156.11.34.5522156","bucket":"-1","time":1562578659199,"group":{"id":"settings","version":"9"},"event":{"data":{"created":1562578659225,"name":"rightHorizontalSplit","value":false},"id":"UISettings"}}
{"session":"702c151924cd","build":"183.6156.11.34.5522156","bucket":"-1","time":1562578659199,"group":{"id":"settings","version":"9"},"event":{"data":{"created":1562578659226,"name":"scrollTabLayoutInEditor","value":true},"id":"UISettings"}}
{"session":"702c151924cd","build":"183.6156.11.34.5522156","bucket":"-1","time":1562578659199,"group":{"id":"settings","version":"9"},"event":{"data":{"created":1562578659226,"name":"showCloseButton","value":true},"id":"UISettings"}}
{"session":"702c151924cd","build":"183.6156.11.34.5522156","bucket":"-1","time":1562578659199,"group":{"id":"settings","version":"9"},"event":{"data":{"created":1562578659226,"name":"showDirectoryForNonUniqueFilenames","value":true},"id":"UISettings"}}
{"session":"702c151924cd","build":"183.6156.11.34.5522156","bucket":"-1","time":1562578659199,"group":{"id":"settings","version":"9"},"event":{"data":{"created":1562578659227,"name":"showEditorToolTip","value":true},"id":"UISettings"}}
{"session":"702c151924cd","build":"183.6156.11.34.5522156","bucket":"-1","time":1562578659199,"group":{"id":"settings","version":"9"},"event":{"data":{"created":1562578659227,"name":"showIconInQuickNavigation","value":true},"id":"UISettings"}}
{"session":"702c151924cd","build":"183.6156.11.34.5522156","bucket":"-1","time":1562578659199,"group":{"id":"settings","version":"9"},"event":{"data":{"created":1562578659228,"name":"showIconsInMenus","value":true},"id":"UISettings"}}
{"session":"702c151924cd","build":"183.6156.11.34.5522156","bucket":"-1","time":1562578659199,"group":{"id":"settings","version":"9"},"event":{"data":{"created":1562578659228,"name":"showMainToolbar","value":false},"id":"UISettings"}}
{"session":"702c151924cd","build":"183.6156.11.34.5522156","bucket":"-1","time":1562578659199,"group":{"id":"settings","version":"9"},"event":{"data":{"created":1562578659229,"name":"showMemoryIndicator","value":false},"id":"UISettings"}}
{"session":"702c151924cd","build":"183.6156.11.34.5522156","bucket":"-1","time":1562578659199,"group":{"id":"settings","version":"9"},"event":{"data":{"created":1562578659229,"name":"showNavigationBar","value":true},"id":"UISettings"}}
{"session":"702c151924cd","build":"183.6156.11.34.5522156","bucket":"-1","time":1562578659199,"group":{"id":"settings","version":"9"},"event":{"data":{"created":1562578659229,"name":"showStatusBar","value":true},"id":"UISettings"}}
{"session":"702c151924cd","build":"183.6156.11.34.5522156","bucket":"-1","time":1562578659199,"group":{"id":"settings","version":"9"},"event":{"data":{"created":1562578659229,"name":"showTabsTooltips","value":true},"id":"UISettings"}}
{"session":"702c151924cd","build":"183.6156.11.34.5522156","bucket":"-1","time":1562578659199,"group":{"id":"settings","version":"9"},"event":{"data":{"created":1562578659230,"name":"showToolWindowsNumbers","value":true},"id":"UISettings"}}
{"session":"702c151924cd","build":"183.6156.11.34.5522156","bucket":"-1","time":1562578659199,"group":{"id":"settings","version":"9"},"event":{"data":{"created":1562578659230,"name":"smoothScrolling","value":false},"id":"UISettings"}}
{"session":"702c151924cd","build":"183.6156.11.34.5522156","bucket":"-1","time":1562578659199,"group":{"id":"settings","version":"9"},"event":{"data":{"created":1562578659231,"name":"sortBookmarks","value":false},"id":"UISettings"}}
{"session":"702c151924cd","build":"183.6156.11.34.5522156","bucket":"-1","time":1562578659199,"group":{"id":"settings","version":"9"},"event":{"data":{"created":1562578659231,"name":"sortLookupElementsLexicographically","value":false},"id":"UISettings"}}
{"session":"702c151924cd","build":"183.6156.11.34.5522156","bucket":"-1","time":1562578659199,"group":{"id":"settings","version":"9"},"event":{"data":{"created":1562578659231,"name":"useSmallLabelsOnTabs","value":true},"id":"UISettings"}}
{"session":"702c151924cd","build":"183.6156.11.34.5522156","bucket":"-1","time":1562578659199,"group":{"id":"settings","version":"9"},"event":{"data":{"created":1562578659232,"name":"wideScreenSupport","value":false},"id":"UISettings"}}
{"session":"702c151924cd","build":"183.6156.11.34.5522156","bucket":"-1","time":1562578660104,"group":{"id":"settings","version":"9"},"event":{"data":{"created":1562578660104,"name":"autoSaveIfInactive","value":false},"id":"GeneralSettings"}}
{"session":"702c151924cd","build":"183.6156.11.34.5522156","bucket":"-1","time":1562578660104,"group":{"id":"settings","version":"9"},"event":{"data":{"created":1562578660105,"name":"confirmExit","value":true},"id":"GeneralSettings"}}
{"session":"702c151924cd","build":"183.6156.11.34.5522156","bucket":"-1","time":1562578660104,"group":{"id":"settings","version":"9"},"event":{"data":{"created":1562578660105,"name":"reopenLastProject","value":true},"id":"GeneralSettings"}}
{"session":"702c151924cd","build":"183.6156.11.34.5522156","bucket":"-1","time":1562578660104,"group":{"id":"settings","version":"9"},"event":{"data":{"created":1562578660105,"name":"saveOnFrameDeactivation","value":true},"id":"GeneralSettings"}}
{"session":"702c151924cd","build":"183.6156.11.34.5522156","bucket":"-1","time":1562578660104,"group":{"id":"settings","version":"9"},"event":{"data":{"created":1562578660105,"name":"searchInBackground","value":false},"id":"GeneralSettings"}}
{"session":"702c151924cd","build":"183.6156.11.34.5522156","bucket":"-1","time":1562578660104,"group":{"id":"settings","version":"9"},"event":{"data":{"created":1562578660106,"name":"showTipsOnStartup","value":true},"id":"GeneralSettings"}}
{"session":"702c151924cd","build":"183.6156.11.34.5522156","bucket":"-1","time":1562578660104,"group":{"id":"settings","version":"9"},"event":{"data":{"created":1562578660106,"name":"showWelcomeScreen","value":true},"id":"GeneralSettings"}}
{"session":"702c151924cd","build":"183.6156.11.34.5522156","bucket":"-1","time":1562578660104,"group":{"id":"settings","version":"9"},"event":{"data":{"created":1562578660106,"name":"supportScreenReaders","value":false},"id":"GeneralSettings"}}
{"session":"702c151924cd","build":"183.6156.11.34.5522156","bucket":"-1","time":1562578660104,"group":{"id":"settings","version":"9"},"event":{"data":{"created":1562578660107,"name":"syncOnFrameActivation","value":true},"id":"GeneralSettings"}}
{"session":"702c151924cd","build":"183.6156.11.34.5522156","bucket":"-1","time":1562578660104,"group":{"id":"settings","version":"9"},"event":{"data":{"created":1562578660107,"name":"useDefaultBrowser","value":true},"id":"GeneralSettings"}}
{"session":"702c151924cd","build":"183.6156.11.34.5522156","bucket":"-1","time":1562578660104,"group":{"id":"settings","version":"9"},"event":{"data":{"created":1562578660107,"name":"useSafeWrite","value":true},"id":"GeneralSettings"}}
{"session":"702c151924cd","build":"183.6156.11.34.5522156","bucket":"-1","time":1562578664850,"group":{"id":"ui.dialogs","version":"9"},"event":{"count":1,"data":{"created":1562578664850,"type":"show"},"id":"com.intellij.openapi.progress.util.ProgressDialog$MyDialogWrapper"}}
{"session":"702c151924cd","build":"183.6156.11.34.5522156","bucket":"-1","time":1562578665540,"group":{"id":"ui.dialogs","version":"9"},"event":{"count":1,"data":{"code":1,"created":1562578665540,"type":"close"},"id":"com.intellij.openapi.progress.util.ProgressDialog$MyDialogWrapper"}}
{"session":"702c151924cd","build":"183.6156.11.34.5522156","bucket":"-1","time":1562578666203,"group":{"id":"statistics.lifecycle.app","version":"9"},"event":{"count":1,"data":{"created":1562578666203},"id":"ide.start"}}
{"session":"702c151924cd","build":"183.6156.11.34.5522156","bucket":"-1","time":1562578666205,"group":{"id":"lifecycle","version":"9"},"event":{"count":1,"data":{"created":1562578666205},"id":"app.started"}}
{"session":"702c151924cd","build":"183.6156.11.34.5522156","bucket":"-1","time":1562578798461,"group":{"id":"actions.v2","version":"9"},"event":{"count":1,"data":{"context_menu":false,"created":1562578798461,"data_1":"Mac"},"id":"third.party.plugin.action"}}
{"session":"702c151924cd","build":"183.6156.11.34.5522156","bucket":"-1","time":1562578798541,"group":{"id":"ui.dialogs","version":"9"},"event":{"count":1,"data":{"created":1562578798541,"type":"show"},"id":"com.intellij.openapi.fileChooser.ex.FileChooserDialogImpl"}}
{"session":"702c151924cd","build":"183.6156.11.34.5522156","bucket":"-1","time":1562578813905,"group":{"id":"ui.dialogs","version":"9"},"event":{"count":1,"data":{"code":0,"created":1562578813905,"type":"close"},"id":"com.intellij.openapi.fileChooser.ex.FileChooserDialogImpl"}}
{"session":"702c151924cd","build":"183.6156.11.34.5522156","bucket":"-1","time":1562578814366,"group":{"id":"ui.dialogs","version":"9"},"event":{"count":1,"data":{"created":1562578814366,"type":"show"},"id":"com.intellij.openapi.progress.util.ProgressDialog$MyDialogWrapper"}}
{"session":"702c151924cd","build":"183.6156.11.34.5522156","bucket":"-1","time":1562578815162,"group":{"id":"ui.dialogs","version":"9"},"event":{"count":1,"data":{"code":1,"created":1562578815162,"type":"close"},"id":"com.intellij.openapi.progress.util.ProgressDialog$MyDialogWrapper"}}
{"session":"702c151924cd","build":"183.6156.11.34.5522156","bucket":"-1","time":1562578815210,"group":{"id":"statistics.lifecycle.project","version":"9"},"event":{"count":1,"data":{"created":1562578815210,"project":"1286078175"},"id":"project.opened"}}
{"session":"702c151924cd","build":"183.6156.11.34.5522156","bucket":"-1","time":1562578815210,"group":{"id":"lifecycle","version":"9"},"event":{"count":1,"data":{"created":1562578815210},"id":"project.opened"}}
{"session":"702c151924cd","build":"183.6156.11.34.5522156","bucket":"-1","time":1562578816983,"group":{"id":"ui.dialogs","version":"9"},"event":{"count":1,"data":{"created":1562578816983,"type":"show"},"id":"com.intellij.openapi.progress.util.ProgressDialog$MyDialogWrapper"}}
{"session":"702c151924cd","build":"183.6156.11.34.5522156","bucket":"-1","time":1562578818814,"group":{"id":"toolwindow.v2","version":"9"},"event":{"count":1,"data":{"created":1562578818814,"data_1":"Mac"},"id":"unknown_by_Activation"}}
{"session":"702c151924cd","build":"183.6156.11.34.5522156","bucket":"-1","time":1562578820080,"group":{"id":"toolwindow.v2","version":"9"},"event":{"count":1,"data":{"created":1562578820080,"data_1":"Mac"},"id":"Project_by_Activation"}}
{"session":"702c151924cd","build":"183.6156.11.34.5522156","bucket":"-1","time":1562578820627,"group":{"id":"ui.dialogs","version":"9"},"event":{"count":1,"data":{"code":1,"created":1562578820627,"type":"close"},"id":"com.intellij.openapi.progress.util.ProgressDialog$MyDialogWrapper"}}
{"session":"702c151924cd","build":"183.6156.11.34.5522156","bucket":"-1","time":1562578821165,"group":{"id":"statistics.lifecycle.project","version":"9"},"event":{"count":1,"data":{"created":1562578821165,"project":"1286078175"},"id":"project.open.time.7"}}
{"session":"702c151924cd","build":"183.6156.11.34.5522156","bucket":"-1","time":1562578821165,"group":{"id":"lifecycle","version":"9"},"event":{"count":1,"data":{"created":1562578821165,"time.ms":7187},"id":"project.opening.finished"}}
{"session":"702c151924cd","build":"183.6156.11.34.5522156","bucket":"-1","time":1562578847099,"group":{"id":"statistics.ui.toolbar.clicks","version":"9"},"event":{"count":1,"data":{"created":1562578847099,"data_1":"Mac"},"id":"com.intellij.openapi.wm.impl.ToolWindowHeader$HideAction@ToolwindowTitle"}}
{"session":"702c151924cd","build":"183.6156.11.34.5522156","bucket":"-1","time":1562578873282,"group":{"id":"ui.dialogs","version":"9"},"event":{"count":1,"data":{"created":1562578873282,"type":"show"},"id":"com.intellij.openapi.options.newEditor.SettingsDialog"}}
{"session":"702c151924cd","build":"183.6156.11.34.5522156","bucket":"-1","time":1562578910030,"group":{"id":"ui.dialogs","version":"9"},"event":{"count":1,"data":{"code":1,"created":1562578910030,"type":"close"},"id":"com.intellij.openapi.options.newEditor.SettingsDialog"}}
{"session":"702c151924cd","build":"183.6156.11.34.5522156","bucket":"-1","time":1562578910961,"group":{"id":"ui.dialogs","version":"9"},"event":{"count":1,"data":{"created":1562578910961,"type":"show"},"id":"dialog.third.party.plugin"}}
{"session":"702c151924cd","build":"183.6156.11.34.5522156","bucket":"-1","time":1562578913293,"group":{"id":"ui.dialogs","version":"9"},"event":{"count":1,"data":{"code":1,"created":1562578913293,"type":"close"},"id":"dialog.third.party.plugin"}}
{"session":"702c151924cd","build":"183.6156.11.34.5522156","bucket":"-1","time":1562578931308,"group":{"id":"ui.dialogs","version":"9"},"event":{"count":1,"data":{"created":1562578931308,"type":"show"},"id":"com.intellij.openapi.options.newEditor.SettingsDialog"}}
