{"session":"02177344bc32","build":"183.6156.11.34.5522156","bucket":"-1","time":1562593725686,"group":{"id":"system.os.name","version":"9"},"event":{"data":{"created":1562593725687},"id":"Mac.OS.X"}}
{"session":"02177344bc32","build":"183.6156.11.34.5522156","bucket":"-1","time":1562593725687,"group":{"id":"system.os.version","version":"9"},"event":{"data":{"created":1562593725696},"id":"10.14.4"}}
{"session":"02177344bc32","build":"183.6156.11.34.5522156","bucket":"-1","time":1562593725687,"group":{"id":"system.jvm.vendor","version":"9"},"event":{"data":{"created":1562593725707},"id":"Oracle_Corporation"}}
{"session":"02177344bc32","build":"183.6156.11.34.5522156","bucket":"-1","time":1562593725687,"group":{"id":"system.jvm.version","version":"9"},"event":{"data":{"created":1562593725708},"id":"1.8"}}
{"session":"02177344bc32","build":"183.6156.11.34.5522156","bucket":"-1","time":1562593725696,"group":{"id":"settings","version":"9"},"event":{"data":{"created":1562593725709,"name":"activeMruEditorOnClose","value":false},"id":"UISettings"}}
{"session":"02177344bc32","build":"183.6156.11.34.5522156","bucket":"-1","time":1562593725696,"group":{"id":"settings","version":"9"},"event":{"data":{"created":1562593725710,"name":"activeRightEditorOnClose","value":false},"id":"UISettings"}}
{"session":"02177344bc32","build":"183.6156.11.34.5522156","bucket":"-1","time":1562593725696,"group":{"id":"settings","version":"9"},"event":{"data":{"created":1562593725711,"name":"allowMergeButtons","value":true},"id":"UISettings"}}
{"session":"02177344bc32","build":"183.6156.11.34.5522156","bucket":"-1","time":1562593725696,"group":{"id":"settings","version":"9"},"event":{"data":{"created":1562593725711,"name":"alwaysShowWindowsButton","value":false},"id":"UISettings"}}
{"session":"02177344bc32","build":"183.6156.11.34.5522156","bucket":"-1","time":1562593725696,"group":{"id":"settings","version":"9"},"event":{"data":{"created":1562593725712,"name":"animateWindows","value":true},"id":"UISettings"}}
{"session":"02177344bc32","build":"183.6156.11.34.5522156","bucket":"-1","time":1562593725696,"group":{"id":"settings","version":"9"},"event":{"data":{"created":1562593725712,"name":"closeNonModifiedFilesFirst","value":false},"id":"UISettings"}}
{"session":"02177344bc32","build":"183.6156.11.34.5522156","bucket":"-1","time":1562593725696,"group":{"id":"settings","version":"9"},"event":{"data":{"created":1562593725713,"name":"closeTabButtonOnTheRight","value":true},"id":"UISettings"}}
{"session":"02177344bc32","build":"183.6156.11.34.5522156","bucket":"-1","time":1562593725696,"group":{"id":"settings","version":"9"},"event":{"data":{"created":1562593725714,"name":"cycleScrolling","value":true},"id":"UISettings"}}
{"session":"02177344bc32","build":"183.6156.11.34.5522156","bucket":"-1","time":1562593725696,"group":{"id":"settings","version":"9"},"event":{"data":{"created":1562593725714,"name":"defaultAutoScrollToSource","value":false},"id":"UISettings"}}
{"session":"02177344bc32","build":"183.6156.11.34.5522156","bucket":"-1","time":1562593725696,"group":{"id":"settings","version":"9"},"event":{"data":{"created":1562593725715,"name":"disableMnemonics","value":true},"id":"UISettings"}}
{"session":"02177344bc32","build":"183.6156.11.34.5522156","bucket":"-1","time":1562593725696,"group":{"id":"settings","version":"9"},"event":{"data":{"created":1562593725715,"name":"disableMnemonicsInControls","value":false},"id":"UISettings"}}
{"session":"02177344bc32","build":"183.6156.11.34.5522156","bucket":"-1","time":1562593725696,"group":{"id":"settings","version":"9"},"event":{"data":{"created":1562593725716,"name":"dndWithPressedAltOnly","value":false},"id":"UISettings"}}
{"session":"02177344bc32","build":"183.6156.11.34.5522156","bucket":"-1","time":1562593725696,"group":{"id":"settings","version":"9"},"event":{"data":{"created":1562593725716,"name":"enableAlphaMode","value":false},"id":"UISettings"}}
{"session":"02177344bc32","build":"183.6156.11.34.5522156","bucket":"-1","time":1562593725696,"group":{"id":"settings","version":"9"},"event":{"data":{"created":1562593725717,"name":"hideKnownExtensionInTabs","value":false},"id":"UISettings"}}
{"session":"02177344bc32","build":"183.6156.11.34.5522156","bucket":"-1","time":1562593725696,"group":{"id":"settings","version":"9"},"event":{"data":{"created":1562593725718,"name":"hideNavigationOnFocusLoss","value":true},"id":"UISettings"}}
{"session":"02177344bc32","build":"183.6156.11.34.5522156","bucket":"-1","time":1562593725696,"group":{"id":"settings","version":"9"},"event":{"data":{"created":1562593725718,"name":"hideTabsIfNeed","value":true},"id":"UISettings"}}
{"session":"02177344bc32","build":"183.6156.11.34.5522156","bucket":"-1","time":1562593725696,"group":{"id":"settings","version":"9"},"event":{"data":{"created":1562593725719,"name":"hideToolStripes","value":false},"id":"UISettings"}}
{"session":"02177344bc32","build":"183.6156.11.34.5522156","bucket":"-1","time":1562593725696,"group":{"id":"settings","version":"9"},"event":{"data":{"created":1562593725719,"name":"languageFlags","value":false},"id":"UISettings"}}
{"session":"02177344bc32","build":"183.6156.11.34.5522156","bucket":"-1","time":1562593725696,"group":{"id":"settings","version":"9"},"event":{"data":{"created":1562593725720,"name":"leftHorizontalSplit","value":false},"id":"UISettings"}}
{"session":"02177344bc32","build":"183.6156.11.34.5522156","bucket":"-1","time":1562593725696,"group":{"id":"settings","version":"9"},"event":{"data":{"created":1562593725720,"name":"markModifiedTabsWithAsterisk","value":false},"id":"UISettings"}}
{"session":"02177344bc32","build":"183.6156.11.34.5522156","bucket":"-1","time":1562593725696,"group":{"id":"settings","version":"9"},"event":{"data":{"created":1562593725721,"name":"mergeEqualStackTraces","value":true},"id":"UISettings"}}
{"session":"02177344bc32","build":"183.6156.11.34.5522156","bucket":"-1","time":1562593725696,"group":{"id":"settings","version":"9"},"event":{"data":{"created":1562593725721,"name":"moveMouseOnDefaultButton","value":false},"id":"UISettings"}}
{"session":"02177344bc32","build":"183.6156.11.34.5522156","bucket":"-1","time":1562593725696,"group":{"id":"settings","version":"9"},"event":{"data":{"created":1562593725722,"name":"navigateToPreview","value":false},"id":"UISettings"}}
{"session":"02177344bc32","build":"183.6156.11.34.5522156","bucket":"-1","time":1562593725696,"group":{"id":"settings","version":"9"},"event":{"data":{"created":1562593725722,"name":"overrideConsoleCycleBufferSize","value":false},"id":"UISettings"}}
{"session":"02177344bc32","build":"183.6156.11.34.5522156","bucket":"-1","time":1562593725696,"group":{"id":"settings","version":"9"},"event":{"data":{"created":1562593725723,"name":"overrideLafFonts","value":false},"id":"UISettings"}}
{"session":"02177344bc32","build":"183.6156.11.34.5522156","bucket":"-1","time":1562593725696,"group":{"id":"settings","version":"9"},"event":{"data":{"created":1562593725723,"name":"pinFindInPath","value":false},"id":"UISettings"}}
{"session":"02177344bc32","build":"183.6156.11.34.5522156","bucket":"-1","time":1562593725696,"group":{"id":"settings","version":"9"},"event":{"data":{"created":1562593725724,"name":"presentationMode","value":false},"id":"UISettings"}}
{"session":"02177344bc32","build":"183.6156.11.34.5522156","bucket":"-1","time":1562593725696,"group":{"id":"settings","version":"9"},"event":{"data":{"created":1562593725724,"name":"reuseNotModifiedTabs","value":false},"id":"UISettings"}}
{"session":"02177344bc32","build":"183.6156.11.34.5522156","bucket":"-1","time":1562593725696,"group":{"id":"settings","version":"9"},"event":{"data":{"created":1562593725725,"name":"rightHorizontalSplit","value":false},"id":"UISettings"}}
{"session":"02177344bc32","build":"183.6156.11.34.5522156","bucket":"-1","time":1562593725696,"group":{"id":"settings","version":"9"},"event":{"data":{"created":1562593725726,"name":"scrollTabLayoutInEditor","value":true},"id":"UISettings"}}
{"session":"02177344bc32","build":"183.6156.11.34.5522156","bucket":"-1","time":1562593725696,"group":{"id":"settings","version":"9"},"event":{"data":{"created":1562593725726,"name":"showCloseButton","value":true},"id":"UISettings"}}
{"session":"02177344bc32","build":"183.6156.11.34.5522156","bucket":"-1","time":1562593725696,"group":{"id":"settings","version":"9"},"event":{"data":{"created":1562593725727,"name":"showDirectoryForNonUniqueFilenames","value":true},"id":"UISettings"}}
{"session":"02177344bc32","build":"183.6156.11.34.5522156","bucket":"-1","time":1562593725696,"group":{"id":"settings","version":"9"},"event":{"data":{"created":1562593725727,"name":"showEditorToolTip","value":true},"id":"UISettings"}}
{"session":"02177344bc32","build":"183.6156.11.34.5522156","bucket":"-1","time":1562593725696,"group":{"id":"settings","version":"9"},"event":{"data":{"created":1562593725727,"name":"showIconInQuickNavigation","value":true},"id":"UISettings"}}
{"session":"02177344bc32","build":"183.6156.11.34.5522156","bucket":"-1","time":1562593725696,"group":{"id":"settings","version":"9"},"event":{"data":{"created":1562593725728,"name":"showIconsInMenus","value":true},"id":"UISettings"}}
{"session":"02177344bc32","build":"183.6156.11.34.5522156","bucket":"-1","time":1562593725696,"group":{"id":"settings","version":"9"},"event":{"data":{"created":1562593725728,"name":"showMainToolbar","value":false},"id":"UISettings"}}
{"session":"02177344bc32","build":"183.6156.11.34.5522156","bucket":"-1","time":1562593725696,"group":{"id":"settings","version":"9"},"event":{"data":{"created":1562593725728,"name":"showMemoryIndicator","value":false},"id":"UISettings"}}
{"session":"02177344bc32","build":"183.6156.11.34.5522156","bucket":"-1","time":1562593725696,"group":{"id":"settings","version":"9"},"event":{"data":{"created":1562593725729,"name":"showNavigationBar","value":true},"id":"UISettings"}}
{"session":"02177344bc32","build":"183.6156.11.34.5522156","bucket":"-1","time":1562593725696,"group":{"id":"settings","version":"9"},"event":{"data":{"created":1562593725729,"name":"showStatusBar","value":true},"id":"UISettings"}}
{"session":"02177344bc32","build":"183.6156.11.34.5522156","bucket":"-1","time":1562593725696,"group":{"id":"settings","version":"9"},"event":{"data":{"created":1562593725729,"name":"showTabsTooltips","value":true},"id":"UISettings"}}
{"session":"02177344bc32","build":"183.6156.11.34.5522156","bucket":"-1","time":1562593725696,"group":{"id":"settings","version":"9"},"event":{"data":{"created":1562593725730,"name":"showToolWindowsNumbers","value":true},"id":"UISettings"}}
{"session":"02177344bc32","build":"183.6156.11.34.5522156","bucket":"-1","time":1562593725696,"group":{"id":"settings","version":"9"},"event":{"data":{"created":1562593725730,"name":"smoothScrolling","value":false},"id":"UISettings"}}
{"session":"02177344bc32","build":"183.6156.11.34.5522156","bucket":"-1","time":1562593725696,"group":{"id":"settings","version":"9"},"event":{"data":{"created":1562593725731,"name":"sortBookmarks","value":false},"id":"UISettings"}}
{"session":"02177344bc32","build":"183.6156.11.34.5522156","bucket":"-1","time":1562593725696,"group":{"id":"settings","version":"9"},"event":{"data":{"created":1562593725731,"name":"sortLookupElementsLexicographically","value":false},"id":"UISettings"}}
{"session":"02177344bc32","build":"183.6156.11.34.5522156","bucket":"-1","time":1562593725696,"group":{"id":"settings","version":"9"},"event":{"data":{"created":1562593725732,"name":"useSmallLabelsOnTabs","value":true},"id":"UISettings"}}
{"session":"02177344bc32","build":"183.6156.11.34.5522156","bucket":"-1","time":1562593725696,"group":{"id":"settings","version":"9"},"event":{"data":{"created":1562593725732,"name":"wideScreenSupport","value":false},"id":"UISettings"}}
{"session":"02177344bc32","build":"183.6156.11.34.5522156","bucket":"-1","time":1562593726661,"group":{"id":"settings","version":"9"},"event":{"data":{"created":1562593726661,"name":"autoSaveIfInactive","value":false},"id":"GeneralSettings"}}
{"session":"02177344bc32","build":"183.6156.11.34.5522156","bucket":"-1","time":1562593726661,"group":{"id":"settings","version":"9"},"event":{"data":{"created":1562593726662,"name":"confirmExit","value":true},"id":"GeneralSettings"}}
{"session":"02177344bc32","build":"183.6156.11.34.5522156","bucket":"-1","time":1562593726661,"group":{"id":"settings","version":"9"},"event":{"data":{"created":1562593726662,"name":"reopenLastProject","value":true},"id":"GeneralSettings"}}
{"session":"02177344bc32","build":"183.6156.11.34.5522156","bucket":"-1","time":1562593726661,"group":{"id":"settings","version":"9"},"event":{"data":{"created":1562593726663,"name":"saveOnFrameDeactivation","value":true},"id":"GeneralSettings"}}
{"session":"02177344bc32","build":"183.6156.11.34.5522156","bucket":"-1","time":1562593726661,"group":{"id":"settings","version":"9"},"event":{"data":{"created":1562593726663,"name":"searchInBackground","value":false},"id":"GeneralSettings"}}
{"session":"02177344bc32","build":"183.6156.11.34.5522156","bucket":"-1","time":1562593726661,"group":{"id":"settings","version":"9"},"event":{"data":{"created":1562593726663,"name":"showTipsOnStartup","value":true},"id":"GeneralSettings"}}
{"session":"02177344bc32","build":"183.6156.11.34.5522156","bucket":"-1","time":1562593726661,"group":{"id":"settings","version":"9"},"event":{"data":{"created":1562593726664,"name":"showWelcomeScreen","value":true},"id":"GeneralSettings"}}
{"session":"02177344bc32","build":"183.6156.11.34.5522156","bucket":"-1","time":1562593726661,"group":{"id":"settings","version":"9"},"event":{"data":{"created":1562593726664,"name":"supportScreenReaders","value":false},"id":"GeneralSettings"}}
{"session":"02177344bc32","build":"183.6156.11.34.5522156","bucket":"-1","time":1562593726661,"group":{"id":"settings","version":"9"},"event":{"data":{"created":1562593726664,"name":"syncOnFrameActivation","value":true},"id":"GeneralSettings"}}
{"session":"02177344bc32","build":"183.6156.11.34.5522156","bucket":"-1","time":1562593726661,"group":{"id":"settings","version":"9"},"event":{"data":{"created":1562593726665,"name":"useDefaultBrowser","value":true},"id":"GeneralSettings"}}
{"session":"02177344bc32","build":"183.6156.11.34.5522156","bucket":"-1","time":1562593726662,"group":{"id":"settings","version":"9"},"event":{"data":{"created":1562593726665,"name":"useSafeWrite","value":true},"id":"GeneralSettings"}}
{"session":"02177344bc32","build":"183.6156.11.34.5522156","bucket":"-1","time":1562593732205,"group":{"id":"ui.dialogs","version":"9"},"event":{"count":1,"data":{"created":1562593732205,"type":"show"},"id":"com.intellij.openapi.progress.util.ProgressDialog$MyDialogWrapper"}}
{"session":"02177344bc32","build":"183.6156.11.34.5522156","bucket":"-1","time":1562593733722,"group":{"id":"ui.dialogs","version":"9"},"event":{"count":1,"data":{"code":1,"created":1562593733722,"type":"close"},"id":"com.intellij.openapi.progress.util.ProgressDialog$MyDialogWrapper"}}
{"session":"02177344bc32","build":"183.6156.11.34.5522156","bucket":"-1","time":1562593733759,"group":{"id":"statistics.lifecycle.project","version":"9"},"event":{"count":1,"data":{"created":1562593733759,"project":"1286078175"},"id":"project.opened"}}
{"session":"02177344bc32","build":"183.6156.11.34.5522156","bucket":"-1","time":1562593733760,"group":{"id":"lifecycle","version":"9"},"event":{"count":1,"data":{"created":1562593733760},"id":"project.opened"}}
{"session":"02177344bc32","build":"183.6156.11.34.5522156","bucket":"-1","time":1562593735336,"group":{"id":"ui.dialogs","version":"9"},"event":{"count":1,"data":{"created":1562593735337,"type":"show"},"id":"com.intellij.openapi.progress.util.ProgressDialog$MyDialogWrapper"}}
{"session":"02177344bc32","build":"183.6156.11.34.5522156","bucket":"-1","time":1562593740460,"group":{"id":"statistics.file.types.open","version":"9"},"event":{"count":3,"data":{"last":1562593741229,"created":1562593740460,"project":"1286078175"},"id":"JAVA"}}
{"session":"02177344bc32","build":"183.6156.11.34.5522156","bucket":"-1","time":1562593741488,"group":{"id":"statistics.file.types.open","version":"9"},"event":{"count":2,"data":{"last":1562593741558,"created":1562593741488,"project":"1286078175"},"id":"Groovy"}}
{"session":"02177344bc32","build":"183.6156.11.34.5522156","bucket":"-1","time":1562593741824,"group":{"id":"statistics.lifecycle.app","version":"9"},"event":{"count":1,"data":{"created":1562593741824},"id":"ide.start"}}
{"session":"02177344bc32","build":"183.6156.11.34.5522156","bucket":"-1","time":1562593741824,"group":{"id":"lifecycle","version":"9"},"event":{"count":1,"data":{"created":1562593741825},"id":"app.started"}}
{"session":"02177344bc32","build":"183.6156.11.34.5522156","bucket":"-1","time":1562593741964,"group":{"id":"toolwindow.v2","version":"9"},"event":{"count":1,"data":{"created":1562593741964,"data_1":"Mac"},"id":"Project_by_Activation"}}
{"session":"02177344bc32","build":"183.6156.11.34.5522156","bucket":"-1","time":1562593742949,"group":{"id":"statistics.ui.tips","version":"9"},"event":{"count":1,"data":{"created":1562593742949},"id":"shown.automatically"}}
{"session":"02177344bc32","build":"183.6156.11.34.5522156","bucket":"-1","time":1562593742994,"group":{"id":"ui.dialogs","version":"9"},"event":{"count":1,"data":{"created":1562593742994,"type":"show"},"id":"com.intellij.ide.util.TipDialog"}}
{"session":"02177344bc32","build":"183.6156.11.34.5522156","bucket":"-1","time":1562593744366,"group":{"id":"ui.dialogs","version":"9"},"event":{"count":1,"data":{"code":1,"created":1562593744366,"type":"close"},"id":"com.intellij.openapi.progress.util.ProgressDialog$MyDialogWrapper"}}
{"session":"02177344bc32","build":"183.6156.11.34.5522156","bucket":"-1","time":1562593744621,"group":{"id":"statistics.lifecycle.project","version":"9"},"event":{"count":1,"data":{"created":1562593744621,"project":"1286078175"},"id":"project.open.time.13"}}
{"session":"02177344bc32","build":"183.6156.11.34.5522156","bucket":"-1","time":1562593744621,"group":{"id":"lifecycle","version":"9"},"event":{"count":1,"data":{"created":1562593744621,"time.ms":13132},"id":"project.opening.finished"}}
{"session":"02177344bc32","build":"183.6156.11.34.5522156","bucket":"-1","time":1562593744747,"group":{"id":"ui.dialogs","version":"9"},"event":{"count":1,"data":{"code":1,"created":1562593744747,"type":"close"},"id":"com.intellij.ide.util.TipDialog"}}
{"session":"02177344bc32","build":"183.6156.11.34.5522156","bucket":"-1","time":1562593766440,"group":{"id":"ui.dialogs","version":"9"},"event":{"count":1,"data":{"created":1562593766440,"type":"show"},"id":"dialog.third.party.plugin"}}
