{"session":"74d43d0bd60b","build":"183.6156.11.34.5522156","bucket":"-1","time":1562602949823,"group":{"id":"system.os.name","version":"9"},"event":{"data":{"created":1562602949824},"id":"Mac.OS.X"}}
{"session":"74d43d0bd60b","build":"183.6156.11.34.5522156","bucket":"-1","time":1562602949824,"group":{"id":"system.os.version","version":"9"},"event":{"data":{"created":1562602949832},"id":"10.14.4"}}
{"session":"74d43d0bd60b","build":"183.6156.11.34.5522156","bucket":"-1","time":1562602949824,"group":{"id":"system.jvm.vendor","version":"9"},"event":{"data":{"created":1562602949843},"id":"Oracle_Corporation"}}
{"session":"74d43d0bd60b","build":"183.6156.11.34.5522156","bucket":"-1","time":1562602949824,"group":{"id":"system.jvm.version","version":"9"},"event":{"data":{"created":1562602949844},"id":"1.8"}}
{"session":"74d43d0bd60b","build":"183.6156.11.34.5522156","bucket":"-1","time":1562602949832,"group":{"id":"settings","version":"9"},"event":{"data":{"created":1562602949845,"name":"activeMruEditorOnClose","value":false},"id":"UISettings"}}
{"session":"74d43d0bd60b","build":"183.6156.11.34.5522156","bucket":"-1","time":1562602949832,"group":{"id":"settings","version":"9"},"event":{"data":{"created":1562602949845,"name":"activeRightEditorOnClose","value":false},"id":"UISettings"}}
{"session":"74d43d0bd60b","build":"183.6156.11.34.5522156","bucket":"-1","time":1562602949832,"group":{"id":"settings","version":"9"},"event":{"data":{"created":1562602949846,"name":"allowMergeButtons","value":true},"id":"UISettings"}}
{"session":"74d43d0bd60b","build":"183.6156.11.34.5522156","bucket":"-1","time":1562602949832,"group":{"id":"settings","version":"9"},"event":{"data":{"created":1562602949846,"name":"alwaysShowWindowsButton","value":false},"id":"UISettings"}}
{"session":"74d43d0bd60b","build":"183.6156.11.34.5522156","bucket":"-1","time":1562602949832,"group":{"id":"settings","version":"9"},"event":{"data":{"created":1562602949847,"name":"animateWindows","value":true},"id":"UISettings"}}
{"session":"74d43d0bd60b","build":"183.6156.11.34.5522156","bucket":"-1","time":1562602949832,"group":{"id":"settings","version":"9"},"event":{"data":{"created":1562602949848,"name":"closeNonModifiedFilesFirst","value":false},"id":"UISettings"}}
{"session":"74d43d0bd60b","build":"183.6156.11.34.5522156","bucket":"-1","time":1562602949832,"group":{"id":"settings","version":"9"},"event":{"data":{"created":1562602949849,"name":"closeTabButtonOnTheRight","value":true},"id":"UISettings"}}
{"session":"74d43d0bd60b","build":"183.6156.11.34.5522156","bucket":"-1","time":1562602949832,"group":{"id":"settings","version":"9"},"event":{"data":{"created":1562602949850,"name":"cycleScrolling","value":true},"id":"UISettings"}}
{"session":"74d43d0bd60b","build":"183.6156.11.34.5522156","bucket":"-1","time":1562602949832,"group":{"id":"settings","version":"9"},"event":{"data":{"created":1562602949850,"name":"defaultAutoScrollToSource","value":false},"id":"UISettings"}}
{"session":"74d43d0bd60b","build":"183.6156.11.34.5522156","bucket":"-1","time":1562602949832,"group":{"id":"settings","version":"9"},"event":{"data":{"created":1562602949851,"name":"disableMnemonics","value":true},"id":"UISettings"}}
{"session":"74d43d0bd60b","build":"183.6156.11.34.5522156","bucket":"-1","time":1562602949832,"group":{"id":"settings","version":"9"},"event":{"data":{"created":1562602949851,"name":"disableMnemonicsInControls","value":false},"id":"UISettings"}}
{"session":"74d43d0bd60b","build":"183.6156.11.34.5522156","bucket":"-1","time":1562602949832,"group":{"id":"settings","version":"9"},"event":{"data":{"created":1562602949852,"name":"dndWithPressedAltOnly","value":false},"id":"UISettings"}}
{"session":"74d43d0bd60b","build":"183.6156.11.34.5522156","bucket":"-1","time":1562602949832,"group":{"id":"settings","version":"9"},"event":{"data":{"created":1562602949853,"name":"enableAlphaMode","value":false},"id":"UISettings"}}
{"session":"74d43d0bd60b","build":"183.6156.11.34.5522156","bucket":"-1","time":1562602949832,"group":{"id":"settings","version":"9"},"event":{"data":{"created":1562602949853,"name":"hideKnownExtensionInTabs","value":false},"id":"UISettings"}}
{"session":"74d43d0bd60b","build":"183.6156.11.34.5522156","bucket":"-1","time":1562602949832,"group":{"id":"settings","version":"9"},"event":{"data":{"created":1562602949854,"name":"hideNavigationOnFocusLoss","value":true},"id":"UISettings"}}
{"session":"74d43d0bd60b","build":"183.6156.11.34.5522156","bucket":"-1","time":1562602949832,"group":{"id":"settings","version":"9"},"event":{"data":{"created":1562602949854,"name":"hideTabsIfNeed","value":true},"id":"UISettings"}}
{"session":"74d43d0bd60b","build":"183.6156.11.34.5522156","bucket":"-1","time":1562602949832,"group":{"id":"settings","version":"9"},"event":{"data":{"created":1562602949855,"name":"hideToolStripes","value":false},"id":"UISettings"}}
{"session":"74d43d0bd60b","build":"183.6156.11.34.5522156","bucket":"-1","time":1562602949832,"group":{"id":"settings","version":"9"},"event":{"data":{"created":1562602949855,"name":"languageFlags","value":false},"id":"UISettings"}}
{"session":"74d43d0bd60b","build":"183.6156.11.34.5522156","bucket":"-1","time":1562602949832,"group":{"id":"settings","version":"9"},"event":{"data":{"created":1562602949856,"name":"leftHorizontalSplit","value":false},"id":"UISettings"}}
{"session":"74d43d0bd60b","build":"183.6156.11.34.5522156","bucket":"-1","time":1562602949832,"group":{"id":"settings","version":"9"},"event":{"data":{"created":1562602949856,"name":"markModifiedTabsWithAsterisk","value":false},"id":"UISettings"}}
{"session":"74d43d0bd60b","build":"183.6156.11.34.5522156","bucket":"-1","time":1562602949832,"group":{"id":"settings","version":"9"},"event":{"data":{"created":1562602949856,"name":"mergeEqualStackTraces","value":true},"id":"UISettings"}}
{"session":"74d43d0bd60b","build":"183.6156.11.34.5522156","bucket":"-1","time":1562602949832,"group":{"id":"settings","version":"9"},"event":{"data":{"created":1562602949857,"name":"moveMouseOnDefaultButton","value":false},"id":"UISettings"}}
{"session":"74d43d0bd60b","build":"183.6156.11.34.5522156","bucket":"-1","time":1562602949832,"group":{"id":"settings","version":"9"},"event":{"data":{"created":1562602949857,"name":"navigateToPreview","value":false},"id":"UISettings"}}
{"session":"74d43d0bd60b","build":"183.6156.11.34.5522156","bucket":"-1","time":1562602949832,"group":{"id":"settings","version":"9"},"event":{"data":{"created":1562602949858,"name":"overrideConsoleCycleBufferSize","value":false},"id":"UISettings"}}
{"session":"74d43d0bd60b","build":"183.6156.11.34.5522156","bucket":"-1","time":1562602949832,"group":{"id":"settings","version":"9"},"event":{"data":{"created":1562602949858,"name":"overrideLafFonts","value":false},"id":"UISettings"}}
{"session":"74d43d0bd60b","build":"183.6156.11.34.5522156","bucket":"-1","time":1562602949832,"group":{"id":"settings","version":"9"},"event":{"data":{"created":1562602949859,"name":"pinFindInPath","value":false},"id":"UISettings"}}
{"session":"74d43d0bd60b","build":"183.6156.11.34.5522156","bucket":"-1","time":1562602949832,"group":{"id":"settings","version":"9"},"event":{"data":{"created":1562602949859,"name":"presentationMode","value":false},"id":"UISettings"}}
{"session":"74d43d0bd60b","build":"183.6156.11.34.5522156","bucket":"-1","time":1562602949832,"group":{"id":"settings","version":"9"},"event":{"data":{"created":1562602949859,"name":"reuseNotModifiedTabs","value":false},"id":"UISettings"}}
{"session":"74d43d0bd60b","build":"183.6156.11.34.5522156","bucket":"-1","time":1562602949832,"group":{"id":"settings","version":"9"},"event":{"data":{"created":1562602949860,"name":"rightHorizontalSplit","value":false},"id":"UISettings"}}
{"session":"74d43d0bd60b","build":"183.6156.11.34.5522156","bucket":"-1","time":1562602949832,"group":{"id":"settings","version":"9"},"event":{"data":{"created":1562602949861,"name":"scrollTabLayoutInEditor","value":true},"id":"UISettings"}}
{"session":"74d43d0bd60b","build":"183.6156.11.34.5522156","bucket":"-1","time":1562602949832,"group":{"id":"settings","version":"9"},"event":{"data":{"created":1562602949861,"name":"showCloseButton","value":true},"id":"UISettings"}}
{"session":"74d43d0bd60b","build":"183.6156.11.34.5522156","bucket":"-1","time":1562602949832,"group":{"id":"settings","version":"9"},"event":{"data":{"created":1562602949862,"name":"showDirectoryForNonUniqueFilenames","value":true},"id":"UISettings"}}
{"session":"74d43d0bd60b","build":"183.6156.11.34.5522156","bucket":"-1","time":1562602949832,"group":{"id":"settings","version":"9"},"event":{"data":{"created":1562602949862,"name":"showEditorToolTip","value":true},"id":"UISettings"}}
{"session":"74d43d0bd60b","build":"183.6156.11.34.5522156","bucket":"-1","time":1562602949832,"group":{"id":"settings","version":"9"},"event":{"data":{"created":1562602949863,"name":"showIconInQuickNavigation","value":true},"id":"UISettings"}}
{"session":"74d43d0bd60b","build":"183.6156.11.34.5522156","bucket":"-1","time":1562602949832,"group":{"id":"settings","version":"9"},"event":{"data":{"created":1562602949863,"name":"showIconsInMenus","value":true},"id":"UISettings"}}
{"session":"74d43d0bd60b","build":"183.6156.11.34.5522156","bucket":"-1","time":1562602949832,"group":{"id":"settings","version":"9"},"event":{"data":{"created":1562602949864,"name":"showMainToolbar","value":false},"id":"UISettings"}}
{"session":"74d43d0bd60b","build":"183.6156.11.34.5522156","bucket":"-1","time":1562602949832,"group":{"id":"settings","version":"9"},"event":{"data":{"created":1562602949864,"name":"showMemoryIndicator","value":false},"id":"UISettings"}}
{"session":"74d43d0bd60b","build":"183.6156.11.34.5522156","bucket":"-1","time":1562602949832,"group":{"id":"settings","version":"9"},"event":{"data":{"created":1562602949865,"name":"showNavigationBar","value":true},"id":"UISettings"}}
{"session":"74d43d0bd60b","build":"183.6156.11.34.5522156","bucket":"-1","time":1562602949832,"group":{"id":"settings","version":"9"},"event":{"data":{"created":1562602949865,"name":"showStatusBar","value":true},"id":"UISettings"}}
{"session":"74d43d0bd60b","build":"183.6156.11.34.5522156","bucket":"-1","time":1562602949832,"group":{"id":"settings","version":"9"},"event":{"data":{"created":1562602949866,"name":"showTabsTooltips","value":true},"id":"UISettings"}}
{"session":"74d43d0bd60b","build":"183.6156.11.34.5522156","bucket":"-1","time":1562602949832,"group":{"id":"settings","version":"9"},"event":{"data":{"created":1562602949866,"name":"showToolWindowsNumbers","value":true},"id":"UISettings"}}
{"session":"74d43d0bd60b","build":"183.6156.11.34.5522156","bucket":"-1","time":1562602949832,"group":{"id":"settings","version":"9"},"event":{"data":{"created":1562602949866,"name":"smoothScrolling","value":false},"id":"UISettings"}}
{"session":"74d43d0bd60b","build":"183.6156.11.34.5522156","bucket":"-1","time":1562602949832,"group":{"id":"settings","version":"9"},"event":{"data":{"created":1562602949867,"name":"sortBookmarks","value":false},"id":"UISettings"}}
{"session":"74d43d0bd60b","build":"183.6156.11.34.5522156","bucket":"-1","time":1562602949832,"group":{"id":"settings","version":"9"},"event":{"data":{"created":1562602949867,"name":"sortLookupElementsLexicographically","value":false},"id":"UISettings"}}
{"session":"74d43d0bd60b","build":"183.6156.11.34.5522156","bucket":"-1","time":1562602949832,"group":{"id":"settings","version":"9"},"event":{"data":{"created":1562602949867,"name":"useSmallLabelsOnTabs","value":true},"id":"UISettings"}}
{"session":"74d43d0bd60b","build":"183.6156.11.34.5522156","bucket":"-1","time":1562602949832,"group":{"id":"settings","version":"9"},"event":{"data":{"created":1562602949868,"name":"wideScreenSupport","value":false},"id":"UISettings"}}
{"session":"74d43d0bd60b","build":"183.6156.11.34.5522156","bucket":"-1","time":1562602950669,"group":{"id":"settings","version":"9"},"event":{"data":{"created":1562602950669,"name":"autoSaveIfInactive","value":false},"id":"GeneralSettings"}}
{"session":"74d43d0bd60b","build":"183.6156.11.34.5522156","bucket":"-1","time":1562602950669,"group":{"id":"settings","version":"9"},"event":{"data":{"created":1562602950669,"name":"confirmExit","value":true},"id":"GeneralSettings"}}
{"session":"74d43d0bd60b","build":"183.6156.11.34.5522156","bucket":"-1","time":1562602950669,"group":{"id":"settings","version":"9"},"event":{"data":{"created":1562602950670,"name":"reopenLastProject","value":true},"id":"GeneralSettings"}}
{"session":"74d43d0bd60b","build":"183.6156.11.34.5522156","bucket":"-1","time":1562602950669,"group":{"id":"settings","version":"9"},"event":{"data":{"created":1562602950670,"name":"saveOnFrameDeactivation","value":true},"id":"GeneralSettings"}}
{"session":"74d43d0bd60b","build":"183.6156.11.34.5522156","bucket":"-1","time":1562602950669,"group":{"id":"settings","version":"9"},"event":{"data":{"created":1562602950670,"name":"searchInBackground","value":false},"id":"GeneralSettings"}}
{"session":"74d43d0bd60b","build":"183.6156.11.34.5522156","bucket":"-1","time":1562602950669,"group":{"id":"settings","version":"9"},"event":{"data":{"created":1562602950671,"name":"showTipsOnStartup","value":true},"id":"GeneralSettings"}}
{"session":"74d43d0bd60b","build":"183.6156.11.34.5522156","bucket":"-1","time":1562602950669,"group":{"id":"settings","version":"9"},"event":{"data":{"created":1562602950671,"name":"showWelcomeScreen","value":true},"id":"GeneralSettings"}}
{"session":"74d43d0bd60b","build":"183.6156.11.34.5522156","bucket":"-1","time":1562602950669,"group":{"id":"settings","version":"9"},"event":{"data":{"created":1562602950671,"name":"supportScreenReaders","value":false},"id":"GeneralSettings"}}
{"session":"74d43d0bd60b","build":"183.6156.11.34.5522156","bucket":"-1","time":1562602950669,"group":{"id":"settings","version":"9"},"event":{"data":{"created":1562602950672,"name":"syncOnFrameActivation","value":true},"id":"GeneralSettings"}}
{"session":"74d43d0bd60b","build":"183.6156.11.34.5522156","bucket":"-1","time":1562602950669,"group":{"id":"settings","version":"9"},"event":{"data":{"created":1562602950672,"name":"useDefaultBrowser","value":true},"id":"GeneralSettings"}}
{"session":"74d43d0bd60b","build":"183.6156.11.34.5522156","bucket":"-1","time":1562602950669,"group":{"id":"settings","version":"9"},"event":{"data":{"created":1562602950672,"name":"useSafeWrite","value":true},"id":"GeneralSettings"}}
{"session":"74d43d0bd60b","build":"183.6156.11.34.5522156","bucket":"-1","time":1562602955328,"group":{"id":"ui.dialogs","version":"9"},"event":{"count":1,"data":{"created":1562602955328,"type":"show"},"id":"com.intellij.openapi.progress.util.ProgressDialog$MyDialogWrapper"}}
{"session":"74d43d0bd60b","build":"183.6156.11.34.5522156","bucket":"-1","time":1562602956715,"group":{"id":"ui.dialogs","version":"9"},"event":{"count":1,"data":{"code":1,"created":1562602956715,"type":"close"},"id":"com.intellij.openapi.progress.util.ProgressDialog$MyDialogWrapper"}}
{"session":"74d43d0bd60b","build":"183.6156.11.34.5522156","bucket":"-1","time":1562602956749,"group":{"id":"statistics.lifecycle.project","version":"9"},"event":{"count":1,"data":{"created":1562602956749,"project":"1286078175"},"id":"project.opened"}}
{"session":"74d43d0bd60b","build":"183.6156.11.34.5522156","bucket":"-1","time":1562602956751,"group":{"id":"lifecycle","version":"9"},"event":{"count":1,"data":{"created":1562602956751},"id":"project.opened"}}
{"session":"74d43d0bd60b","build":"183.6156.11.34.5522156","bucket":"-1","time":1562602958012,"group":{"id":"ui.dialogs","version":"9"},"event":{"count":1,"data":{"created":1562602958012,"type":"show"},"id":"com.intellij.openapi.progress.util.ProgressDialog$MyDialogWrapper"}}
{"session":"74d43d0bd60b","build":"183.6156.11.34.5522156","bucket":"-1","time":1562602963312,"group":{"id":"statistics.lifecycle.app","version":"9"},"event":{"count":1,"data":{"created":1562602963312},"id":"ide.start"}}
{"session":"74d43d0bd60b","build":"183.6156.11.34.5522156","bucket":"-1","time":1562602963312,"group":{"id":"lifecycle","version":"9"},"event":{"count":1,"data":{"created":1562602963313},"id":"app.started"}}
{"session":"74d43d0bd60b","build":"183.6156.11.34.5522156","bucket":"-1","time":1562602963557,"group":{"id":"toolwindow.v2","version":"9"},"event":{"count":1,"data":{"created":1562602963557,"data_1":"Mac"},"id":"Project_by_Activation"}}
{"session":"74d43d0bd60b","build":"183.6156.11.34.5522156","bucket":"-1","time":1562602964132,"group":{"id":"statistics.ui.tips","version":"9"},"event":{"count":1,"data":{"created":1562602964132},"id":"shown.automatically"}}
{"session":"74d43d0bd60b","build":"183.6156.11.34.5522156","bucket":"-1","time":1562602964173,"group":{"id":"ui.dialogs","version":"9"},"event":{"count":1,"data":{"created":1562602964173,"type":"show"},"id":"com.intellij.ide.util.TipDialog"}}
{"session":"74d43d0bd60b","build":"183.6156.11.34.5522156","bucket":"-1","time":1562602964794,"group":{"id":"ui.dialogs","version":"9"},"event":{"count":1,"data":{"code":1,"created":1562602964794,"type":"close"},"id":"com.intellij.openapi.progress.util.ProgressDialog$MyDialogWrapper"}}
{"session":"74d43d0bd60b","build":"183.6156.11.34.5522156","bucket":"-1","time":1562602964895,"group":{"id":"statistics.lifecycle.project","version":"9"},"event":{"count":1,"data":{"created":1562602964895,"project":"1286078175"},"id":"project.open.time.10"}}
{"session":"74d43d0bd60b","build":"183.6156.11.34.5522156","bucket":"-1","time":1562602964895,"group":{"id":"lifecycle","version":"9"},"event":{"count":1,"data":{"created":1562602964895,"time.ms":10069},"id":"project.opening.finished"}}
{"session":"74d43d0bd60b","build":"183.6156.11.34.5522156","bucket":"-1","time":1562602967293,"group":{"id":"ui.dialogs","version":"9"},"event":{"count":1,"data":{"code":1,"created":1562602967293,"type":"close"},"id":"com.intellij.ide.util.TipDialog"}}
{"session":"74d43d0bd60b","build":"183.6156.11.34.5522156","bucket":"-1","time":1562603019941,"group":{"id":"ui.dialogs","version":"9"},"event":{"count":1,"data":{"code":1,"created":1562603019941,"type":"close"},"id":"dialog.third.party.plugin"}}
{"session":"74d43d0bd60b","build":"183.6156.11.34.5522156","bucket":"-1","time":1562603027942,"group":{"id":"actions.v2","version":"9"},"event":{"count":1,"data":{"context_menu":true,"created":1562603027942,"data_1":"Mac"},"id":"third.party.plugin.action"}}
{"session":"74d43d0bd60b","build":"183.6156.11.34.5522156","bucket":"-1","time":1562603027991,"group":{"id":"ui.dialogs","version":"9"},"event":{"count":1,"data":{"created":1562603027991,"type":"show"},"id":"dialog.third.party.plugin"}}
{"session":"74d43d0bd60b","build":"183.6156.11.34.5522156","bucket":"-1","time":1562603029787,"group":{"id":"ui.dialogs","version":"9"},"event":{"count":1,"data":{"code":1,"created":1562603029787,"type":"close"},"id":"dialog.third.party.plugin"}}
{"session":"74d43d0bd60b","build":"183.6156.11.34.5522156","bucket":"-1","time":1562603036554,"group":{"id":"actions.v2","version":"9"},"event":{"count":1,"data":{"context_menu":true,"created":1562603036554,"data_1":"Mac"},"id":"third.party.plugin.action"}}
