{"session":"dba150681dc4","build":"183.6156.11.34.5522156","bucket":"-1","time":1562597123046,"group":{"id":"system.os.name","version":"9"},"event":{"data":{"created":1562597123047},"id":"Mac.OS.X"}}
{"session":"dba150681dc4","build":"183.6156.11.34.5522156","bucket":"-1","time":1562597123047,"group":{"id":"system.os.version","version":"9"},"event":{"data":{"created":1562597123055},"id":"10.14.4"}}
{"session":"dba150681dc4","build":"183.6156.11.34.5522156","bucket":"-1","time":1562597123047,"group":{"id":"system.jvm.vendor","version":"9"},"event":{"data":{"created":1562597123064},"id":"Oracle_Corporation"}}
{"session":"dba150681dc4","build":"183.6156.11.34.5522156","bucket":"-1","time":1562597123047,"group":{"id":"system.jvm.version","version":"9"},"event":{"data":{"created":1562597123066},"id":"1.8"}}
{"session":"dba150681dc4","build":"183.6156.11.34.5522156","bucket":"-1","time":1562597123058,"group":{"id":"settings","version":"9"},"event":{"data":{"created":1562597123066,"name":"activeMruEditorOnClose","value":false},"id":"UISettings"}}
{"session":"dba150681dc4","build":"183.6156.11.34.5522156","bucket":"-1","time":1562597123058,"group":{"id":"settings","version":"9"},"event":{"data":{"created":1562597123067,"name":"activeRightEditorOnClose","value":false},"id":"UISettings"}}
{"session":"dba150681dc4","build":"183.6156.11.34.5522156","bucket":"-1","time":1562597123058,"group":{"id":"settings","version":"9"},"event":{"data":{"created":1562597123068,"name":"allowMergeButtons","value":true},"id":"UISettings"}}
{"session":"dba150681dc4","build":"183.6156.11.34.5522156","bucket":"-1","time":1562597123058,"group":{"id":"settings","version":"9"},"event":{"data":{"created":1562597123069,"name":"alwaysShowWindowsButton","value":false},"id":"UISettings"}}
{"session":"dba150681dc4","build":"183.6156.11.34.5522156","bucket":"-1","time":1562597123058,"group":{"id":"settings","version":"9"},"event":{"data":{"created":1562597123070,"name":"animateWindows","value":true},"id":"UISettings"}}
{"session":"dba150681dc4","build":"183.6156.11.34.5522156","bucket":"-1","time":1562597123058,"group":{"id":"settings","version":"9"},"event":{"data":{"created":1562597123070,"name":"closeNonModifiedFilesFirst","value":false},"id":"UISettings"}}
{"session":"dba150681dc4","build":"183.6156.11.34.5522156","bucket":"-1","time":1562597123058,"group":{"id":"settings","version":"9"},"event":{"data":{"created":1562597123071,"name":"closeTabButtonOnTheRight","value":true},"id":"UISettings"}}
{"session":"dba150681dc4","build":"183.6156.11.34.5522156","bucket":"-1","time":1562597123058,"group":{"id":"settings","version":"9"},"event":{"data":{"created":1562597123072,"name":"cycleScrolling","value":true},"id":"UISettings"}}
{"session":"dba150681dc4","build":"183.6156.11.34.5522156","bucket":"-1","time":1562597123058,"group":{"id":"settings","version":"9"},"event":{"data":{"created":1562597123072,"name":"defaultAutoScrollToSource","value":false},"id":"UISettings"}}
{"session":"dba150681dc4","build":"183.6156.11.34.5522156","bucket":"-1","time":1562597123058,"group":{"id":"settings","version":"9"},"event":{"data":{"created":1562597123073,"name":"disableMnemonics","value":true},"id":"UISettings"}}
{"session":"dba150681dc4","build":"183.6156.11.34.5522156","bucket":"-1","time":1562597123058,"group":{"id":"settings","version":"9"},"event":{"data":{"created":1562597123074,"name":"disableMnemonicsInControls","value":false},"id":"UISettings"}}
{"session":"dba150681dc4","build":"183.6156.11.34.5522156","bucket":"-1","time":1562597123058,"group":{"id":"settings","version":"9"},"event":{"data":{"created":1562597123074,"name":"dndWithPressedAltOnly","value":false},"id":"UISettings"}}
{"session":"dba150681dc4","build":"183.6156.11.34.5522156","bucket":"-1","time":1562597123058,"group":{"id":"settings","version":"9"},"event":{"data":{"created":1562597123075,"name":"enableAlphaMode","value":false},"id":"UISettings"}}
{"session":"dba150681dc4","build":"183.6156.11.34.5522156","bucket":"-1","time":1562597123058,"group":{"id":"settings","version":"9"},"event":{"data":{"created":1562597123076,"name":"hideKnownExtensionInTabs","value":false},"id":"UISettings"}}
{"session":"dba150681dc4","build":"183.6156.11.34.5522156","bucket":"-1","time":1562597123058,"group":{"id":"settings","version":"9"},"event":{"data":{"created":1562597123076,"name":"hideNavigationOnFocusLoss","value":true},"id":"UISettings"}}
{"session":"dba150681dc4","build":"183.6156.11.34.5522156","bucket":"-1","time":1562597123058,"group":{"id":"settings","version":"9"},"event":{"data":{"created":1562597123077,"name":"hideTabsIfNeed","value":true},"id":"UISettings"}}
{"session":"dba150681dc4","build":"183.6156.11.34.5522156","bucket":"-1","time":1562597123058,"group":{"id":"settings","version":"9"},"event":{"data":{"created":1562597123078,"name":"hideToolStripes","value":false},"id":"UISettings"}}
{"session":"dba150681dc4","build":"183.6156.11.34.5522156","bucket":"-1","time":1562597123058,"group":{"id":"settings","version":"9"},"event":{"data":{"created":1562597123078,"name":"languageFlags","value":false},"id":"UISettings"}}
{"session":"dba150681dc4","build":"183.6156.11.34.5522156","bucket":"-1","time":1562597123058,"group":{"id":"settings","version":"9"},"event":{"data":{"created":1562597123079,"name":"leftHorizontalSplit","value":false},"id":"UISettings"}}
{"session":"dba150681dc4","build":"183.6156.11.34.5522156","bucket":"-1","time":1562597123058,"group":{"id":"settings","version":"9"},"event":{"data":{"created":1562597123094,"name":"markModifiedTabsWithAsterisk","value":false},"id":"UISettings"}}
{"session":"dba150681dc4","build":"183.6156.11.34.5522156","bucket":"-1","time":1562597123058,"group":{"id":"settings","version":"9"},"event":{"data":{"created":1562597123095,"name":"mergeEqualStackTraces","value":true},"id":"UISettings"}}
{"session":"dba150681dc4","build":"183.6156.11.34.5522156","bucket":"-1","time":1562597123058,"group":{"id":"settings","version":"9"},"event":{"data":{"created":1562597123095,"name":"moveMouseOnDefaultButton","value":false},"id":"UISettings"}}
{"session":"dba150681dc4","build":"183.6156.11.34.5522156","bucket":"-1","time":1562597123058,"group":{"id":"settings","version":"9"},"event":{"data":{"created":1562597123096,"name":"navigateToPreview","value":false},"id":"UISettings"}}
{"session":"dba150681dc4","build":"183.6156.11.34.5522156","bucket":"-1","time":1562597123058,"group":{"id":"settings","version":"9"},"event":{"data":{"created":1562597123096,"name":"overrideConsoleCycleBufferSize","value":false},"id":"UISettings"}}
{"session":"dba150681dc4","build":"183.6156.11.34.5522156","bucket":"-1","time":1562597123058,"group":{"id":"settings","version":"9"},"event":{"data":{"created":1562597123097,"name":"overrideLafFonts","value":false},"id":"UISettings"}}
{"session":"dba150681dc4","build":"183.6156.11.34.5522156","bucket":"-1","time":1562597123059,"group":{"id":"settings","version":"9"},"event":{"data":{"created":1562597123097,"name":"pinFindInPath","value":false},"id":"UISettings"}}
{"session":"dba150681dc4","build":"183.6156.11.34.5522156","bucket":"-1","time":1562597123059,"group":{"id":"settings","version":"9"},"event":{"data":{"created":1562597123098,"name":"presentationMode","value":false},"id":"UISettings"}}
{"session":"dba150681dc4","build":"183.6156.11.34.5522156","bucket":"-1","time":1562597123059,"group":{"id":"settings","version":"9"},"event":{"data":{"created":1562597123098,"name":"reuseNotModifiedTabs","value":false},"id":"UISettings"}}
{"session":"dba150681dc4","build":"183.6156.11.34.5522156","bucket":"-1","time":1562597123059,"group":{"id":"settings","version":"9"},"event":{"data":{"created":1562597123099,"name":"rightHorizontalSplit","value":false},"id":"UISettings"}}
{"session":"dba150681dc4","build":"183.6156.11.34.5522156","bucket":"-1","time":1562597123059,"group":{"id":"settings","version":"9"},"event":{"data":{"created":1562597123099,"name":"scrollTabLayoutInEditor","value":true},"id":"UISettings"}}
{"session":"dba150681dc4","build":"183.6156.11.34.5522156","bucket":"-1","time":1562597123059,"group":{"id":"settings","version":"9"},"event":{"data":{"created":1562597123100,"name":"showCloseButton","value":true},"id":"UISettings"}}
{"session":"dba150681dc4","build":"183.6156.11.34.5522156","bucket":"-1","time":1562597123059,"group":{"id":"settings","version":"9"},"event":{"data":{"created":1562597123100,"name":"showDirectoryForNonUniqueFilenames","value":true},"id":"UISettings"}}
{"session":"dba150681dc4","build":"183.6156.11.34.5522156","bucket":"-1","time":1562597123059,"group":{"id":"settings","version":"9"},"event":{"data":{"created":1562597123101,"name":"showEditorToolTip","value":true},"id":"UISettings"}}
{"session":"dba150681dc4","build":"183.6156.11.34.5522156","bucket":"-1","time":1562597123059,"group":{"id":"settings","version":"9"},"event":{"data":{"created":1562597123101,"name":"showIconInQuickNavigation","value":true},"id":"UISettings"}}
{"session":"dba150681dc4","build":"183.6156.11.34.5522156","bucket":"-1","time":1562597123059,"group":{"id":"settings","version":"9"},"event":{"data":{"created":1562597123102,"name":"showIconsInMenus","value":true},"id":"UISettings"}}
{"session":"dba150681dc4","build":"183.6156.11.34.5522156","bucket":"-1","time":1562597123059,"group":{"id":"settings","version":"9"},"event":{"data":{"created":1562597123102,"name":"showMainToolbar","value":false},"id":"UISettings"}}
{"session":"dba150681dc4","build":"183.6156.11.34.5522156","bucket":"-1","time":1562597123059,"group":{"id":"settings","version":"9"},"event":{"data":{"created":1562597123103,"name":"showMemoryIndicator","value":false},"id":"UISettings"}}
{"session":"dba150681dc4","build":"183.6156.11.34.5522156","bucket":"-1","time":1562597123059,"group":{"id":"settings","version":"9"},"event":{"data":{"created":1562597123118,"name":"showNavigationBar","value":true},"id":"UISettings"}}
{"session":"dba150681dc4","build":"183.6156.11.34.5522156","bucket":"-1","time":1562597123059,"group":{"id":"settings","version":"9"},"event":{"data":{"created":1562597123145,"name":"showStatusBar","value":true},"id":"UISettings"}}
{"session":"dba150681dc4","build":"183.6156.11.34.5522156","bucket":"-1","time":1562597123059,"group":{"id":"settings","version":"9"},"event":{"data":{"created":1562597123145,"name":"showTabsTooltips","value":true},"id":"UISettings"}}
{"session":"dba150681dc4","build":"183.6156.11.34.5522156","bucket":"-1","time":1562597123059,"group":{"id":"settings","version":"9"},"event":{"data":{"created":1562597123145,"name":"showToolWindowsNumbers","value":true},"id":"UISettings"}}
{"session":"dba150681dc4","build":"183.6156.11.34.5522156","bucket":"-1","time":1562597123059,"group":{"id":"settings","version":"9"},"event":{"data":{"created":1562597123145,"name":"smoothScrolling","value":false},"id":"UISettings"}}
{"session":"dba150681dc4","build":"183.6156.11.34.5522156","bucket":"-1","time":1562597123059,"group":{"id":"settings","version":"9"},"event":{"data":{"created":1562597123146,"name":"sortBookmarks","value":false},"id":"UISettings"}}
{"session":"dba150681dc4","build":"183.6156.11.34.5522156","bucket":"-1","time":1562597123059,"group":{"id":"settings","version":"9"},"event":{"data":{"created":1562597123146,"name":"sortLookupElementsLexicographically","value":false},"id":"UISettings"}}
{"session":"dba150681dc4","build":"183.6156.11.34.5522156","bucket":"-1","time":1562597123059,"group":{"id":"settings","version":"9"},"event":{"data":{"created":1562597123147,"name":"useSmallLabelsOnTabs","value":true},"id":"UISettings"}}
{"session":"dba150681dc4","build":"183.6156.11.34.5522156","bucket":"-1","time":1562597123059,"group":{"id":"settings","version":"9"},"event":{"data":{"created":1562597123147,"name":"wideScreenSupport","value":false},"id":"UISettings"}}
{"session":"dba150681dc4","build":"183.6156.11.34.5522156","bucket":"-1","time":1562597124143,"group":{"id":"settings","version":"9"},"event":{"data":{"created":1562597124143,"name":"autoSaveIfInactive","value":false},"id":"GeneralSettings"}}
{"session":"dba150681dc4","build":"183.6156.11.34.5522156","bucket":"-1","time":1562597124143,"group":{"id":"settings","version":"9"},"event":{"data":{"created":1562597124144,"name":"confirmExit","value":true},"id":"GeneralSettings"}}
{"session":"dba150681dc4","build":"183.6156.11.34.5522156","bucket":"-1","time":1562597124143,"group":{"id":"settings","version":"9"},"event":{"data":{"created":1562597124144,"name":"reopenLastProject","value":true},"id":"GeneralSettings"}}
{"session":"dba150681dc4","build":"183.6156.11.34.5522156","bucket":"-1","time":1562597124143,"group":{"id":"settings","version":"9"},"event":{"data":{"created":1562597124144,"name":"saveOnFrameDeactivation","value":true},"id":"GeneralSettings"}}
{"session":"dba150681dc4","build":"183.6156.11.34.5522156","bucket":"-1","time":1562597124143,"group":{"id":"settings","version":"9"},"event":{"data":{"created":1562597124145,"name":"searchInBackground","value":false},"id":"GeneralSettings"}}
{"session":"dba150681dc4","build":"183.6156.11.34.5522156","bucket":"-1","time":1562597124143,"group":{"id":"settings","version":"9"},"event":{"data":{"created":1562597124145,"name":"showTipsOnStartup","value":true},"id":"GeneralSettings"}}
{"session":"dba150681dc4","build":"183.6156.11.34.5522156","bucket":"-1","time":1562597124143,"group":{"id":"settings","version":"9"},"event":{"data":{"created":1562597124146,"name":"showWelcomeScreen","value":true},"id":"GeneralSettings"}}
{"session":"dba150681dc4","build":"183.6156.11.34.5522156","bucket":"-1","time":1562597124143,"group":{"id":"settings","version":"9"},"event":{"data":{"created":1562597124146,"name":"supportScreenReaders","value":false},"id":"GeneralSettings"}}
{"session":"dba150681dc4","build":"183.6156.11.34.5522156","bucket":"-1","time":1562597124143,"group":{"id":"settings","version":"9"},"event":{"data":{"created":1562597124146,"name":"syncOnFrameActivation","value":true},"id":"GeneralSettings"}}
{"session":"dba150681dc4","build":"183.6156.11.34.5522156","bucket":"-1","time":1562597124143,"group":{"id":"settings","version":"9"},"event":{"data":{"created":1562597124146,"name":"useDefaultBrowser","value":true},"id":"GeneralSettings"}}
{"session":"dba150681dc4","build":"183.6156.11.34.5522156","bucket":"-1","time":1562597124143,"group":{"id":"settings","version":"9"},"event":{"data":{"created":1562597124147,"name":"useSafeWrite","value":true},"id":"GeneralSettings"}}
{"session":"dba150681dc4","build":"183.6156.11.34.5522156","bucket":"-1","time":1562597129774,"group":{"id":"ui.dialogs","version":"9"},"event":{"count":1,"data":{"created":1562597129774,"type":"show"},"id":"com.intellij.openapi.progress.util.ProgressDialog$MyDialogWrapper"}}
{"session":"dba150681dc4","build":"183.6156.11.34.5522156","bucket":"-1","time":1562597131563,"group":{"id":"ui.dialogs","version":"9"},"event":{"count":1,"data":{"code":1,"created":1562597131563,"type":"close"},"id":"com.intellij.openapi.progress.util.ProgressDialog$MyDialogWrapper"}}
{"session":"dba150681dc4","build":"183.6156.11.34.5522156","bucket":"-1","time":1562597131607,"group":{"id":"statistics.lifecycle.project","version":"9"},"event":{"count":1,"data":{"created":1562597131607,"project":"1286078175"},"id":"project.opened"}}
{"session":"dba150681dc4","build":"183.6156.11.34.5522156","bucket":"-1","time":1562597131609,"group":{"id":"lifecycle","version":"9"},"event":{"count":1,"data":{"created":1562597131609},"id":"project.opened"}}
{"session":"dba150681dc4","build":"183.6156.11.34.5522156","bucket":"-1","time":1562597133428,"group":{"id":"ui.dialogs","version":"9"},"event":{"count":1,"data":{"created":1562597133428,"type":"show"},"id":"com.intellij.openapi.progress.util.ProgressDialog$MyDialogWrapper"}}
{"session":"dba150681dc4","build":"183.6156.11.34.5522156","bucket":"-1","time":1562597140605,"group":{"id":"statistics.file.types.open","version":"9"},"event":{"count":3,"data":{"last":1562597141809,"created":1562597140605,"project":"1286078175"},"id":"JAVA"}}
{"session":"dba150681dc4","build":"183.6156.11.34.5522156","bucket":"-1","time":1562597142257,"group":{"id":"statistics.file.types.open","version":"9"},"event":{"count":2,"data":{"last":1562597142402,"created":1562597142257,"project":"1286078175"},"id":"Groovy"}}
{"session":"dba150681dc4","build":"183.6156.11.34.5522156","bucket":"-1","time":1562597142499,"group":{"id":"statistics.lifecycle.app","version":"9"},"event":{"count":1,"data":{"created":1562597142499},"id":"ide.start"}}
{"session":"dba150681dc4","build":"183.6156.11.34.5522156","bucket":"-1","time":1562597142499,"group":{"id":"lifecycle","version":"9"},"event":{"count":1,"data":{"created":1562597142500},"id":"app.started"}}
{"session":"dba150681dc4","build":"183.6156.11.34.5522156","bucket":"-1","time":1562597142677,"group":{"id":"toolwindow.v2","version":"9"},"event":{"count":1,"data":{"created":1562597142677,"data_1":"Mac"},"id":"Project_by_Activation"}}
{"session":"dba150681dc4","build":"183.6156.11.34.5522156","bucket":"-1","time":1562597143234,"group":{"id":"statistics.ui.tips","version":"9"},"event":{"count":1,"data":{"created":1562597143235},"id":"shown.automatically"}}
{"session":"dba150681dc4","build":"183.6156.11.34.5522156","bucket":"-1","time":1562597143334,"group":{"id":"ui.dialogs","version":"9"},"event":{"count":1,"data":{"created":1562597143334,"type":"show"},"id":"com.intellij.ide.util.TipDialog"}}
{"session":"dba150681dc4","build":"183.6156.11.34.5522156","bucket":"-1","time":1562597143448,"group":{"id":"ui.dialogs","version":"9"},"event":{"count":1,"data":{"created":1562597143448,"type":"show"},"id":"dialog.third.party.plugin"}}
