{"session":"3005cff28ce7","build":"183.6156.11.34.5522156","bucket":"-1","time":1562593883116,"group":{"id":"system.os.name","version":"9"},"event":{"data":{"created":1562593883117},"id":"Mac.OS.X"}}
{"session":"3005cff28ce7","build":"183.6156.11.34.5522156","bucket":"-1","time":1562593883117,"group":{"id":"system.os.version","version":"9"},"event":{"data":{"created":1562593883125},"id":"10.14.4"}}
{"session":"3005cff28ce7","build":"183.6156.11.34.5522156","bucket":"-1","time":1562593883117,"group":{"id":"system.jvm.vendor","version":"9"},"event":{"data":{"created":1562593883136},"id":"Oracle_Corporation"}}
{"session":"3005cff28ce7","build":"183.6156.11.34.5522156","bucket":"-1","time":1562593883117,"group":{"id":"system.jvm.version","version":"9"},"event":{"data":{"created":1562593883137},"id":"1.8"}}
{"session":"3005cff28ce7","build":"183.6156.11.34.5522156","bucket":"-1","time":1562593883124,"group":{"id":"settings","version":"9"},"event":{"data":{"created":1562593883137,"name":"activeMruEditorOnClose","value":false},"id":"UISettings"}}
{"session":"3005cff28ce7","build":"183.6156.11.34.5522156","bucket":"-1","time":1562593883124,"group":{"id":"settings","version":"9"},"event":{"data":{"created":1562593883138,"name":"activeRightEditorOnClose","value":false},"id":"UISettings"}}
{"session":"3005cff28ce7","build":"183.6156.11.34.5522156","bucket":"-1","time":1562593883124,"group":{"id":"settings","version":"9"},"event":{"data":{"created":1562593883139,"name":"allowMergeButtons","value":true},"id":"UISettings"}}
{"session":"3005cff28ce7","build":"183.6156.11.34.5522156","bucket":"-1","time":1562593883124,"group":{"id":"settings","version":"9"},"event":{"data":{"created":1562593883140,"name":"alwaysShowWindowsButton","value":false},"id":"UISettings"}}
{"session":"3005cff28ce7","build":"183.6156.11.34.5522156","bucket":"-1","time":1562593883124,"group":{"id":"settings","version":"9"},"event":{"data":{"created":1562593883140,"name":"animateWindows","value":true},"id":"UISettings"}}
{"session":"3005cff28ce7","build":"183.6156.11.34.5522156","bucket":"-1","time":1562593883124,"group":{"id":"settings","version":"9"},"event":{"data":{"created":1562593883141,"name":"closeNonModifiedFilesFirst","value":false},"id":"UISettings"}}
{"session":"3005cff28ce7","build":"183.6156.11.34.5522156","bucket":"-1","time":1562593883124,"group":{"id":"settings","version":"9"},"event":{"data":{"created":1562593883141,"name":"closeTabButtonOnTheRight","value":true},"id":"UISettings"}}
{"session":"3005cff28ce7","build":"183.6156.11.34.5522156","bucket":"-1","time":1562593883124,"group":{"id":"settings","version":"9"},"event":{"data":{"created":1562593883142,"name":"cycleScrolling","value":true},"id":"UISettings"}}
{"session":"3005cff28ce7","build":"183.6156.11.34.5522156","bucket":"-1","time":1562593883124,"group":{"id":"settings","version":"9"},"event":{"data":{"created":1562593883142,"name":"defaultAutoScrollToSource","value":false},"id":"UISettings"}}
{"session":"3005cff28ce7","build":"183.6156.11.34.5522156","bucket":"-1","time":1562593883124,"group":{"id":"settings","version":"9"},"event":{"data":{"created":1562593883143,"name":"disableMnemonics","value":true},"id":"UISettings"}}
{"session":"3005cff28ce7","build":"183.6156.11.34.5522156","bucket":"-1","time":1562593883124,"group":{"id":"settings","version":"9"},"event":{"data":{"created":1562593883143,"name":"disableMnemonicsInControls","value":false},"id":"UISettings"}}
{"session":"3005cff28ce7","build":"183.6156.11.34.5522156","bucket":"-1","time":1562593883124,"group":{"id":"settings","version":"9"},"event":{"data":{"created":1562593883144,"name":"dndWithPressedAltOnly","value":false},"id":"UISettings"}}
{"session":"3005cff28ce7","build":"183.6156.11.34.5522156","bucket":"-1","time":1562593883124,"group":{"id":"settings","version":"9"},"event":{"data":{"created":1562593883144,"name":"enableAlphaMode","value":false},"id":"UISettings"}}
{"session":"3005cff28ce7","build":"183.6156.11.34.5522156","bucket":"-1","time":1562593883124,"group":{"id":"settings","version":"9"},"event":{"data":{"created":1562593883144,"name":"hideKnownExtensionInTabs","value":false},"id":"UISettings"}}
{"session":"3005cff28ce7","build":"183.6156.11.34.5522156","bucket":"-1","time":1562593883124,"group":{"id":"settings","version":"9"},"event":{"data":{"created":1562593883145,"name":"hideNavigationOnFocusLoss","value":true},"id":"UISettings"}}
{"session":"3005cff28ce7","build":"183.6156.11.34.5522156","bucket":"-1","time":1562593883124,"group":{"id":"settings","version":"9"},"event":{"data":{"created":1562593883145,"name":"hideTabsIfNeed","value":true},"id":"UISettings"}}
{"session":"3005cff28ce7","build":"183.6156.11.34.5522156","bucket":"-1","time":1562593883124,"group":{"id":"settings","version":"9"},"event":{"data":{"created":1562593883146,"name":"hideToolStripes","value":false},"id":"UISettings"}}
{"session":"3005cff28ce7","build":"183.6156.11.34.5522156","bucket":"-1","time":1562593883124,"group":{"id":"settings","version":"9"},"event":{"data":{"created":1562593883146,"name":"languageFlags","value":false},"id":"UISettings"}}
{"session":"3005cff28ce7","build":"183.6156.11.34.5522156","bucket":"-1","time":1562593883124,"group":{"id":"settings","version":"9"},"event":{"data":{"created":1562593883147,"name":"leftHorizontalSplit","value":false},"id":"UISettings"}}
{"session":"3005cff28ce7","build":"183.6156.11.34.5522156","bucket":"-1","time":1562593883124,"group":{"id":"settings","version":"9"},"event":{"data":{"created":1562593883147,"name":"markModifiedTabsWithAsterisk","value":false},"id":"UISettings"}}
{"session":"3005cff28ce7","build":"183.6156.11.34.5522156","bucket":"-1","time":1562593883124,"group":{"id":"settings","version":"9"},"event":{"data":{"created":1562593883148,"name":"mergeEqualStackTraces","value":true},"id":"UISettings"}}
{"session":"3005cff28ce7","build":"183.6156.11.34.5522156","bucket":"-1","time":1562593883124,"group":{"id":"settings","version":"9"},"event":{"data":{"created":1562593883148,"name":"moveMouseOnDefaultButton","value":false},"id":"UISettings"}}
{"session":"3005cff28ce7","build":"183.6156.11.34.5522156","bucket":"-1","time":1562593883124,"group":{"id":"settings","version":"9"},"event":{"data":{"created":1562593883149,"name":"navigateToPreview","value":false},"id":"UISettings"}}
{"session":"3005cff28ce7","build":"183.6156.11.34.5522156","bucket":"-1","time":1562593883124,"group":{"id":"settings","version":"9"},"event":{"data":{"created":1562593883150,"name":"overrideConsoleCycleBufferSize","value":false},"id":"UISettings"}}
{"session":"3005cff28ce7","build":"183.6156.11.34.5522156","bucket":"-1","time":1562593883124,"group":{"id":"settings","version":"9"},"event":{"data":{"created":1562593883150,"name":"overrideLafFonts","value":false},"id":"UISettings"}}
{"session":"3005cff28ce7","build":"183.6156.11.34.5522156","bucket":"-1","time":1562593883124,"group":{"id":"settings","version":"9"},"event":{"data":{"created":1562593883151,"name":"pinFindInPath","value":false},"id":"UISettings"}}
{"session":"3005cff28ce7","build":"183.6156.11.34.5522156","bucket":"-1","time":1562593883124,"group":{"id":"settings","version":"9"},"event":{"data":{"created":1562593883151,"name":"presentationMode","value":false},"id":"UISettings"}}
{"session":"3005cff28ce7","build":"183.6156.11.34.5522156","bucket":"-1","time":1562593883124,"group":{"id":"settings","version":"9"},"event":{"data":{"created":1562593883152,"name":"reuseNotModifiedTabs","value":false},"id":"UISettings"}}
{"session":"3005cff28ce7","build":"183.6156.11.34.5522156","bucket":"-1","time":1562593883124,"group":{"id":"settings","version":"9"},"event":{"data":{"created":1562593883152,"name":"rightHorizontalSplit","value":false},"id":"UISettings"}}
{"session":"3005cff28ce7","build":"183.6156.11.34.5522156","bucket":"-1","time":1562593883124,"group":{"id":"settings","version":"9"},"event":{"data":{"created":1562593883152,"name":"scrollTabLayoutInEditor","value":true},"id":"UISettings"}}
{"session":"3005cff28ce7","build":"183.6156.11.34.5522156","bucket":"-1","time":1562593883124,"group":{"id":"settings","version":"9"},"event":{"data":{"created":1562593883153,"name":"showCloseButton","value":true},"id":"UISettings"}}
{"session":"3005cff28ce7","build":"183.6156.11.34.5522156","bucket":"-1","time":1562593883124,"group":{"id":"settings","version":"9"},"event":{"data":{"created":1562593883153,"name":"showDirectoryForNonUniqueFilenames","value":true},"id":"UISettings"}}
{"session":"3005cff28ce7","build":"183.6156.11.34.5522156","bucket":"-1","time":1562593883124,"group":{"id":"settings","version":"9"},"event":{"data":{"created":1562593883154,"name":"showEditorToolTip","value":true},"id":"UISettings"}}
{"session":"3005cff28ce7","build":"183.6156.11.34.5522156","bucket":"-1","time":1562593883124,"group":{"id":"settings","version":"9"},"event":{"data":{"created":1562593883154,"name":"showIconInQuickNavigation","value":true},"id":"UISettings"}}
{"session":"3005cff28ce7","build":"183.6156.11.34.5522156","bucket":"-1","time":1562593883124,"group":{"id":"settings","version":"9"},"event":{"data":{"created":1562593883155,"name":"showIconsInMenus","value":true},"id":"UISettings"}}
{"session":"3005cff28ce7","build":"183.6156.11.34.5522156","bucket":"-1","time":1562593883124,"group":{"id":"settings","version":"9"},"event":{"data":{"created":1562593883155,"name":"showMainToolbar","value":false},"id":"UISettings"}}
{"session":"3005cff28ce7","build":"183.6156.11.34.5522156","bucket":"-1","time":1562593883124,"group":{"id":"settings","version":"9"},"event":{"data":{"created":1562593883155,"name":"showMemoryIndicator","value":false},"id":"UISettings"}}
{"session":"3005cff28ce7","build":"183.6156.11.34.5522156","bucket":"-1","time":1562593883124,"group":{"id":"settings","version":"9"},"event":{"data":{"created":1562593883156,"name":"showNavigationBar","value":true},"id":"UISettings"}}
{"session":"3005cff28ce7","build":"183.6156.11.34.5522156","bucket":"-1","time":1562593883124,"group":{"id":"settings","version":"9"},"event":{"data":{"created":1562593883156,"name":"showStatusBar","value":true},"id":"UISettings"}}
{"session":"3005cff28ce7","build":"183.6156.11.34.5522156","bucket":"-1","time":1562593883124,"group":{"id":"settings","version":"9"},"event":{"data":{"created":1562593883157,"name":"showTabsTooltips","value":true},"id":"UISettings"}}
{"session":"3005cff28ce7","build":"183.6156.11.34.5522156","bucket":"-1","time":1562593883125,"group":{"id":"settings","version":"9"},"event":{"data":{"created":1562593883157,"name":"showToolWindowsNumbers","value":true},"id":"UISettings"}}
{"session":"3005cff28ce7","build":"183.6156.11.34.5522156","bucket":"-1","time":1562593883125,"group":{"id":"settings","version":"9"},"event":{"data":{"created":1562593883157,"name":"smoothScrolling","value":false},"id":"UISettings"}}
{"session":"3005cff28ce7","build":"183.6156.11.34.5522156","bucket":"-1","time":1562593883125,"group":{"id":"settings","version":"9"},"event":{"data":{"created":1562593883158,"name":"sortBookmarks","value":false},"id":"UISettings"}}
{"session":"3005cff28ce7","build":"183.6156.11.34.5522156","bucket":"-1","time":1562593883125,"group":{"id":"settings","version":"9"},"event":{"data":{"created":1562593883158,"name":"sortLookupElementsLexicographically","value":false},"id":"UISettings"}}
{"session":"3005cff28ce7","build":"183.6156.11.34.5522156","bucket":"-1","time":1562593883125,"group":{"id":"settings","version":"9"},"event":{"data":{"created":1562593883158,"name":"useSmallLabelsOnTabs","value":true},"id":"UISettings"}}
{"session":"3005cff28ce7","build":"183.6156.11.34.5522156","bucket":"-1","time":1562593883125,"group":{"id":"settings","version":"9"},"event":{"data":{"created":1562593883159,"name":"wideScreenSupport","value":false},"id":"UISettings"}}
{"session":"3005cff28ce7","build":"183.6156.11.34.5522156","bucket":"-1","time":1562593883854,"group":{"id":"settings","version":"9"},"event":{"data":{"created":1562593883854,"name":"autoSaveIfInactive","value":false},"id":"GeneralSettings"}}
{"session":"3005cff28ce7","build":"183.6156.11.34.5522156","bucket":"-1","time":1562593883854,"group":{"id":"settings","version":"9"},"event":{"data":{"created":1562593883854,"name":"confirmExit","value":true},"id":"GeneralSettings"}}
{"session":"3005cff28ce7","build":"183.6156.11.34.5522156","bucket":"-1","time":1562593883854,"group":{"id":"settings","version":"9"},"event":{"data":{"created":1562593883854,"name":"reopenLastProject","value":true},"id":"GeneralSettings"}}
{"session":"3005cff28ce7","build":"183.6156.11.34.5522156","bucket":"-1","time":1562593883854,"group":{"id":"settings","version":"9"},"event":{"data":{"created":1562593883855,"name":"saveOnFrameDeactivation","value":true},"id":"GeneralSettings"}}
{"session":"3005cff28ce7","build":"183.6156.11.34.5522156","bucket":"-1","time":1562593883854,"group":{"id":"settings","version":"9"},"event":{"data":{"created":1562593883855,"name":"searchInBackground","value":false},"id":"GeneralSettings"}}
{"session":"3005cff28ce7","build":"183.6156.11.34.5522156","bucket":"-1","time":1562593883854,"group":{"id":"settings","version":"9"},"event":{"data":{"created":1562593883855,"name":"showTipsOnStartup","value":true},"id":"GeneralSettings"}}
{"session":"3005cff28ce7","build":"183.6156.11.34.5522156","bucket":"-1","time":1562593883854,"group":{"id":"settings","version":"9"},"event":{"data":{"created":1562593883856,"name":"showWelcomeScreen","value":true},"id":"GeneralSettings"}}
{"session":"3005cff28ce7","build":"183.6156.11.34.5522156","bucket":"-1","time":1562593883854,"group":{"id":"settings","version":"9"},"event":{"data":{"created":1562593883856,"name":"supportScreenReaders","value":false},"id":"GeneralSettings"}}
{"session":"3005cff28ce7","build":"183.6156.11.34.5522156","bucket":"-1","time":1562593883854,"group":{"id":"settings","version":"9"},"event":{"data":{"created":1562593883856,"name":"syncOnFrameActivation","value":true},"id":"GeneralSettings"}}
{"session":"3005cff28ce7","build":"183.6156.11.34.5522156","bucket":"-1","time":1562593883854,"group":{"id":"settings","version":"9"},"event":{"data":{"created":1562593883856,"name":"useDefaultBrowser","value":true},"id":"GeneralSettings"}}
{"session":"3005cff28ce7","build":"183.6156.11.34.5522156","bucket":"-1","time":1562593883854,"group":{"id":"settings","version":"9"},"event":{"data":{"created":1562593883857,"name":"useSafeWrite","value":true},"id":"GeneralSettings"}}
{"session":"3005cff28ce7","build":"183.6156.11.34.5522156","bucket":"-1","time":1562593887852,"group":{"id":"ui.dialogs","version":"9"},"event":{"count":1,"data":{"created":1562593887852,"type":"show"},"id":"com.intellij.openapi.progress.util.ProgressDialog$MyDialogWrapper"}}
{"session":"3005cff28ce7","build":"183.6156.11.34.5522156","bucket":"-1","time":1562593888955,"group":{"id":"ui.dialogs","version":"9"},"event":{"count":1,"data":{"code":1,"created":1562593888955,"type":"close"},"id":"com.intellij.openapi.progress.util.ProgressDialog$MyDialogWrapper"}}
{"session":"3005cff28ce7","build":"183.6156.11.34.5522156","bucket":"-1","time":1562593888986,"group":{"id":"statistics.lifecycle.project","version":"9"},"event":{"count":1,"data":{"created":1562593888986,"project":"1286078175"},"id":"project.opened"}}
{"session":"3005cff28ce7","build":"183.6156.11.34.5522156","bucket":"-1","time":1562593888987,"group":{"id":"lifecycle","version":"9"},"event":{"count":1,"data":{"created":1562593888987},"id":"project.opened"}}
{"session":"3005cff28ce7","build":"183.6156.11.34.5522156","bucket":"-1","time":1562593890136,"group":{"id":"ui.dialogs","version":"9"},"event":{"count":1,"data":{"created":1562593890136,"type":"show"},"id":"com.intellij.openapi.progress.util.ProgressDialog$MyDialogWrapper"}}
{"session":"3005cff28ce7","build":"183.6156.11.34.5522156","bucket":"-1","time":1562593895277,"group":{"id":"statistics.lifecycle.app","version":"9"},"event":{"count":1,"data":{"created":1562593895278},"id":"ide.start"}}
{"session":"3005cff28ce7","build":"183.6156.11.34.5522156","bucket":"-1","time":1562593895278,"group":{"id":"lifecycle","version":"9"},"event":{"count":1,"data":{"created":1562593895278},"id":"app.started"}}
{"session":"3005cff28ce7","build":"183.6156.11.34.5522156","bucket":"-1","time":1562593895344,"group":{"id":"toolwindow.v2","version":"9"},"event":{"count":1,"data":{"created":1562593895344,"data_1":"Mac"},"id":"Project_by_Activation"}}
{"session":"3005cff28ce7","build":"183.6156.11.34.5522156","bucket":"-1","time":1562593895976,"group":{"id":"statistics.ui.tips","version":"9"},"event":{"count":1,"data":{"created":1562593895976},"id":"shown.automatically"}}
{"session":"3005cff28ce7","build":"183.6156.11.34.5522156","bucket":"-1","time":1562593896038,"group":{"id":"ui.dialogs","version":"9"},"event":{"count":1,"data":{"created":1562593896038,"type":"show"},"id":"com.intellij.ide.util.TipDialog"}}
{"session":"3005cff28ce7","build":"183.6156.11.34.5522156","bucket":"-1","time":1562593896842,"group":{"id":"ui.dialogs","version":"9"},"event":{"count":1,"data":{"code":1,"created":1562593896842,"type":"close"},"id":"com.intellij.openapi.progress.util.ProgressDialog$MyDialogWrapper"}}
{"session":"3005cff28ce7","build":"183.6156.11.34.5522156","bucket":"-1","time":1562593897015,"group":{"id":"statistics.lifecycle.project","version":"9"},"event":{"count":1,"data":{"created":1562593897015,"project":"1286078175"},"id":"project.open.time.9"}}
{"session":"3005cff28ce7","build":"183.6156.11.34.5522156","bucket":"-1","time":1562593897015,"group":{"id":"lifecycle","version":"9"},"event":{"count":1,"data":{"created":1562593897015,"time.ms":9650},"id":"project.opening.finished"}}
{"session":"3005cff28ce7","build":"183.6156.11.34.5522156","bucket":"-1","time":1562593898016,"group":{"id":"ui.dialogs","version":"9"},"event":{"count":1,"data":{"code":1,"created":1562593898016,"type":"close"},"id":"com.intellij.ide.util.TipDialog"}}
{"session":"3005cff28ce7","build":"183.6156.11.34.5522156","bucket":"-1","time":1562593898847,"group":{"id":"ui.dialogs","version":"9"},"event":{"count":1,"data":{"created":1562593898847,"type":"show"},"id":"dialog.third.party.plugin"}}
{"session":"3005cff28ce7","build":"183.6156.11.34.5522156","bucket":"-1","time":1562593900973,"group":{"id":"ui.dialogs","version":"9"},"event":{"count":1,"data":{"code":1,"created":1562593900973,"type":"close"},"id":"dialog.third.party.plugin"}}
{"session":"3005cff28ce7","build":"183.6156.11.34.5522156","bucket":"-1","time":1562594609427,"group":{"id":"statistics.lifecycle.project","version":"9"},"event":{"count":1,"data":{"created":1562594609427,"project":"1286078175"},"id":"project.closed"}}
{"session":"3005cff28ce7","build":"183.6156.11.34.5522156","bucket":"-1","time":1562594609657,"group":{"id":"lifecycle","version":"9"},"event":{"count":1,"data":{"created":1562594609657},"id":"project.closed"}}
{"session":"3005cff28ce7","build":"183.6156.11.34.5522156","bucket":"-1","time":1562594611635,"group":{"id":"statistics.lifecycle.app","version":"9"},"event":{"count":1,"data":{"created":1562594611635},"id":"ide.close"}}
{"session":"3005cff28ce7","build":"183.6156.11.34.5522156","bucket":"-1","time":1562594611635,"group":{"id":"lifecycle","version":"9"},"event":{"count":1,"data":{"restart":false,"created":1562594611635},"id":"app.closed"}}
