{"session":"5ab7047793a0","build":"183.6156.11.34.5522156","bucket":"-1","time":1562595116450,"group":{"id":"system.os.name","version":"9"},"event":{"data":{"created":1562595116451},"id":"Mac.OS.X"}}
{"session":"5ab7047793a0","build":"183.6156.11.34.5522156","bucket":"-1","time":1562595116451,"group":{"id":"system.os.version","version":"9"},"event":{"data":{"created":1562595116459},"id":"10.14.4"}}
{"session":"5ab7047793a0","build":"183.6156.11.34.5522156","bucket":"-1","time":1562595116451,"group":{"id":"system.jvm.vendor","version":"9"},"event":{"data":{"created":1562595116469},"id":"Oracle_Corporation"}}
{"session":"5ab7047793a0","build":"183.6156.11.34.5522156","bucket":"-1","time":1562595116451,"group":{"id":"system.jvm.version","version":"9"},"event":{"data":{"created":1562595116470},"id":"1.8"}}
{"session":"5ab7047793a0","build":"183.6156.11.34.5522156","bucket":"-1","time":1562595116461,"group":{"id":"settings","version":"9"},"event":{"data":{"created":1562595116471,"name":"activeMruEditorOnClose","value":false},"id":"UISettings"}}
{"session":"5ab7047793a0","build":"183.6156.11.34.5522156","bucket":"-1","time":1562595116461,"group":{"id":"settings","version":"9"},"event":{"data":{"created":1562595116471,"name":"activeRightEditorOnClose","value":false},"id":"UISettings"}}
{"session":"5ab7047793a0","build":"183.6156.11.34.5522156","bucket":"-1","time":1562595116461,"group":{"id":"settings","version":"9"},"event":{"data":{"created":1562595116472,"name":"allowMergeButtons","value":true},"id":"UISettings"}}
{"session":"5ab7047793a0","build":"183.6156.11.34.5522156","bucket":"-1","time":1562595116461,"group":{"id":"settings","version":"9"},"event":{"data":{"created":1562595116473,"name":"alwaysShowWindowsButton","value":false},"id":"UISettings"}}
{"session":"5ab7047793a0","build":"183.6156.11.34.5522156","bucket":"-1","time":1562595116461,"group":{"id":"settings","version":"9"},"event":{"data":{"created":1562595116473,"name":"animateWindows","value":true},"id":"UISettings"}}
{"session":"5ab7047793a0","build":"183.6156.11.34.5522156","bucket":"-1","time":1562595116461,"group":{"id":"settings","version":"9"},"event":{"data":{"created":1562595116474,"name":"closeNonModifiedFilesFirst","value":false},"id":"UISettings"}}
{"session":"5ab7047793a0","build":"183.6156.11.34.5522156","bucket":"-1","time":1562595116461,"group":{"id":"settings","version":"9"},"event":{"data":{"created":1562595116475,"name":"closeTabButtonOnTheRight","value":true},"id":"UISettings"}}
{"session":"5ab7047793a0","build":"183.6156.11.34.5522156","bucket":"-1","time":1562595116461,"group":{"id":"settings","version":"9"},"event":{"data":{"created":1562595116475,"name":"cycleScrolling","value":true},"id":"UISettings"}}
{"session":"5ab7047793a0","build":"183.6156.11.34.5522156","bucket":"-1","time":1562595116461,"group":{"id":"settings","version":"9"},"event":{"data":{"created":1562595116476,"name":"defaultAutoScrollToSource","value":false},"id":"UISettings"}}
{"session":"5ab7047793a0","build":"183.6156.11.34.5522156","bucket":"-1","time":1562595116461,"group":{"id":"settings","version":"9"},"event":{"data":{"created":1562595116476,"name":"disableMnemonics","value":true},"id":"UISettings"}}
{"session":"5ab7047793a0","build":"183.6156.11.34.5522156","bucket":"-1","time":1562595116461,"group":{"id":"settings","version":"9"},"event":{"data":{"created":1562595116477,"name":"disableMnemonicsInControls","value":false},"id":"UISettings"}}
{"session":"5ab7047793a0","build":"183.6156.11.34.5522156","bucket":"-1","time":1562595116461,"group":{"id":"settings","version":"9"},"event":{"data":{"created":1562595116477,"name":"dndWithPressedAltOnly","value":false},"id":"UISettings"}}
{"session":"5ab7047793a0","build":"183.6156.11.34.5522156","bucket":"-1","time":1562595116461,"group":{"id":"settings","version":"9"},"event":{"data":{"created":1562595116478,"name":"enableAlphaMode","value":false},"id":"UISettings"}}
{"session":"5ab7047793a0","build":"183.6156.11.34.5522156","bucket":"-1","time":1562595116461,"group":{"id":"settings","version":"9"},"event":{"data":{"created":1562595116478,"name":"hideKnownExtensionInTabs","value":false},"id":"UISettings"}}
{"session":"5ab7047793a0","build":"183.6156.11.34.5522156","bucket":"-1","time":1562595116461,"group":{"id":"settings","version":"9"},"event":{"data":{"created":1562595116479,"name":"hideNavigationOnFocusLoss","value":true},"id":"UISettings"}}
{"session":"5ab7047793a0","build":"183.6156.11.34.5522156","bucket":"-1","time":1562595116461,"group":{"id":"settings","version":"9"},"event":{"data":{"created":1562595116480,"name":"hideTabsIfNeed","value":true},"id":"UISettings"}}
{"session":"5ab7047793a0","build":"183.6156.11.34.5522156","bucket":"-1","time":1562595116461,"group":{"id":"settings","version":"9"},"event":{"data":{"created":1562595116481,"name":"hideToolStripes","value":false},"id":"UISettings"}}
{"session":"5ab7047793a0","build":"183.6156.11.34.5522156","bucket":"-1","time":1562595116461,"group":{"id":"settings","version":"9"},"event":{"data":{"created":1562595116481,"name":"languageFlags","value":false},"id":"UISettings"}}
{"session":"5ab7047793a0","build":"183.6156.11.34.5522156","bucket":"-1","time":1562595116461,"group":{"id":"settings","version":"9"},"event":{"data":{"created":1562595116482,"name":"leftHorizontalSplit","value":false},"id":"UISettings"}}
{"session":"5ab7047793a0","build":"183.6156.11.34.5522156","bucket":"-1","time":1562595116461,"group":{"id":"settings","version":"9"},"event":{"data":{"created":1562595116482,"name":"markModifiedTabsWithAsterisk","value":false},"id":"UISettings"}}
{"session":"5ab7047793a0","build":"183.6156.11.34.5522156","bucket":"-1","time":1562595116461,"group":{"id":"settings","version":"9"},"event":{"data":{"created":1562595116483,"name":"mergeEqualStackTraces","value":true},"id":"UISettings"}}
{"session":"5ab7047793a0","build":"183.6156.11.34.5522156","bucket":"-1","time":1562595116461,"group":{"id":"settings","version":"9"},"event":{"data":{"created":1562595116484,"name":"moveMouseOnDefaultButton","value":false},"id":"UISettings"}}
{"session":"5ab7047793a0","build":"183.6156.11.34.5522156","bucket":"-1","time":1562595116461,"group":{"id":"settings","version":"9"},"event":{"data":{"created":1562595116484,"name":"navigateToPreview","value":false},"id":"UISettings"}}
{"session":"5ab7047793a0","build":"183.6156.11.34.5522156","bucket":"-1","time":1562595116461,"group":{"id":"settings","version":"9"},"event":{"data":{"created":1562595116485,"name":"overrideConsoleCycleBufferSize","value":false},"id":"UISettings"}}
{"session":"5ab7047793a0","build":"183.6156.11.34.5522156","bucket":"-1","time":1562595116461,"group":{"id":"settings","version":"9"},"event":{"data":{"created":1562595116485,"name":"overrideLafFonts","value":false},"id":"UISettings"}}
{"session":"5ab7047793a0","build":"183.6156.11.34.5522156","bucket":"-1","time":1562595116461,"group":{"id":"settings","version":"9"},"event":{"data":{"created":1562595116486,"name":"pinFindInPath","value":false},"id":"UISettings"}}
{"session":"5ab7047793a0","build":"183.6156.11.34.5522156","bucket":"-1","time":1562595116461,"group":{"id":"settings","version":"9"},"event":{"data":{"created":1562595116486,"name":"presentationMode","value":false},"id":"UISettings"}}
{"session":"5ab7047793a0","build":"183.6156.11.34.5522156","bucket":"-1","time":1562595116462,"group":{"id":"settings","version":"9"},"event":{"data":{"created":1562595116487,"name":"reuseNotModifiedTabs","value":false},"id":"UISettings"}}
{"session":"5ab7047793a0","build":"183.6156.11.34.5522156","bucket":"-1","time":1562595116462,"group":{"id":"settings","version":"9"},"event":{"data":{"created":1562595116488,"name":"rightHorizontalSplit","value":false},"id":"UISettings"}}
{"session":"5ab7047793a0","build":"183.6156.11.34.5522156","bucket":"-1","time":1562595116462,"group":{"id":"settings","version":"9"},"event":{"data":{"created":1562595116488,"name":"scrollTabLayoutInEditor","value":true},"id":"UISettings"}}
{"session":"5ab7047793a0","build":"183.6156.11.34.5522156","bucket":"-1","time":1562595116462,"group":{"id":"settings","version":"9"},"event":{"data":{"created":1562595116489,"name":"showCloseButton","value":true},"id":"UISettings"}}
{"session":"5ab7047793a0","build":"183.6156.11.34.5522156","bucket":"-1","time":1562595116462,"group":{"id":"settings","version":"9"},"event":{"data":{"created":1562595116489,"name":"showDirectoryForNonUniqueFilenames","value":true},"id":"UISettings"}}
{"session":"5ab7047793a0","build":"183.6156.11.34.5522156","bucket":"-1","time":1562595116462,"group":{"id":"settings","version":"9"},"event":{"data":{"created":1562595116490,"name":"showEditorToolTip","value":true},"id":"UISettings"}}
{"session":"5ab7047793a0","build":"183.6156.11.34.5522156","bucket":"-1","time":1562595116462,"group":{"id":"settings","version":"9"},"event":{"data":{"created":1562595116491,"name":"showIconInQuickNavigation","value":true},"id":"UISettings"}}
{"session":"5ab7047793a0","build":"183.6156.11.34.5522156","bucket":"-1","time":1562595116462,"group":{"id":"settings","version":"9"},"event":{"data":{"created":1562595116491,"name":"showIconsInMenus","value":true},"id":"UISettings"}}
{"session":"5ab7047793a0","build":"183.6156.11.34.5522156","bucket":"-1","time":1562595116462,"group":{"id":"settings","version":"9"},"event":{"data":{"created":1562595116492,"name":"showMainToolbar","value":false},"id":"UISettings"}}
{"session":"5ab7047793a0","build":"183.6156.11.34.5522156","bucket":"-1","time":1562595116462,"group":{"id":"settings","version":"9"},"event":{"data":{"created":1562595116492,"name":"showMemoryIndicator","value":false},"id":"UISettings"}}
{"session":"5ab7047793a0","build":"183.6156.11.34.5522156","bucket":"-1","time":1562595116462,"group":{"id":"settings","version":"9"},"event":{"data":{"created":1562595116493,"name":"showNavigationBar","value":true},"id":"UISettings"}}
{"session":"5ab7047793a0","build":"183.6156.11.34.5522156","bucket":"-1","time":1562595116462,"group":{"id":"settings","version":"9"},"event":{"data":{"created":1562595116493,"name":"showStatusBar","value":true},"id":"UISettings"}}
{"session":"5ab7047793a0","build":"183.6156.11.34.5522156","bucket":"-1","time":1562595116462,"group":{"id":"settings","version":"9"},"event":{"data":{"created":1562595116493,"name":"showTabsTooltips","value":true},"id":"UISettings"}}
{"session":"5ab7047793a0","build":"183.6156.11.34.5522156","bucket":"-1","time":1562595116462,"group":{"id":"settings","version":"9"},"event":{"data":{"created":1562595116494,"name":"showToolWindowsNumbers","value":true},"id":"UISettings"}}
{"session":"5ab7047793a0","build":"183.6156.11.34.5522156","bucket":"-1","time":1562595116462,"group":{"id":"settings","version":"9"},"event":{"data":{"created":1562595116494,"name":"smoothScrolling","value":false},"id":"UISettings"}}
{"session":"5ab7047793a0","build":"183.6156.11.34.5522156","bucket":"-1","time":1562595116462,"group":{"id":"settings","version":"9"},"event":{"data":{"created":1562595116495,"name":"sortBookmarks","value":false},"id":"UISettings"}}
{"session":"5ab7047793a0","build":"183.6156.11.34.5522156","bucket":"-1","time":1562595116462,"group":{"id":"settings","version":"9"},"event":{"data":{"created":1562595116495,"name":"sortLookupElementsLexicographically","value":false},"id":"UISettings"}}
{"session":"5ab7047793a0","build":"183.6156.11.34.5522156","bucket":"-1","time":1562595116462,"group":{"id":"settings","version":"9"},"event":{"data":{"created":1562595116495,"name":"useSmallLabelsOnTabs","value":true},"id":"UISettings"}}
{"session":"5ab7047793a0","build":"183.6156.11.34.5522156","bucket":"-1","time":1562595116462,"group":{"id":"settings","version":"9"},"event":{"data":{"created":1562595116496,"name":"wideScreenSupport","value":false},"id":"UISettings"}}
{"session":"5ab7047793a0","build":"183.6156.11.34.5522156","bucket":"-1","time":1562595117475,"group":{"id":"settings","version":"9"},"event":{"data":{"created":1562595117475,"name":"autoSaveIfInactive","value":false},"id":"GeneralSettings"}}
{"session":"5ab7047793a0","build":"183.6156.11.34.5522156","bucket":"-1","time":1562595117475,"group":{"id":"settings","version":"9"},"event":{"data":{"created":1562595117476,"name":"confirmExit","value":true},"id":"GeneralSettings"}}
{"session":"5ab7047793a0","build":"183.6156.11.34.5522156","bucket":"-1","time":1562595117475,"group":{"id":"settings","version":"9"},"event":{"data":{"created":1562595117476,"name":"reopenLastProject","value":true},"id":"GeneralSettings"}}
{"session":"5ab7047793a0","build":"183.6156.11.34.5522156","bucket":"-1","time":1562595117475,"group":{"id":"settings","version":"9"},"event":{"data":{"created":1562595117477,"name":"saveOnFrameDeactivation","value":true},"id":"GeneralSettings"}}
{"session":"5ab7047793a0","build":"183.6156.11.34.5522156","bucket":"-1","time":1562595117475,"group":{"id":"settings","version":"9"},"event":{"data":{"created":1562595117477,"name":"searchInBackground","value":false},"id":"GeneralSettings"}}
{"session":"5ab7047793a0","build":"183.6156.11.34.5522156","bucket":"-1","time":1562595117475,"group":{"id":"settings","version":"9"},"event":{"data":{"created":1562595117478,"name":"showTipsOnStartup","value":true},"id":"GeneralSettings"}}
{"session":"5ab7047793a0","build":"183.6156.11.34.5522156","bucket":"-1","time":1562595117475,"group":{"id":"settings","version":"9"},"event":{"data":{"created":1562595117478,"name":"showWelcomeScreen","value":true},"id":"GeneralSettings"}}
{"session":"5ab7047793a0","build":"183.6156.11.34.5522156","bucket":"-1","time":1562595117475,"group":{"id":"settings","version":"9"},"event":{"data":{"created":1562595117479,"name":"supportScreenReaders","value":false},"id":"GeneralSettings"}}
{"session":"5ab7047793a0","build":"183.6156.11.34.5522156","bucket":"-1","time":1562595117475,"group":{"id":"settings","version":"9"},"event":{"data":{"created":1562595117479,"name":"syncOnFrameActivation","value":true},"id":"GeneralSettings"}}
{"session":"5ab7047793a0","build":"183.6156.11.34.5522156","bucket":"-1","time":1562595117475,"group":{"id":"settings","version":"9"},"event":{"data":{"created":1562595117480,"name":"useDefaultBrowser","value":true},"id":"GeneralSettings"}}
{"session":"5ab7047793a0","build":"183.6156.11.34.5522156","bucket":"-1","time":1562595117475,"group":{"id":"settings","version":"9"},"event":{"data":{"created":1562595117480,"name":"useSafeWrite","value":true},"id":"GeneralSettings"}}
{"session":"5ab7047793a0","build":"183.6156.11.34.5522156","bucket":"-1","time":1562595122173,"group":{"id":"statistics.lifecycle.app","version":"9"},"event":{"count":1,"data":{"created":1562595122173},"id":"ide.start"}}
{"session":"5ab7047793a0","build":"183.6156.11.34.5522156","bucket":"-1","time":1562595122175,"group":{"id":"lifecycle","version":"9"},"event":{"count":1,"data":{"created":1562595122175},"id":"app.started"}}
{"session":"5ab7047793a0","build":"183.6156.11.34.5522156","bucket":"-1","time":1562595214135,"group":{"id":"ui.dialogs","version":"9"},"event":{"count":1,"data":{"created":1562595214136,"type":"show"},"id":"com.intellij.openapi.progress.util.ProgressDialog$MyDialogWrapper"}}
{"session":"5ab7047793a0","build":"183.6156.11.34.5522156","bucket":"-1","time":1562595215017,"group":{"id":"ui.dialogs","version":"9"},"event":{"count":1,"data":{"code":1,"created":1562595215017,"type":"close"},"id":"com.intellij.openapi.progress.util.ProgressDialog$MyDialogWrapper"}}
{"session":"5ab7047793a0","build":"183.6156.11.34.5522156","bucket":"-1","time":1562595215048,"group":{"id":"statistics.lifecycle.project","version":"9"},"event":{"count":1,"data":{"created":1562595215048,"project":"1286078175"},"id":"project.opened"}}
{"session":"5ab7047793a0","build":"183.6156.11.34.5522156","bucket":"-1","time":1562595215049,"group":{"id":"lifecycle","version":"9"},"event":{"count":1,"data":{"created":1562595215049},"id":"project.opened"}}
{"session":"5ab7047793a0","build":"183.6156.11.34.5522156","bucket":"-1","time":1562595216748,"group":{"id":"ui.dialogs","version":"9"},"event":{"count":1,"data":{"created":1562595216748,"type":"show"},"id":"com.intellij.openapi.progress.util.ProgressDialog$MyDialogWrapper"}}
{"session":"5ab7047793a0","build":"183.6156.11.34.5522156","bucket":"-1","time":1562595220841,"group":{"id":"statistics.file.types.open","version":"9"},"event":{"count":3,"data":{"last":1562595221718,"created":1562595220841,"project":"1286078175"},"id":"JAVA"}}
{"session":"5ab7047793a0","build":"183.6156.11.34.5522156","bucket":"-1","time":1562595222031,"group":{"id":"statistics.file.types.open","version":"9"},"event":{"count":2,"data":{"last":1562595222158,"created":1562595222031,"project":"1286078175"},"id":"Groovy"}}
{"session":"5ab7047793a0","build":"183.6156.11.34.5522156","bucket":"-1","time":1562595222319,"group":{"id":"toolwindow.v2","version":"9"},"event":{"count":1,"data":{"created":1562595222319,"data_1":"Mac"},"id":"Project_by_Activation"}}
{"session":"5ab7047793a0","build":"183.6156.11.34.5522156","bucket":"-1","time":1562595222834,"group":{"id":"statistics.ui.tips","version":"9"},"event":{"count":1,"data":{"created":1562595222834},"id":"shown.automatically"}}
{"session":"5ab7047793a0","build":"183.6156.11.34.5522156","bucket":"-1","time":1562595222863,"group":{"id":"ui.dialogs","version":"9"},"event":{"count":1,"data":{"created":1562595222863,"type":"show"},"id":"com.intellij.ide.util.TipDialog"}}
{"session":"5ab7047793a0","build":"183.6156.11.34.5522156","bucket":"-1","time":1562595223005,"group":{"id":"ui.dialogs","version":"9"},"event":{"count":1,"data":{"created":1562595223005,"type":"show"},"id":"dialog.third.party.plugin"}}
{"session":"5ab7047793a0","build":"183.6156.11.34.5522156","bucket":"-1","time":1562595223071,"group":{"id":"ui.dialogs","version":"9"},"event":{"count":1,"data":{"code":1,"created":1562595223072,"type":"close"},"id":"com.intellij.openapi.progress.util.ProgressDialog$MyDialogWrapper"}}
{"session":"5ab7047793a0","build":"183.6156.11.34.5522156","bucket":"-1","time":1562595234699,"group":{"id":"ui.dialogs","version":"9"},"event":{"count":1,"data":{"code":1,"created":1562595234699,"type":"close"},"id":"dialog.third.party.plugin"}}
{"session":"5ab7047793a0","build":"183.6156.11.34.5522156","bucket":"-1","time":1562595235010,"group":{"id":"statistics.lifecycle.project","version":"9"},"event":{"count":1,"data":{"created":1562595235011,"project":"1286078175"},"id":"project.open.time.21"}}
{"session":"5ab7047793a0","build":"183.6156.11.34.5522156","bucket":"-1","time":1562595235011,"group":{"id":"lifecycle","version":"9"},"event":{"count":1,"data":{"created":1562595235011,"time.ms":21299},"id":"project.opening.finished"}}
{"session":"5ab7047793a0","build":"183.6156.11.34.5522156","bucket":"-1","time":1562595236512,"group":{"id":"ui.dialogs","version":"9"},"event":{"count":1,"data":{"code":1,"created":1562595236512,"type":"close"},"id":"com.intellij.ide.util.TipDialog"}}
{"session":"5ab7047793a0","build":"183.6156.11.34.5522156","bucket":"-1","time":1562595288694,"group":{"id":"actions.v2","version":"9"},"event":{"count":1,"data":{"context_menu":true,"created":1562595288694,"data_1":"Mac"},"id":"third.party.plugin.action"}}
{"session":"5ab7047793a0","build":"183.6156.11.34.5522156","bucket":"-1","time":1562595289025,"group":{"id":"ui.dialogs","version":"9"},"event":{"count":1,"data":{"created":1562595289025,"type":"show"},"id":"dialog.third.party.plugin"}}
{"session":"5ab7047793a0","build":"183.6156.11.34.5522156","bucket":"-1","time":1562595291276,"group":{"id":"ui.dialogs","version":"9"},"event":{"count":1,"data":{"code":1,"created":1562595291276,"type":"close"},"id":"dialog.third.party.plugin"}}
{"session":"5ab7047793a0","build":"183.6156.11.34.5522156","bucket":"-1","time":1562595334042,"group":{"id":"ui.dialogs","version":"9"},"event":{"count":1,"data":{"created":1562595334042,"type":"show"},"id":"com.intellij.openapi.options.newEditor.SettingsDialog"}}
{"session":"5ab7047793a0","build":"183.6156.11.34.5522156","bucket":"-1","time":1562595338237,"group":{"id":"ui.dialogs","version":"9"},"event":{"count":1,"data":{"code":1,"created":1562595338237,"type":"close"},"id":"com.intellij.openapi.options.newEditor.SettingsDialog"}}
{"session":"5ab7047793a0","build":"183.6156.11.34.5522156","bucket":"-1","time":1562595426081,"group":{"id":"ui.dialogs","version":"9"},"event":{"count":1,"data":{"created":1562595426081,"type":"show"},"id":"com.intellij.openapi.options.newEditor.SettingsDialog"}}
{"session":"5ab7047793a0","build":"183.6156.11.34.5522156","bucket":"-1","time":1562595499920,"group":{"id":"ui.dialogs","version":"9"},"event":{"count":1,"data":{"code":0,"created":1562595499920,"type":"close"},"id":"com.intellij.openapi.options.newEditor.SettingsDialog"}}
{"session":"5ab7047793a0","build":"183.6156.11.34.5522156","bucket":"-1","time":1562595504342,"group":{"id":"actions.v2","version":"9"},"event":{"count":1,"data":{"context_menu":true,"created":1562595504342,"data_1":"Mac"},"id":"third.party.plugin.action"}}
{"session":"5ab7047793a0","build":"183.6156.11.34.5522156","bucket":"-1","time":1562595504354,"group":{"id":"ui.dialogs","version":"9"},"event":{"count":1,"data":{"created":1562595504354,"type":"show"},"id":"dialog.third.party.plugin"}}
{"session":"5ab7047793a0","build":"183.6156.11.34.5522156","bucket":"-1","time":1562595507968,"group":{"id":"statistics.lifecycle.app","version":"9"},"event":{"count":25,"data":{"last":1562595537161,"created":1562595507968,"data_2":"mappingFailed:false","data_1":"OOM:false","data_3":"pluginId:unknown"},"id":"ide.error"}}
{"session":"5ab7047793a0","build":"183.6156.11.34.5522156","bucket":"-1","time":1562595680500,"group":{"id":"statistics.lifecycle.app","version":"9"},"event":{"count":1,"data":{"created":1562595680500,"data_2":"mappingFailed:false","data_1":"OOM:false","data_3":"pluginId:unknown"},"id":"ide.error"}}
{"session":"5ab7047793a0","build":"183.6156.11.34.5522156","bucket":"-1","time":1562595681505,"group":{"id":"statistics.lifecycle.app","version":"9"},"event":{"count":1,"data":{"created":1562595681505,"data_2":"60+","data_1":"timeSecondsGrouped"},"id":"ide.freeze"}}
{"session":"5ab7047793a0","build":"183.6156.11.34.5522156","bucket":"-1","time":1562595681505,"group":{"id":"lifecycle","version":"9"},"event":{"count":1,"data":{"durationSeconds":105,"created":1562595681505},"id":"ide.freeze"}}
{"session":"5ab7047793a0","build":"183.6156.11.34.5522156","bucket":"-1","time":1562595685217,"group":{"id":"ui.dialogs","version":"9"},"event":{"count":1,"data":{"code":1,"created":1562595685217,"type":"close"},"id":"dialog.third.party.plugin"}}
{"session":"5ab7047793a0","build":"183.6156.11.34.5522156","bucket":"-1","time":1562595691954,"group":{"id":"statistics.file.types.open","version":"9"},"event":{"count":2,"data":{"last":1562595692884,"created":1562595691954,"project":"1286078175"},"id":"JAVA"}}
{"session":"5ab7047793a0","build":"183.6156.11.34.5522156","bucket":"-1","time":1562595720040,"group":{"id":"statistics.file.types.edit","version":"9"},"event":{"count":1,"data":{"created":1562595720040,"project":"1286078175"},"id":"JAVA"}}
{"session":"5ab7047793a0","build":"183.6156.11.34.5522156","bucket":"-1","time":1562595881291,"group":{"id":"statistics.file.types.edit","version":"9"},"event":{"count":1,"data":{"created":1562595881291,"project":"1286078175"},"id":"JAVA"}}
{"session":"5ab7047793a0","build":"183.6156.11.34.5522156","bucket":"-1","time":1562595882201,"group":{"id":"actions.v2","version":"9"},"event":{"count":2,"data":{"context_menu":false,"last":1562595882345,"created":1562595882201,"data_1":"Mac","input_event":"Left"},"id":"EditorLeft"}}
{"session":"5ab7047793a0","build":"183.6156.11.34.5522156","bucket":"-1","time":1562595882606,"group":{"id":"actions.v2","version":"9"},"event":{"count":1,"data":{"context_menu":false,"created":1562595882606,"data_1":"Mac","input_event":"Enter"},"id":"EditorEnter"}}
{"session":"5ab7047793a0","build":"183.6156.11.34.5522156","bucket":"-1","time":1562595882938,"group":{"id":"actions.v2","version":"9"},"event":{"count":1,"data":{"context_menu":false,"created":1562595882938,"data_1":"Mac","input_event":"Right"},"id":"EditorRight"}}
{"session":"5ab7047793a0","build":"183.6156.11.34.5522156","bucket":"-1","time":1562595883234,"group":{"id":"actions.v2","version":"9"},"event":{"count":1,"data":{"context_menu":false,"created":1562595883234,"data_1":"Mac","input_event":"Enter"},"id":"EditorEnter"}}
{"session":"5ab7047793a0","build":"183.6156.11.34.5522156","bucket":"-1","time":1562595884190,"group":{"id":"actions.v2","version":"9"},"event":{"count":1,"data":{"context_menu":false,"created":1562595884190,"data_1":"Mac","input_event":"Meta+S"},"id":"SaveAll"}}
{"session":"5ab7047793a0","build":"183.6156.11.34.5522156","bucket":"-1","time":1562596060242,"group":{"id":"actions.v2","version":"9"},"event":{"count":1,"data":{"context_menu":false,"created":1562596060242,"data_1":"Mac"},"id":"Debug"}}
{"session":"5ab7047793a0","build":"183.6156.11.34.5522156","bucket":"-1","time":1562596060270,"group":{"id":"statistics.ui.toolbar.clicks","version":"9"},"event":{"count":1,"data":{"created":1562596060271,"data_1":"Mac"},"id":"Debug@NavBarToolbar"}}
{"session":"5ab7047793a0","build":"183.6156.11.34.5522156","bucket":"-1","time":1562596060368,"group":{"id":"ui.dialogs","version":"9"},"event":{"count":1,"data":{"created":1562596060368,"type":"show"},"id":"dialog.third.party.plugin"}}
{"session":"5ab7047793a0","build":"183.6156.11.34.5522156","bucket":"-1","time":1562596064186,"group":{"id":"ui.dialogs","version":"9"},"event":{"count":1,"data":{"code":1,"created":1562596064186,"type":"close"},"id":"dialog.third.party.plugin"}}
{"session":"5ab7047793a0","build":"183.6156.11.34.5522156","bucket":"-1","time":1562596064415,"group":{"id":"toolwindow.v2","version":"9"},"event":{"count":1,"data":{"created":1562596064415,"data_1":"Mac"},"id":"Build_by_Activation"}}
{"session":"5ab7047793a0","build":"183.6156.11.34.5522156","bucket":"-1","time":1562596065784,"group":{"id":"toolwindow.v2","version":"9"},"event":{"count":1,"data":{"created":1562596065784,"data_1":"Mac"},"id":"Project_by_Activation"}}
{"session":"5ab7047793a0","build":"183.6156.11.34.5522156","bucket":"-1","time":1562596068914,"group":{"id":"actions.v2","version":"9"},"event":{"count":1,"data":{"context_menu":true,"created":1562596068914,"data_1":"Mac"},"id":"third.party.plugin.action"}}
{"session":"5ab7047793a0","build":"183.6156.11.34.5522156","bucket":"-1","time":1562596068937,"group":{"id":"ui.dialogs","version":"9"},"event":{"count":1,"data":{"created":1562596068937,"type":"show"},"id":"dialog.third.party.plugin"}}
{"session":"5ab7047793a0","build":"183.6156.11.34.5522156","bucket":"-1","time":1562596144606,"group":{"id":"statistics.lifecycle.app","version":"9"},"event":{"count":1,"data":{"created":1562596144606,"data_2":"mappingFailed:false","data_1":"OOM:false","data_3":"pluginId:unknown"},"id":"ide.error"}}
{"session":"5ab7047793a0","build":"183.6156.11.34.5522156","bucket":"-1","time":1562596145553,"group":{"id":"statistics.lifecycle.app","version":"9"},"event":{"count":1,"data":{"created":1562596145553,"data_2":"60+","data_1":"timeSecondsGrouped"},"id":"ide.freeze"}}
{"session":"5ab7047793a0","build":"183.6156.11.34.5522156","bucket":"-1","time":1562596145553,"group":{"id":"lifecycle","version":"9"},"event":{"count":1,"data":{"durationSeconds":74,"created":1562596145553},"id":"ide.freeze"}}
{"session":"5ab7047793a0","build":"183.6156.11.34.5522156","bucket":"-1","time":1562596148109,"group":{"id":"ui.dialogs","version":"9"},"event":{"count":1,"data":{"code":1,"created":1562596148109,"type":"close"},"id":"dialog.third.party.plugin"}}
{"session":"5ab7047793a0","build":"183.6156.11.34.5522156","bucket":"-1","time":1562596152105,"group":{"id":"statistics.file.types.open","version":"9"},"event":{"count":1,"data":{"created":1562596152105,"project":"1286078175"},"id":"JAVA"}}
{"session":"5ab7047793a0","build":"183.6156.11.34.5522156","bucket":"-1","time":1562596157231,"group":{"id":"actions.v2","version":"9"},"event":{"count":1,"data":{"context_menu":true,"created":1562596157231,"data_1":"Mac"},"id":"third.party.plugin.action"}}
{"session":"5ab7047793a0","build":"183.6156.11.34.5522156","bucket":"-1","time":1562596157265,"group":{"id":"ui.dialogs","version":"9"},"event":{"count":1,"data":{"created":1562596157265,"type":"show"},"id":"dialog.third.party.plugin"}}
{"session":"5ab7047793a0","build":"183.6156.11.34.5522156","bucket":"-1","time":1562596162457,"group":{"id":"ui.dialogs","version":"9"},"event":{"count":1,"data":{"code":1,"created":1562596162457,"type":"close"},"id":"dialog.third.party.plugin"}}
{"session":"5ab7047793a0","build":"183.6156.11.34.5522156","bucket":"-1","time":1562596165435,"group":{"id":"actions.v2","version":"9"},"event":{"count":1,"data":{"context_menu":true,"created":1562596165435,"data_1":"Mac"},"id":"third.party.plugin.action"}}
{"session":"5ab7047793a0","build":"183.6156.11.34.5522156","bucket":"-1","time":1562596165453,"group":{"id":"ui.dialogs","version":"9"},"event":{"count":1,"data":{"created":1562596165453,"type":"show"},"id":"dialog.third.party.plugin"}}
{"session":"5ab7047793a0","build":"183.6156.11.34.5522156","bucket":"-1","time":1562596239602,"group":{"id":"statistics.lifecycle.app","version":"9"},"event":{"count":1,"data":{"created":1562596239602,"data_2":"mappingFailed:false","data_1":"OOM:false","data_3":"pluginId:unknown"},"id":"ide.error"}}
{"session":"5ab7047793a0","build":"183.6156.11.34.5522156","bucket":"-1","time":1562596240561,"group":{"id":"statistics.lifecycle.app","version":"9"},"event":{"count":1,"data":{"created":1562596240561,"data_2":"60+","data_1":"timeSecondsGrouped"},"id":"ide.freeze"}}
